#
# A fatal error has been detected by the Java Runtime Environment:
#
#  EXCEPTION_ACCESS_VIOLATION (0xc0000005) at pc=0x00007ffd56a9a348, pid=8332, tid=14008
#
# JRE version: OpenJDK Runtime Environment (21.0.2+13) (build 21.0.2+13-58)
# Java VM: OpenJDK 64-Bit Server VM (21.0.2+13-58, mixed mode, sharing, tiered, compressed oops, compressed class ptrs, g1 gc, windows-amd64)
# Problematic frame:
# C  [PortableDeviceApi.dll+0x2a348]
#
# No core dump will be written. Minidumps are not enabled by default on client versions of Windows
#
# If you would like to submit a bug report, please visit:
#   https://bugreport.java.com/bugreport/crash.jsp
# The crash happened outside the Java Virtual Machine in native code.
# See problematic frame for where to report the bug.
#

---------------  S U M M A R Y ------------

Command Line: -agentlib:jdwp=transport=dt_socket,address=127.0.0.1:50876,suspend=y,server=n -javaagent:C:\Users\koenl\AppData\Local\JetBrains\IntelliJIdea2024.1\captureAgent\debugger-agent.jar -Dfile.encoding=UTF-8 -Dsun.stdout.encoding=UTF-8 -Dsun.stderr.encoding=UTF-8 nl.bytesoflife.Inspector.CanonDriver

Host: AMD Ryzen 7 5800H with Radeon Graphics         , 16 cores, 13G,  Windows 11 , 64 bit Build 22621 (10.0.22621.3527)
Time: Wed May 22 13:37:08 2024 W. Europe Daylight Time elapsed time: 18.238242 seconds (0d 0h 0m 18s)

---------------  T H R E A D  ---------------

Current thread (0x000001542a927c60):  JavaThread "main"             [_thread_in_native, id=14008, stack(0x0000001433100000,0x0000001433200000) (1024K)]

Stack: [0x0000001433100000,0x0000001433200000],  sp=0x00000014331fec80,  free space=1019k
Native frames: (J=compiled Java code, j=interpreted, Vv=VM code, C=native code)
C  [PortableDeviceApi.dll+0x2a348]

Java frames: (J=compiled Java code, j=interpreted, Vv=VM code)
j  nl.bytesoflife.Inspector.CanonDriver.openSession(J)J+0
j  nl.bytesoflife.Inspector.CanonDriver.main([Ljava/lang/String;)V+39
v  ~StubRoutines::call_stub 0x000001543c51100d

siginfo: EXCEPTION_ACCESS_VIOLATION (0xc0000005), reading address 0x0000000000000050


Registers:
RAX=0x0000000000000001, RBX=0x0000015491757060, RCX=0x0000000000000000, RDX=0x000001542a911480
RSP=0x00000014331fec80, RBP=0x00000014331fed49, RSI=0x000001549176f5e0, RDI=0x00000154917571b8
R8 =0x000001542a9f1380, R9 =0x0000000000000001, R10=0x0000000000000003, R11=0x00000014331feb00
R12=0x0000000000000000, R13=0x0000000000000000, R14=0x00007ffd56af46b8, R15=0x0000015491757110
RIP=0x00007ffd56a9a348, EFLAGS=0x0000000000010202


Register to memory mapping:

RAX=0x0000000000000001 is an unknown value
RBX=0x0000015491757060 points into unknown readable memory: 0x00007ffd56ad1098 | 98 10 ad 56 fd 7f 00 00
RCX=0x0 is null
RDX=0x000001542a911480 points into unknown readable memory: 0x0000000000000000 | 00 00 00 00 00 00 00 00
RSP=0x00000014331fec80 is pointing into the stack for thread: 0x000001542a927c60
RBP=0x00000014331fed49 is pointing into the stack for thread: 0x000001542a927c60
RSI=0x000001549176f5e0 points into unknown readable memory: 0x00007ffce7d34e30 | 30 4e d3 e7 fc 7f 00 00
RDI=0x00000154917571b8 points into unknown readable memory: 0x0000000000000000 | 00 00 00 00 00 00 00 00
R8 =0x000001542a9f1380 points into unknown readable memory: 0x000001542a9f0cc0 | c0 0c 9f 2a 54 01 00 00
R9 =0x0000000000000001 is an unknown value
R10=0x0000000000000003 is an unknown value
R11=0x00000014331feb00 is pointing into the stack for thread: 0x000001542a927c60
R12=0x0 is null
R13=0x0 is null
R14=0x00007ffd56af46b8 PortableDeviceApi.dll
R15=0x0000015491757110 points into unknown readable memory: 0xffffffffffffffff | ff ff ff ff ff ff ff ff

Top of Stack: (sp=0x00000014331fec80)
0x00000014331fec80:   0000000000000000 0000000000000000
0x00000014331fec90:   00000154917571b8 000001549176f5e0
0x00000014331feca0:   0000015491757060 00007ffd56a74556
0x00000014331fecb0:   0000015400000000 0000000000000001
0x00000014331fecc0:   0000000000000344 00000154915e93f0
0x00000014331fecd0:   00000000800401fd 00007ffd5a0a447e
0x00000014331fece0:   0000000000000200 0000015491791940
0x00000014331fecf0:   00007ffd5a343c10 0000000000000000
0x00000014331fed00:   0000000000000000 0000000000000000
0x00000014331fed10:   0000d1eb00000000 00007ffd5986a3cb
0x00000014331fed20:   0000000000000000 00007ffd5c2851a3
0x00000014331fed30:   00000000000000c1 00000154916e0b10
0x00000014331fed40:   0000015491711b00 00007ffce7ca6363
0x00000014331fed50:   00000000000000c8 00007ffd59844e1d
0x00000014331fed60:   0000000000000000 00000000000000c1
0x00000014331fed70:   0000af7af8f775f0 0000000000000001
0x00000014331fed80:   00000154916e0b10 00000000000000c1
0x00000014331fed90:   0000000000000001 0000000000000000
0x00000014331feda0:   00000014331feee0 00007ffce7cb2bbb
0x00000014331fedb0:   000001549176f628 000001549176f628
0x00000014331fedc0:   000001549176f5e0 0000000000000001
0x00000014331fedd0:   00000000000000c1 00007ffce7c897ca
0x00000014331fede0:   00000000000000c1 0000015491757060
0x00000014331fedf0:   ffffffffffe17b80 000001549176f5e0
0x00000014331fee00:   000001542a9f0cc0 000001544c43c1f8
0x00000014331fee10:   000001542a927c60 0000000000000001
0x00000014331fee20:   0000000000000000 00000000000000e0
0x00000014331fee30:   0000000000000000 000000000000000e
0x00000014331fee40:   0000000000000000 00000014331feef9
0x00000014331fee50:   000001542a8f0000 00007ffd5c26c7ba
0x00000014331fee60:   000001542a9f0000 0000000000000000
0x00000014331fee70:   00000000000000cc 0000015400000000 

Instructions: (pc=0x00007ffd56a9a348)
0x00007ffd56a9a248:   00 0f 1f 44 00 00 33 c0 48 8b 5c 24 40 48 83 c4
0x00007ffd56a9a258:   30 5f c3 cc cc cc cc cc cc cc cc cc 48 89 5c 24
0x00007ffd56a9a268:   08 48 89 74 24 10 57 48 83 ec 20 48 8b fa 48 8b
0x00007ffd56a9a278:   d9 48 8b 51 10 48 3b fa 0f 86 a5 00 00 00 48 83
0x00007ffd56a9a288:   3b 00 48 63 49 18 75 25 48 3b cf ba 08 00 00 00
0x00007ffd56a9a298:   48 0f 47 f9 48 8b cf 48 ff 15 8a 00 04 00 0f 1f
0x00007ffd56a9a2a8:   44 00 00 48 89 03 48 85 c0 74 41 eb 72 48 85 c9
0x00007ffd56a9a2b8:   75 13 48 8b ca 48 8b c7 48 d1 e9 48 2b c2 48 3b
0x00007ffd56a9a2c8:   c1 48 0f 47 c8 48 8d 04 0a ba 08 00 00 00 48 3b
0x00007ffd56a9a2d8:   f8 48 0f 42 f8 48 8b cf 48 ff 15 49 00 04 00 0f
0x00007ffd56a9a2e8:   1f 44 00 00 48 8b f0 48 85 c0 75 04 32 c0 eb 35
0x00007ffd56a9a2f8:   48 8b 53 08 48 8b ce 4c 8b 03 48 c1 e2 03 4c 8b
0x00007ffd56a9a308:   ca e8 82 ca fd ff 8b c8 e8 e7 1f fe ff 48 8b 0b
0x00007ffd56a9a318:   48 ff 15 19 00 04 00 0f 1f 44 00 00 48 89 33 48
0x00007ffd56a9a328:   89 7b 10 b0 01 48 8b 5c 24 30 48 8b 74 24 38 48
0x00007ffd56a9a338:   83 c4 20 5f c3 cc cc cc cc cc cc cc 48 83 ec 28
0x00007ffd56a9a348:   44 8b 41 50 ba 01 00 00 00 44 2b c2 83 c8 ff f0
0x00007ffd56a9a358:   0f c1 41 50 3b c2 75 1f 48 85 c9 74 16 48 8b 01
0x00007ffd56a9a368:   49 ba 70 da 50 34 9a 2e 6c a2 48 8b 00 ff 15 8d
0x00007ffd56a9a378:   01 04 00 33 c0 eb 03 41 8b c0 48 83 c4 28 c3 cc
0x00007ffd56a9a388:   cc cc cc cc cc cc cc cc 48 8b c4 48 89 58 08 48
0x00007ffd56a9a398:   89 68 10 48 89 70 18 57 48 83 ec 30 48 8b ea 48
0x00007ffd56a9a3a8:   8b f1 48 8d 51 28 48 8d 48 e8 e8 c9 82 fd ff 90
0x00007ffd56a9a3b8:   33 ff 48 39 7e 10 76 1e 48 8b d7 48 8d 4e 08 e8
0x00007ffd56a9a3c8:   08 fb ff ff 48 8d 4f 01 48 39 28 74 39 48 8b f9
0x00007ffd56a9a3d8:   48 3b 4e 10 72 e2 80 7c 24 28 00 74 11 48 8b 4c
0x00007ffd56a9a3e8:   24 20 48 ff 15 47 fe 03 00 0f 1f 44 00 00 33 c0
0x00007ffd56a9a3f8:   48 8b 5c 24 40 48 8b 6c 24 48 48 8b 74 24 50 48
0x00007ffd56a9a408:   83 c4 30 5f c3 cc 48 3b cf 72 39 48 83 f9 01 72
0x00007ffd56a9a418:   33 48 8b 56 10 48 3b ca 77 2a 48 2b d1 74 1f 48
0x00007ffd56a9a428:   8b 46 08 4c 8d 04 c8 48 8d 0c f8 48 c1 e2 03 4c
0x00007ffd56a9a438:   8b ca e8 51 c9 fd ff 8b c8 e8 b6 1e fe ff 48 ff 


Stack slot to memory mapping:

stack at sp + 0 slots: 0x0 is null
stack at sp + 1 slots: 0x0 is null
stack at sp + 2 slots: 0x00000154917571b8 points into unknown readable memory: 0x0000000000000000 | 00 00 00 00 00 00 00 00
stack at sp + 3 slots: 0x000001549176f5e0 points into unknown readable memory: 0x00007ffce7d34e30 | 30 4e d3 e7 fc 7f 00 00
stack at sp + 4 slots: 0x0000015491757060 points into unknown readable memory: 0x00007ffd56ad1098 | 98 10 ad 56 fd 7f 00 00
stack at sp + 5 slots: 0x00007ffd56a74556 PortableDeviceApi.dll
stack at sp + 6 slots: 0x0000015400000000 is an unknown value
stack at sp + 7 slots: 0x0000000000000001 is an unknown value


---------------  P R O C E S S  ---------------

Threads class SMR info:
_java_thread_list=0x00000154916eca50, length=14, elements={
0x000001542a927c60, 0x000001544be29ee0, 0x000001544be2ac00, 0x000001544be30ca0,
0x000001544be31960, 0x000001544be323c0, 0x000001544be3f4e0, 0x000001544be4daf0,
0x000001544be51590, 0x000001544be3daa0, 0x000001549124d720, 0x0000015491255fd0,
0x000001549125b1a0, 0x000001544be3cd80
}

Java Threads: ( => current thread )
=>0x000001542a927c60 JavaThread "main"                              [_thread_in_native, id=14008, stack(0x0000001433100000,0x0000001433200000) (1024K)]
  0x000001544be29ee0 JavaThread "Reference Handler"          daemon [_thread_blocked, id=13052, stack(0x0000001433900000,0x0000001433a00000) (1024K)]
  0x000001544be2ac00 JavaThread "Finalizer"                  daemon [_thread_blocked, id=17948, stack(0x0000001433a00000,0x0000001433b00000) (1024K)]
  0x000001544be30ca0 JavaThread "Signal Dispatcher"          daemon [_thread_blocked, id=10800, stack(0x0000001433b00000,0x0000001433c00000) (1024K)]
  0x000001544be31960 JavaThread "Attach Listener"            daemon [_thread_blocked, id=8116, stack(0x0000001433c00000,0x0000001433d00000) (1024K)]
  0x000001544be323c0 JavaThread "Service Thread"             daemon [_thread_blocked, id=2764, stack(0x0000001433d00000,0x0000001433e00000) (1024K)]
  0x000001544be3f4e0 JavaThread "Monitor Deflation Thread"   daemon [_thread_blocked, id=2416, stack(0x0000001433e00000,0x0000001433f00000) (1024K)]
  0x000001544be4daf0 JavaThread "C2 CompilerThread0"         daemon [_thread_blocked, id=11716, stack(0x0000001433f00000,0x0000001434000000) (1024K)]
  0x000001544be51590 JavaThread "C1 CompilerThread0"         daemon [_thread_blocked, id=2196, stack(0x0000001434000000,0x0000001434100000) (1024K)]
  0x000001544be3daa0 JavaThread "Common-Cleaner"             daemon [_thread_blocked, id=8136, stack(0x0000001434100000,0x0000001434200000) (1024K)]
  0x000001549124d720 JavaThread "JDWP Transport Listener: dt_socket" daemon [_thread_blocked, id=11528, stack(0x0000001434500000,0x0000001434600000) (1024K)]
  0x0000015491255fd0 JavaThread "JDWP Event Helper Thread"   daemon [_thread_blocked, id=5336, stack(0x0000001434600000,0x0000001434700000) (1024K)]
  0x000001549125b1a0 JavaThread "JDWP Command Reader"        daemon [_thread_in_native, id=3972, stack(0x0000001434700000,0x0000001434800000) (1024K)]
  0x000001544be3cd80 JavaThread "Notification Thread"        daemon [_thread_blocked, id=1232, stack(0x0000001434800000,0x0000001434900000) (1024K)]
Total: 14

Other Threads:
  0x000001544be0e170 VMThread "VM Thread"                           [id=17524, stack(0x0000001433800000,0x0000001433900000) (1024K)]
  0x000001544bdf4d40 WatcherThread "VM Periodic Task Thread"        [id=8572, stack(0x0000001433700000,0x0000001433800000) (1024K)]
  0x000001542cccf8c0 WorkerThread "GC Thread#0"                     [id=10816, stack(0x0000001433200000,0x0000001433300000) (1024K)]
  0x000001542ccde6e0 ConcurrentGCThread "G1 Main Marker"            [id=8052, stack(0x0000001433300000,0x0000001433400000) (1024K)]
  0x000001542cce00f0 WorkerThread "G1 Conc#0"                       [id=17152, stack(0x0000001433400000,0x0000001433500000) (1024K)]
  0x000001544bcc8980 ConcurrentGCThread "G1 Refine#0"               [id=2652, stack(0x0000001433500000,0x0000001433600000) (1024K)]
  0x000001544bcc9300 ConcurrentGCThread "G1 Service"                [id=7920, stack(0x0000001433600000,0x0000001433700000) (1024K)]
Total: 7

Threads with active compile tasks:
Total: 0

VM state: not at safepoint (normal execution)

VM Mutex/Monitor currently owned by a thread: None

Heap address: 0x0000000722600000, size: 3546 MB, Compressed Oops mode: Zero based, Oop shift amount: 3

CDS archive(s) mapped at: [0x000001544c000000-0x000001544cc90000-0x000001544cc90000), size 13172736, SharedBaseAddress: 0x000001544c000000, ArchiveRelocationMode: 1.
Compressed class space mapped at: 0x000001544d000000-0x000001548d000000, reserved size: 1073741824
Narrow klass base: 0x000001544c000000, Narrow klass shift: 0, Narrow klass range: 0x100000000

GC Precious Log:
 CardTable entry size: 512
 Card Set container configuration: InlinePtr #cards 4 size 8 Array Of Cards #cards 16 size 48 Howl #buckets 8 coarsen threshold 3686 Howl Bitmap #cards 512 size 80 coarsen threshold 460 Card regions per heap region 1 cards per card region 4096
 CPUs: 16 total, 16 available
 Memory: 14182M
 Large Page Support: Disabled
 NUMA Support: Disabled
 Compressed Oops: Enabled (Zero based)
 Heap Region Size: 2M
 Heap Min Capacity: 8M
 Heap Initial Capacity: 222M
 Heap Max Capacity: 3546M
 Pre-touch: Disabled
 Parallel Workers: 13
 Concurrent Workers: 3
 Concurrent Refinement Workers: 13
 Periodic GC: Disabled

Heap:
 garbage-first heap   total 227328K, used 12288K [0x0000000722600000, 0x0000000800000000)
  region size 2048K, 7 young (14336K), 0 survivors (0K)
 Metaspace       used 2125K, committed 2304K, reserved 1114112K
  class space    used 181K, committed 256K, reserved 1048576K

Heap Regions: E=young(eden), S=young(survivor), O=old, HS=humongous(starts), HC=humongous(continues), CS=collection set, F=free, TAMS=top-at-mark-start, PB=parsable bottom
|   0|0x0000000722600000, 0x0000000722600000, 0x0000000722800000|  0%| F|  |TAMS 0x0000000722600000| PB 0x0000000722600000| Untracked 
|   1|0x0000000722800000, 0x0000000722800000, 0x0000000722a00000|  0%| F|  |TAMS 0x0000000722800000| PB 0x0000000722800000| Untracked 
|   2|0x0000000722a00000, 0x0000000722a00000, 0x0000000722c00000|  0%| F|  |TAMS 0x0000000722a00000| PB 0x0000000722a00000| Untracked 
|   3|0x0000000722c00000, 0x0000000722c00000, 0x0000000722e00000|  0%| F|  |TAMS 0x0000000722c00000| PB 0x0000000722c00000| Untracked 
|   4|0x0000000722e00000, 0x0000000722e00000, 0x0000000723000000|  0%| F|  |TAMS 0x0000000722e00000| PB 0x0000000722e00000| Untracked 
|   5|0x0000000723000000, 0x0000000723000000, 0x0000000723200000|  0%| F|  |TAMS 0x0000000723000000| PB 0x0000000723000000| Untracked 
|   6|0x0000000723200000, 0x0000000723200000, 0x0000000723400000|  0%| F|  |TAMS 0x0000000723200000| PB 0x0000000723200000| Untracked 
|   7|0x0000000723400000, 0x0000000723400000, 0x0000000723600000|  0%| F|  |TAMS 0x0000000723400000| PB 0x0000000723400000| Untracked 
|   8|0x0000000723600000, 0x0000000723600000, 0x0000000723800000|  0%| F|  |TAMS 0x0000000723600000| PB 0x0000000723600000| Untracked 
|   9|0x0000000723800000, 0x0000000723800000, 0x0000000723a00000|  0%| F|  |TAMS 0x0000000723800000| PB 0x0000000723800000| Untracked 
|  10|0x0000000723a00000, 0x0000000723a00000, 0x0000000723c00000|  0%| F|  |TAMS 0x0000000723a00000| PB 0x0000000723a00000| Untracked 
|  11|0x0000000723c00000, 0x0000000723c00000, 0x0000000723e00000|  0%| F|  |TAMS 0x0000000723c00000| PB 0x0000000723c00000| Untracked 
|  12|0x0000000723e00000, 0x0000000723e00000, 0x0000000724000000|  0%| F|  |TAMS 0x0000000723e00000| PB 0x0000000723e00000| Untracked 
|  13|0x0000000724000000, 0x0000000724000000, 0x0000000724200000|  0%| F|  |TAMS 0x0000000724000000| PB 0x0000000724000000| Untracked 
|  14|0x0000000724200000, 0x0000000724200000, 0x0000000724400000|  0%| F|  |TAMS 0x0000000724200000| PB 0x0000000724200000| Untracked 
|  15|0x0000000724400000, 0x0000000724400000, 0x0000000724600000|  0%| F|  |TAMS 0x0000000724400000| PB 0x0000000724400000| Untracked 
|  16|0x0000000724600000, 0x0000000724600000, 0x0000000724800000|  0%| F|  |TAMS 0x0000000724600000| PB 0x0000000724600000| Untracked 
|  17|0x0000000724800000, 0x0000000724800000, 0x0000000724a00000|  0%| F|  |TAMS 0x0000000724800000| PB 0x0000000724800000| Untracked 
|  18|0x0000000724a00000, 0x0000000724a00000, 0x0000000724c00000|  0%| F|  |TAMS 0x0000000724a00000| PB 0x0000000724a00000| Untracked 
|  19|0x0000000724c00000, 0x0000000724c00000, 0x0000000724e00000|  0%| F|  |TAMS 0x0000000724c00000| PB 0x0000000724c00000| Untracked 
|  20|0x0000000724e00000, 0x0000000724e00000, 0x0000000725000000|  0%| F|  |TAMS 0x0000000724e00000| PB 0x0000000724e00000| Untracked 
|  21|0x0000000725000000, 0x0000000725000000, 0x0000000725200000|  0%| F|  |TAMS 0x0000000725000000| PB 0x0000000725000000| Untracked 
|  22|0x0000000725200000, 0x0000000725200000, 0x0000000725400000|  0%| F|  |TAMS 0x0000000725200000| PB 0x0000000725200000| Untracked 
|  23|0x0000000725400000, 0x0000000725400000, 0x0000000725600000|  0%| F|  |TAMS 0x0000000725400000| PB 0x0000000725400000| Untracked 
|  24|0x0000000725600000, 0x0000000725600000, 0x0000000725800000|  0%| F|  |TAMS 0x0000000725600000| PB 0x0000000725600000| Untracked 
|  25|0x0000000725800000, 0x0000000725800000, 0x0000000725a00000|  0%| F|  |TAMS 0x0000000725800000| PB 0x0000000725800000| Untracked 
|  26|0x0000000725a00000, 0x0000000725a00000, 0x0000000725c00000|  0%| F|  |TAMS 0x0000000725a00000| PB 0x0000000725a00000| Untracked 
|  27|0x0000000725c00000, 0x0000000725c00000, 0x0000000725e00000|  0%| F|  |TAMS 0x0000000725c00000| PB 0x0000000725c00000| Untracked 
|  28|0x0000000725e00000, 0x0000000725e00000, 0x0000000726000000|  0%| F|  |TAMS 0x0000000725e00000| PB 0x0000000725e00000| Untracked 
|  29|0x0000000726000000, 0x0000000726000000, 0x0000000726200000|  0%| F|  |TAMS 0x0000000726000000| PB 0x0000000726000000| Untracked 
|  30|0x0000000726200000, 0x0000000726200000, 0x0000000726400000|  0%| F|  |TAMS 0x0000000726200000| PB 0x0000000726200000| Untracked 
|  31|0x0000000726400000, 0x0000000726400000, 0x0000000726600000|  0%| F|  |TAMS 0x0000000726400000| PB 0x0000000726400000| Untracked 
|  32|0x0000000726600000, 0x0000000726600000, 0x0000000726800000|  0%| F|  |TAMS 0x0000000726600000| PB 0x0000000726600000| Untracked 
|  33|0x0000000726800000, 0x0000000726800000, 0x0000000726a00000|  0%| F|  |TAMS 0x0000000726800000| PB 0x0000000726800000| Untracked 
|  34|0x0000000726a00000, 0x0000000726a00000, 0x0000000726c00000|  0%| F|  |TAMS 0x0000000726a00000| PB 0x0000000726a00000| Untracked 
|  35|0x0000000726c00000, 0x0000000726c00000, 0x0000000726e00000|  0%| F|  |TAMS 0x0000000726c00000| PB 0x0000000726c00000| Untracked 
|  36|0x0000000726e00000, 0x0000000726e00000, 0x0000000727000000|  0%| F|  |TAMS 0x0000000726e00000| PB 0x0000000726e00000| Untracked 
|  37|0x0000000727000000, 0x0000000727000000, 0x0000000727200000|  0%| F|  |TAMS 0x0000000727000000| PB 0x0000000727000000| Untracked 
|  38|0x0000000727200000, 0x0000000727200000, 0x0000000727400000|  0%| F|  |TAMS 0x0000000727200000| PB 0x0000000727200000| Untracked 
|  39|0x0000000727400000, 0x0000000727400000, 0x0000000727600000|  0%| F|  |TAMS 0x0000000727400000| PB 0x0000000727400000| Untracked 
|  40|0x0000000727600000, 0x0000000727600000, 0x0000000727800000|  0%| F|  |TAMS 0x0000000727600000| PB 0x0000000727600000| Untracked 
|  41|0x0000000727800000, 0x0000000727800000, 0x0000000727a00000|  0%| F|  |TAMS 0x0000000727800000| PB 0x0000000727800000| Untracked 
|  42|0x0000000727a00000, 0x0000000727a00000, 0x0000000727c00000|  0%| F|  |TAMS 0x0000000727a00000| PB 0x0000000727a00000| Untracked 
|  43|0x0000000727c00000, 0x0000000727c00000, 0x0000000727e00000|  0%| F|  |TAMS 0x0000000727c00000| PB 0x0000000727c00000| Untracked 
|  44|0x0000000727e00000, 0x0000000727e00000, 0x0000000728000000|  0%| F|  |TAMS 0x0000000727e00000| PB 0x0000000727e00000| Untracked 
|  45|0x0000000728000000, 0x0000000728000000, 0x0000000728200000|  0%| F|  |TAMS 0x0000000728000000| PB 0x0000000728000000| Untracked 
|  46|0x0000000728200000, 0x0000000728200000, 0x0000000728400000|  0%| F|  |TAMS 0x0000000728200000| PB 0x0000000728200000| Untracked 
|  47|0x0000000728400000, 0x0000000728400000, 0x0000000728600000|  0%| F|  |TAMS 0x0000000728400000| PB 0x0000000728400000| Untracked 
|  48|0x0000000728600000, 0x0000000728600000, 0x0000000728800000|  0%| F|  |TAMS 0x0000000728600000| PB 0x0000000728600000| Untracked 
|  49|0x0000000728800000, 0x0000000728800000, 0x0000000728a00000|  0%| F|  |TAMS 0x0000000728800000| PB 0x0000000728800000| Untracked 
|  50|0x0000000728a00000, 0x0000000728a00000, 0x0000000728c00000|  0%| F|  |TAMS 0x0000000728a00000| PB 0x0000000728a00000| Untracked 
|  51|0x0000000728c00000, 0x0000000728c00000, 0x0000000728e00000|  0%| F|  |TAMS 0x0000000728c00000| PB 0x0000000728c00000| Untracked 
|  52|0x0000000728e00000, 0x0000000728e00000, 0x0000000729000000|  0%| F|  |TAMS 0x0000000728e00000| PB 0x0000000728e00000| Untracked 
|  53|0x0000000729000000, 0x0000000729000000, 0x0000000729200000|  0%| F|  |TAMS 0x0000000729000000| PB 0x0000000729000000| Untracked 
|  54|0x0000000729200000, 0x0000000729200000, 0x0000000729400000|  0%| F|  |TAMS 0x0000000729200000| PB 0x0000000729200000| Untracked 
|  55|0x0000000729400000, 0x0000000729400000, 0x0000000729600000|  0%| F|  |TAMS 0x0000000729400000| PB 0x0000000729400000| Untracked 
|  56|0x0000000729600000, 0x0000000729600000, 0x0000000729800000|  0%| F|  |TAMS 0x0000000729600000| PB 0x0000000729600000| Untracked 
|  57|0x0000000729800000, 0x0000000729800000, 0x0000000729a00000|  0%| F|  |TAMS 0x0000000729800000| PB 0x0000000729800000| Untracked 
|  58|0x0000000729a00000, 0x0000000729a00000, 0x0000000729c00000|  0%| F|  |TAMS 0x0000000729a00000| PB 0x0000000729a00000| Untracked 
|  59|0x0000000729c00000, 0x0000000729c00000, 0x0000000729e00000|  0%| F|  |TAMS 0x0000000729c00000| PB 0x0000000729c00000| Untracked 
|  60|0x0000000729e00000, 0x0000000729e00000, 0x000000072a000000|  0%| F|  |TAMS 0x0000000729e00000| PB 0x0000000729e00000| Untracked 
|  61|0x000000072a000000, 0x000000072a000000, 0x000000072a200000|  0%| F|  |TAMS 0x000000072a000000| PB 0x000000072a000000| Untracked 
|  62|0x000000072a200000, 0x000000072a200000, 0x000000072a400000|  0%| F|  |TAMS 0x000000072a200000| PB 0x000000072a200000| Untracked 
|  63|0x000000072a400000, 0x000000072a400000, 0x000000072a600000|  0%| F|  |TAMS 0x000000072a400000| PB 0x000000072a400000| Untracked 
|  64|0x000000072a600000, 0x000000072a600000, 0x000000072a800000|  0%| F|  |TAMS 0x000000072a600000| PB 0x000000072a600000| Untracked 
|  65|0x000000072a800000, 0x000000072a800000, 0x000000072aa00000|  0%| F|  |TAMS 0x000000072a800000| PB 0x000000072a800000| Untracked 
|  66|0x000000072aa00000, 0x000000072aa00000, 0x000000072ac00000|  0%| F|  |TAMS 0x000000072aa00000| PB 0x000000072aa00000| Untracked 
|  67|0x000000072ac00000, 0x000000072ac00000, 0x000000072ae00000|  0%| F|  |TAMS 0x000000072ac00000| PB 0x000000072ac00000| Untracked 
|  68|0x000000072ae00000, 0x000000072ae00000, 0x000000072b000000|  0%| F|  |TAMS 0x000000072ae00000| PB 0x000000072ae00000| Untracked 
|  69|0x000000072b000000, 0x000000072b000000, 0x000000072b200000|  0%| F|  |TAMS 0x000000072b000000| PB 0x000000072b000000| Untracked 
|  70|0x000000072b200000, 0x000000072b200000, 0x000000072b400000|  0%| F|  |TAMS 0x000000072b200000| PB 0x000000072b200000| Untracked 
|  71|0x000000072b400000, 0x000000072b400000, 0x000000072b600000|  0%| F|  |TAMS 0x000000072b400000| PB 0x000000072b400000| Untracked 
|  72|0x000000072b600000, 0x000000072b600000, 0x000000072b800000|  0%| F|  |TAMS 0x000000072b600000| PB 0x000000072b600000| Untracked 
|  73|0x000000072b800000, 0x000000072b800000, 0x000000072ba00000|  0%| F|  |TAMS 0x000000072b800000| PB 0x000000072b800000| Untracked 
|  74|0x000000072ba00000, 0x000000072ba00000, 0x000000072bc00000|  0%| F|  |TAMS 0x000000072ba00000| PB 0x000000072ba00000| Untracked 
|  75|0x000000072bc00000, 0x000000072bc00000, 0x000000072be00000|  0%| F|  |TAMS 0x000000072bc00000| PB 0x000000072bc00000| Untracked 
|  76|0x000000072be00000, 0x000000072be00000, 0x000000072c000000|  0%| F|  |TAMS 0x000000072be00000| PB 0x000000072be00000| Untracked 
|  77|0x000000072c000000, 0x000000072c000000, 0x000000072c200000|  0%| F|  |TAMS 0x000000072c000000| PB 0x000000072c000000| Untracked 
|  78|0x000000072c200000, 0x000000072c200000, 0x000000072c400000|  0%| F|  |TAMS 0x000000072c200000| PB 0x000000072c200000| Untracked 
|  79|0x000000072c400000, 0x000000072c400000, 0x000000072c600000|  0%| F|  |TAMS 0x000000072c400000| PB 0x000000072c400000| Untracked 
|  80|0x000000072c600000, 0x000000072c600000, 0x000000072c800000|  0%| F|  |TAMS 0x000000072c600000| PB 0x000000072c600000| Untracked 
|  81|0x000000072c800000, 0x000000072c800000, 0x000000072ca00000|  0%| F|  |TAMS 0x000000072c800000| PB 0x000000072c800000| Untracked 
|  82|0x000000072ca00000, 0x000000072ca00000, 0x000000072cc00000|  0%| F|  |TAMS 0x000000072ca00000| PB 0x000000072ca00000| Untracked 
|  83|0x000000072cc00000, 0x000000072cc00000, 0x000000072ce00000|  0%| F|  |TAMS 0x000000072cc00000| PB 0x000000072cc00000| Untracked 
|  84|0x000000072ce00000, 0x000000072ce00000, 0x000000072d000000|  0%| F|  |TAMS 0x000000072ce00000| PB 0x000000072ce00000| Untracked 
|  85|0x000000072d000000, 0x000000072d000000, 0x000000072d200000|  0%| F|  |TAMS 0x000000072d000000| PB 0x000000072d000000| Untracked 
|  86|0x000000072d200000, 0x000000072d200000, 0x000000072d400000|  0%| F|  |TAMS 0x000000072d200000| PB 0x000000072d200000| Untracked 
|  87|0x000000072d400000, 0x000000072d400000, 0x000000072d600000|  0%| F|  |TAMS 0x000000072d400000| PB 0x000000072d400000| Untracked 
|  88|0x000000072d600000, 0x000000072d600000, 0x000000072d800000|  0%| F|  |TAMS 0x000000072d600000| PB 0x000000072d600000| Untracked 
|  89|0x000000072d800000, 0x000000072d800000, 0x000000072da00000|  0%| F|  |TAMS 0x000000072d800000| PB 0x000000072d800000| Untracked 
|  90|0x000000072da00000, 0x000000072da00000, 0x000000072dc00000|  0%| F|  |TAMS 0x000000072da00000| PB 0x000000072da00000| Untracked 
|  91|0x000000072dc00000, 0x000000072dc00000, 0x000000072de00000|  0%| F|  |TAMS 0x000000072dc00000| PB 0x000000072dc00000| Untracked 
|  92|0x000000072de00000, 0x000000072de00000, 0x000000072e000000|  0%| F|  |TAMS 0x000000072de00000| PB 0x000000072de00000| Untracked 
|  93|0x000000072e000000, 0x000000072e000000, 0x000000072e200000|  0%| F|  |TAMS 0x000000072e000000| PB 0x000000072e000000| Untracked 
|  94|0x000000072e200000, 0x000000072e200000, 0x000000072e400000|  0%| F|  |TAMS 0x000000072e200000| PB 0x000000072e200000| Untracked 
|  95|0x000000072e400000, 0x000000072e400000, 0x000000072e600000|  0%| F|  |TAMS 0x000000072e400000| PB 0x000000072e400000| Untracked 
|  96|0x000000072e600000, 0x000000072e600000, 0x000000072e800000|  0%| F|  |TAMS 0x000000072e600000| PB 0x000000072e600000| Untracked 
|  97|0x000000072e800000, 0x000000072e800000, 0x000000072ea00000|  0%| F|  |TAMS 0x000000072e800000| PB 0x000000072e800000| Untracked 
|  98|0x000000072ea00000, 0x000000072ea00000, 0x000000072ec00000|  0%| F|  |TAMS 0x000000072ea00000| PB 0x000000072ea00000| Untracked 
|  99|0x000000072ec00000, 0x000000072ec00000, 0x000000072ee00000|  0%| F|  |TAMS 0x000000072ec00000| PB 0x000000072ec00000| Untracked 
| 100|0x000000072ee00000, 0x000000072ee00000, 0x000000072f000000|  0%| F|  |TAMS 0x000000072ee00000| PB 0x000000072ee00000| Untracked 
| 101|0x000000072f000000, 0x000000072f000000, 0x000000072f200000|  0%| F|  |TAMS 0x000000072f000000| PB 0x000000072f000000| Untracked 
| 102|0x000000072f200000, 0x000000072f200000, 0x000000072f400000|  0%| F|  |TAMS 0x000000072f200000| PB 0x000000072f200000| Untracked 
| 103|0x000000072f400000, 0x000000072f400000, 0x000000072f600000|  0%| F|  |TAMS 0x000000072f400000| PB 0x000000072f400000| Untracked 
| 104|0x000000072f600000, 0x000000072f753bc0, 0x000000072f800000| 66%| E|  |TAMS 0x000000072f600000| PB 0x000000072f600000| Complete 
| 105|0x000000072f800000, 0x000000072fa00000, 0x000000072fa00000|100%| E|CS|TAMS 0x000000072f800000| PB 0x000000072f800000| Complete 
| 106|0x000000072fa00000, 0x000000072fc00000, 0x000000072fc00000|100%| E|CS|TAMS 0x000000072fa00000| PB 0x000000072fa00000| Complete 
| 107|0x000000072fc00000, 0x000000072fe00000, 0x000000072fe00000|100%| E|CS|TAMS 0x000000072fc00000| PB 0x000000072fc00000| Complete 
| 108|0x000000072fe00000, 0x0000000730000000, 0x0000000730000000|100%| E|CS|TAMS 0x000000072fe00000| PB 0x000000072fe00000| Complete 
| 109|0x0000000730000000, 0x0000000730200000, 0x0000000730200000|100%| E|CS|TAMS 0x0000000730000000| PB 0x0000000730000000| Complete 
| 110|0x0000000730200000, 0x0000000730400000, 0x0000000730400000|100%| E|CS|TAMS 0x0000000730200000| PB 0x0000000730200000| Complete 

Card table byte_map: [0x0000015445040000,0x0000015445730000] _byte_map_base: 0x000001544172d000

Marking Bits: (CMBitMap*) 0x000001542cccfec0
 Bits: [0x0000015445730000, 0x0000015448e98000)

Polling page: 0x000001542ac00000

Metaspace:

Usage:
  Non-class:      1.90 MB used.
      Class:    181.38 KB used.
       Both:      2.08 MB used.

Virtual space:
  Non-class space:       64.00 MB reserved,       2.00 MB (  3%) committed,  1 nodes.
      Class space:        1.00 GB reserved,     256.00 KB ( <1%) committed,  1 nodes.
             Both:        1.06 GB reserved,       2.25 MB ( <1%) committed. 

Chunk freelists:
   Non-Class:  11.58 MB
       Class:  15.67 MB
        Both:  27.25 MB

MaxMetaspaceSize: unlimited
CompressedClassSpaceSize: 1.00 GB
Initial GC threshold: 21.00 MB
Current GC threshold: 21.00 MB
CDS: on
 - commit_granule_bytes: 65536.
 - commit_granule_words: 8192.
 - virtual_space_node_default_size: 8388608.
 - enlarge_chunks_in_place: 1.
 - use_allocation_guard: 0.


Internal statistics:

num_allocs_failed_limit: 0.
num_arena_births: 26.
num_arena_deaths: 0.
num_vsnodes_births: 2.
num_vsnodes_deaths: 0.
num_space_committed: 36.
num_space_uncommitted: 0.
num_chunks_returned_to_freelist: 0.
num_chunks_taken_from_freelist: 53.
num_chunk_merges: 0.
num_chunk_splits: 35.
num_chunks_enlarged: 25.
num_inconsistent_stats: 0.

CodeHeap 'non-profiled nmethods': size=119168Kb used=239Kb max_used=239Kb free=118928Kb
 bounds [0x000001543cc60000, 0x000001543ced0000, 0x00000154440c0000]
CodeHeap 'profiled nmethods': size=119104Kb used=1228Kb max_used=1228Kb free=117875Kb
 bounds [0x00000154350c0000, 0x0000015435330000, 0x000001543c510000]
CodeHeap 'non-nmethods': size=7488Kb used=1402Kb max_used=3107Kb free=6085Kb
 bounds [0x000001543c510000, 0x000001543c820000, 0x000001543cc60000]
 total_blobs=1182 nmethods=736 adapters=351
 compilation: enabled
              stopped_count=0, restarted_count=0
 full_count=0

Compilation events (20 events):
Event: 0.313 Thread 0x000001544be51c60  725       3       java.lang.ClassLoader::getClassLoadingLock (35 bytes)
Event: 0.313 Thread 0x000001544be4ecb0  726       3       java.lang.ClassLoader::findLoadedClass (15 bytes)
Event: 0.313 Thread 0x000001544be507f0  728       3       jdk.internal.loader.BuiltinClassLoader::findLoadedModule (33 bytes)
Event: 0.313 Thread 0x000001544be4ecb0 nmethod 726 0x00000154351ee210 code [0x00000154351ee3e0, 0x00000154351ee5e0]
Event: 0.313 Thread 0x000001544be4ecb0  729       3       java.util.jar.JarFile::maybeInstantiateVerifier (42 bytes)
Event: 0.313 Thread 0x000001544be51c60 nmethod 725 0x00000154351ee690 code [0x00000154351ee860, 0x00000154351eeb78]
Event: 0.313 Thread 0x000001544be4e5e0  730       4       jdk.internal.util.Preconditions::checkFromIndexSize (25 bytes)
Event: 0.313 Thread 0x000001544be4ecb0 nmethod 729 0x00000154351eed10 code [0x00000154351eef00, 0x00000154351ef280]
Event: 0.313 Thread 0x000001544be507f0 nmethod 728 0x00000154351ef410 code [0x00000154351ef640, 0x00000154351efcd0]
Event: 0.314 Thread 0x000001544be507f0  731       3       java.lang.ref.Reference::<init> (7 bytes)
Event: 0.314 Thread 0x000001544be4e5e0 nmethod 730 0x000001543cc9b410 code [0x000001543cc9b5a0, 0x000001543cc9b670]
Event: 0.314 Thread 0x000001544be507f0 nmethod 731 0x00000154351eff10 code [0x00000154351f00c0, 0x00000154351f0380]
Event: 0.314 Thread 0x000001544be51c60  732   !   3       jdk.internal.loader.BuiltinClassLoader::loadClassOrNull (143 bytes)
Event: 0.314 Thread 0x000001544be4ecb0  733       3       jdk.internal.loader.BuiltinClassLoader::loadClassOrNull (7 bytes)
Event: 0.314 Thread 0x000001544be4ecb0 nmethod 733 0x00000154351f0490 code [0x00000154351f0640, 0x00000154351f0828]
Event: 0.315 Thread 0x000001544be51c60 nmethod 732 0x00000154351f0910 code [0x00000154351f0be0, 0x00000154351f1bb0]
Event: 0.318 Thread 0x000001544be51590  734       3       java.lang.String::getChars (55 bytes)
Event: 0.318 Thread 0x000001544be4ecb0  735       3       java.lang.StringLatin1::getChars (12 bytes)
Event: 0.318 Thread 0x000001544be4ecb0 nmethod 735 0x00000154351f2290 code [0x00000154351f2440, 0x00000154351f2588]
Event: 0.319 Thread 0x000001544be51590 nmethod 734 0x00000154351f2690 code [0x00000154351f28e0, 0x00000154351f3078]

GC Heap History (0 events):
No events

Dll operation events (11 events):
Event: 0.009 Loaded shared library C:\Users\koenl\.jdks\openjdk-21.0.2\bin\java.dll
Event: 0.011 Loaded shared library C:\Users\koenl\.jdks\openjdk-21.0.2\bin\zip.dll
Event: 0.033 Loaded shared library C:\Users\koenl\.jdks\openjdk-21.0.2\bin\jsvml.dll
Event: 0.138 Loaded shared library C:\Users\koenl\.jdks\openjdk-21.0.2\bin\instrument.dll
Event: 0.158 Loaded shared library C:\Users\koenl\.jdks\openjdk-21.0.2\bin\net.dll
Event: 0.159 Loaded shared library C:\Users\koenl\.jdks\openjdk-21.0.2\bin\nio.dll
Event: 0.162 Loaded shared library C:\Users\koenl\.jdks\openjdk-21.0.2\bin\zip.dll
Event: 0.197 Loaded shared library C:\Users\koenl\.jdks\openjdk-21.0.2\bin\verify.dll
Event: 0.203 Loaded shared library C:\Users\koenl\.jdks\openjdk-21.0.2\bin\jimage.dll
Event: 0.318 Loaded shared library D:\DeltaProto\mohican\InspectorCamera.dll
Event: 0.319 Loaded shared library D:\DeltaProto\mohican\EDSDK.dll

Deoptimization events (20 events):
Event: 0.300 Thread 0x000001542a927c60 Uncommon trap: trap_request=0xffffff45 fr.pc=0x000001543cc8050c relative=0x00000000000004ac
Event: 0.300 Thread 0x000001542a927c60 Uncommon trap: reason=unstable_if action=reinterpret pc=0x000001543cc8050c method=java.lang.AbstractStringBuilder.isLatin1()Z @ 10 c2
Event: 0.300 Thread 0x000001542a927c60 DEOPT PACKING pc=0x000001543cc8050c sp=0x00000014331fdcd0
Event: 0.300 Thread 0x000001542a927c60 DEOPT UNPACKING pc=0x000001543c5646a2 sp=0x00000014331fdc70 mode 2
Event: 0.319 Thread 0x000001542a927c60 Uncommon trap: trap_request=0xffffff45 fr.pc=0x000001543cc8eab0 relative=0x0000000000000190
Event: 0.319 Thread 0x000001542a927c60 Uncommon trap: reason=unstable_if action=reinterpret pc=0x000001543cc8eab0 method=java.util.concurrent.locks.ReentrantLock$NonfairSync.initialTryLock()Z @ 10 c2
Event: 0.319 Thread 0x000001542a927c60 DEOPT PACKING pc=0x000001543cc8eab0 sp=0x00000014331ff000
Event: 0.319 Thread 0x000001542a927c60 DEOPT UNPACKING pc=0x000001543c5646a2 sp=0x00000014331feea0 mode 2
Event: 0.319 Thread 0x000001542a927c60 Uncommon trap: trap_request=0xffffff45 fr.pc=0x000001543cc8e494 relative=0x00000000000000f4
Event: 0.319 Thread 0x000001542a927c60 Uncommon trap: reason=unstable_if action=reinterpret pc=0x000001543cc8e494 method=java.util.concurrent.locks.ReentrantLock$Sync.tryRelease(I)Z @ 26 c2
Event: 0.319 Thread 0x000001542a927c60 DEOPT PACKING pc=0x000001543cc8e494 sp=0x00000014331ff000
Event: 0.319 Thread 0x000001542a927c60 DEOPT UNPACKING pc=0x000001543c5646a2 sp=0x00000014331fee90 mode 2
Event: 0.319 Thread 0x000001542a927c60 Uncommon trap: trap_request=0xffffff45 fr.pc=0x000001543cc89a80 relative=0x0000000000000160
Event: 0.319 Thread 0x000001542a927c60 Uncommon trap: reason=unstable_if action=reinterpret pc=0x000001543cc89a80 method=java.util.concurrent.locks.ReentrantLock$NonfairSync.initialTryLock()Z @ 10 c2
Event: 0.319 Thread 0x000001542a927c60 DEOPT PACKING pc=0x000001543cc89a80 sp=0x00000014331fef60
Event: 0.319 Thread 0x000001542a927c60 DEOPT UNPACKING pc=0x000001543c5646a2 sp=0x00000014331fef08 mode 2
Event: 0.319 Thread 0x000001542a927c60 Uncommon trap: trap_request=0xffffff45 fr.pc=0x000001543cc892f8 relative=0x00000000000000d8
Event: 0.319 Thread 0x000001542a927c60 Uncommon trap: reason=unstable_if action=reinterpret pc=0x000001543cc892f8 method=java.util.concurrent.locks.ReentrantLock$Sync.tryRelease(I)Z @ 26 c2
Event: 0.319 Thread 0x000001542a927c60 DEOPT PACKING pc=0x000001543cc892f8 sp=0x00000014331fef40
Event: 0.319 Thread 0x000001542a927c60 DEOPT UNPACKING pc=0x000001543c5646a2 sp=0x00000014331feef0 mode 2

Classes loaded (20 events):
Event: 0.310 Loading class ch/qos/logback/core/spi/FilterReply
Event: 0.310 Loading class ch/qos/logback/core/spi/FilterReply done
Event: 0.310 Loading class ch/qos/logback/classic/spi/LoggingEvent
Event: 0.310 Loading class ch/qos/logback/classic/spi/LoggingEvent done
Event: 0.311 Loading class java/lang/UnsupportedOperationException
Event: 0.311 Loading class java/lang/UnsupportedOperationException done
Event: 0.311 Loading class ch/qos/logback/classic/spi/IThrowableProxy
Event: 0.311 Loading class ch/qos/logback/classic/spi/IThrowableProxy done
Event: 0.311 Loading class ch/qos/logback/classic/spi/EventArgUtil
Event: 0.311 Loading class ch/qos/logback/classic/spi/EventArgUtil done
Event: 0.312 Loading class org/slf4j/MDC
Event: 0.312 Loading class org/slf4j/MDC done
Event: 0.312 Loading class org/slf4j/spi/MDCAdapter
Event: 0.312 Loading class org/slf4j/spi/MDCAdapter done
Event: 0.313 Loading class org/slf4j/impl/StaticMDCBinder
Event: 0.313 Loading class org/slf4j/impl/StaticMDCBinder done
Event: 0.313 Loading class ch/qos/logback/classic/util/LogbackMDCAdapter
Event: 0.313 Loading class ch/qos/logback/classic/util/LogbackMDCAdapter done
Event: 0.314 Loading class ch/qos/logback/core/CoreConstants
Event: 0.314 Loading class ch/qos/logback/core/CoreConstants done

Classes unloaded (0 events):
No events

Classes redefined (0 events):
No events

Internal exceptions (5 events):
Event: 0.139 Thread 0x000001542a927c60 Exception <a 'java/lang/NoSuchMethodError'{0x00000007300fc320}: 'void java.lang.invoke.DirectMethodHandle$Holder.invokeStatic(java.lang.Object, java.lang.Object, java.lang.Object)'> (0x00000007300fc320) 
thrown [s\open\src\hotspot\share\interpreter\linkResolver.cpp, line 773]
Event: 0.144 Thread 0x000001542a927c60 Exception <a 'java/lang/NoSuchMethodError'{0x0000000730113828}: 'java.lang.Object java.lang.invoke.Invokers$Holder.invokeExact_MT(java.lang.Object, java.lang.Object, java.lang.Object, java.lang.Object, java.lang.Object)'> (0x0000000730113828) 
thrown [s\open\src\hotspot\share\interpreter\linkResolver.cpp, line 773]
Event: 0.244 Thread 0x000001542a927c60 Exception <a 'java/lang/ClassNotFoundException'{0x000000072fb54ef0}: javax/smartcardio/CardPermission> (0x000000072fb54ef0) 
thrown [s\open\src\hotspot\share\classfile\systemDictionary.cpp, line 312]
Event: 0.246 Thread 0x000001542a927c60 Exception <a 'java/io/FileNotFoundException'{0x000000072fb64dc8}> (0x000000072fb64dc8) 
thrown [s\open\src\hotspot\share\prims\jni.cpp, line 520]
Event: 0.313 Thread 0x000001542a927c60 Exception <a 'java/lang/NoSuchMethodError'{0x000000072f731e20}: 'org.slf4j.impl.StaticMDCBinder org.slf4j.impl.StaticMDCBinder.getSingleton()'> (0x000000072f731e20) 
thrown [s\open\src\hotspot\share\interpreter\linkResolver.cpp, line 773]

ZGC Phase Switch (0 events):
No events

VM Operations (12 events):
Event: 0.074 Executing VM operation: HandshakeAllThreads (Deoptimize)
Event: 0.074 Executing VM operation: HandshakeAllThreads (Deoptimize) done
Event: 0.135 Executing VM operation: ChangeBreakpoints
Event: 0.135 Executing VM operation: ChangeBreakpoints done
Event: 0.135 Executing VM operation: ChangeBreakpoints
Event: 0.135 Executing VM operation: ChangeBreakpoints done
Event: 0.292 Executing VM operation: HandshakeAllThreads (Deoptimize)
Event: 0.292 Executing VM operation: HandshakeAllThreads (Deoptimize) done
Event: 0.314 Executing VM operation: HandshakeAllThreads (Deoptimize)
Event: 0.314 Executing VM operation: HandshakeAllThreads (Deoptimize) done
Event: 1.317 Executing VM operation: Cleanup
Event: 1.317 Executing VM operation: Cleanup done

Events (20 events):
Event: 0.032 Thread 0x000001544be31960 Thread added: 0x000001544be31960
Event: 0.032 Thread 0x000001544be323c0 Thread added: 0x000001544be323c0
Event: 0.032 Thread 0x000001544be3f4e0 Thread added: 0x000001544be3f4e0
Event: 0.032 Thread 0x000001544be4daf0 Thread added: 0x000001544be4daf0
Event: 0.032 Thread 0x000001544be51590 Thread added: 0x000001544be51590
Event: 0.069 Thread 0x000001544be3daa0 Thread added: 0x000001544be3daa0
Event: 0.074 Thread 0x000001544be51c60 Thread added: 0x000001544be51c60
Event: 0.075 Thread 0x000001544be507f0 Thread added: 0x000001544be507f0
Event: 0.081 Thread 0x000001544be50ec0 Thread added: 0x000001544be50ec0
Event: 0.086 Thread 0x000001549124d720 Thread added: 0x000001549124d720
Event: 0.086 Thread 0x0000015491255fd0 Thread added: 0x0000015491255fd0
Event: 0.087 Thread 0x000001549125b1a0 Thread added: 0x000001549125b1a0
Event: 0.149 Thread 0x000001544be3cd80 Thread added: 0x000001544be3cd80
Event: 0.188 Thread 0x000001544be4e5e0 Thread added: 0x000001544be4e5e0
Event: 0.286 Thread 0x000001544be4ecb0 Thread added: 0x000001544be4ecb0
Event: 5.330 Thread 0x000001544be4e5e0 Thread exited: 0x000001544be4e5e0
Event: 5.330 Thread 0x000001544be4ecb0 Thread exited: 0x000001544be4ecb0
Event: 10.333 Thread 0x000001544be50ec0 Thread exited: 0x000001544be50ec0
Event: 10.333 Thread 0x000001544be507f0 Thread exited: 0x000001544be507f0
Event: 15.336 Thread 0x000001544be51c60 Thread exited: 0x000001544be51c60


Dynamic libraries:
0x00007ff759a10000 - 0x00007ff759a1e000 	C:\Users\koenl\.jdks\openjdk-21.0.2\bin\java.exe
0x00007ffd5c230000 - 0x00007ffd5c447000 	C:\WINDOWS\SYSTEM32\ntdll.dll
0x00007ffd5b1c0000 - 0x00007ffd5b284000 	C:\WINDOWS\System32\KERNEL32.DLL
0x00007ffd59800000 - 0x00007ffd59ba7000 	C:\WINDOWS\System32\KERNELBASE.dll
0x00007ffd59bb0000 - 0x00007ffd59cc1000 	C:\WINDOWS\System32\ucrtbase.dll
0x00007ffd50e50000 - 0x00007ffd50e68000 	C:\Users\koenl\.jdks\openjdk-21.0.2\bin\jli.dll
0x00007ffd50e30000 - 0x00007ffd50e4b000 	C:\Users\koenl\.jdks\openjdk-21.0.2\bin\VCRUNTIME140.dll
0x00007ffd5b290000 - 0x00007ffd5b43e000 	C:\WINDOWS\System32\USER32.dll
0x00007ffd35a50000 - 0x00007ffd35ce3000 	C:\WINDOWS\WinSxS\amd64_microsoft.windows.common-controls_6595b64144ccf1df_6.0.22621.3527_none_270e469b73872a76\COMCTL32.dll
0x00007ffd59750000 - 0x00007ffd59776000 	C:\WINDOWS\System32\win32u.dll
0x00007ffd5b5f0000 - 0x00007ffd5b619000 	C:\WINDOWS\System32\GDI32.dll
0x00007ffd5ab30000 - 0x00007ffd5abd7000 	C:\WINDOWS\System32\msvcrt.dll
0x00007ffd59e40000 - 0x00007ffd59f59000 	C:\WINDOWS\System32\gdi32full.dll
0x00007ffd59550000 - 0x00007ffd595ea000 	C:\WINDOWS\System32\msvcp_win.dll
0x00007ffd5a5f0000 - 0x00007ffd5a621000 	C:\WINDOWS\System32\IMM32.DLL
0x00007ffd51ad0000 - 0x00007ffd51adc000 	C:\Users\koenl\.jdks\openjdk-21.0.2\bin\vcruntime140_1.dll
0x00007ffd3fb00000 - 0x00007ffd3fb8e000 	C:\Users\koenl\.jdks\openjdk-21.0.2\bin\msvcp140.dll
0x00007ffc953c0000 - 0x00007ffc960d7000 	C:\Users\koenl\.jdks\openjdk-21.0.2\bin\server\jvm.dll
0x00007ffd5ac80000 - 0x00007ffd5ad32000 	C:\WINDOWS\System32\ADVAPI32.dll
0x00007ffd5bff0000 - 0x00007ffd5c098000 	C:\WINDOWS\System32\sechost.dll
0x00007ffd59720000 - 0x00007ffd59748000 	C:\WINDOWS\System32\bcrypt.dll
0x00007ffd5a760000 - 0x00007ffd5a875000 	C:\WINDOWS\System32\RPCRT4.dll
0x00007ffd5a570000 - 0x00007ffd5a5e1000 	C:\WINDOWS\System32\WS2_32.dll
0x00007ffd58390000 - 0x00007ffd583dd000 	C:\WINDOWS\SYSTEM32\POWRPROF.dll
0x00007ffd50bf0000 - 0x00007ffd50c24000 	C:\WINDOWS\SYSTEM32\WINMM.dll
0x00007ffd4ec00000 - 0x00007ffd4ec0a000 	C:\WINDOWS\SYSTEM32\VERSION.dll
0x00007ffd58370000 - 0x00007ffd58383000 	C:\WINDOWS\SYSTEM32\UMPDC.dll
0x00007ffd58630000 - 0x00007ffd58648000 	C:\WINDOWS\SYSTEM32\kernel.appcore.dll
0x00007ffd50e20000 - 0x00007ffd50e2a000 	C:\Users\koenl\.jdks\openjdk-21.0.2\bin\jimage.dll
0x00007ffd56ea0000 - 0x00007ffd570d2000 	C:\WINDOWS\SYSTEM32\DBGHELP.DLL
0x00007ffd5a010000 - 0x00007ffd5a398000 	C:\WINDOWS\System32\combase.dll
0x00007ffd5bf10000 - 0x00007ffd5bfe7000 	C:\WINDOWS\System32\OLEAUT32.dll
0x00007ffd34b70000 - 0x00007ffd34ba2000 	C:\WINDOWS\SYSTEM32\dbgcore.DLL
0x00007ffd59780000 - 0x00007ffd597f9000 	C:\WINDOWS\System32\bcryptPrimitives.dll
0x00007ffd492d0000 - 0x00007ffd4930c000 	C:\Users\koenl\.jdks\openjdk-21.0.2\bin\jdwp.dll
0x00007ffd50e10000 - 0x00007ffd50e1f000 	C:\Users\koenl\.jdks\openjdk-21.0.2\bin\instrument.dll
0x00007ffd4e4c0000 - 0x00007ffd4e4df000 	C:\Users\koenl\.jdks\openjdk-21.0.2\bin\java.dll
0x00007ffd48d60000 - 0x00007ffd48d78000 	C:\Users\koenl\.jdks\openjdk-21.0.2\bin\zip.dll
0x00007ffd5b620000 - 0x00007ffd5be7c000 	C:\WINDOWS\System32\SHELL32.dll
0x00007ffd57450000 - 0x00007ffd57d46000 	C:\WINDOWS\SYSTEM32\windows.storage.dll
0x00007ffd571b0000 - 0x00007ffd572ee000 	C:\WINDOWS\SYSTEM32\wintypes.dll
0x00007ffd5aa30000 - 0x00007ffd5ab25000 	C:\WINDOWS\System32\SHCORE.dll
0x00007ffd5a690000 - 0x00007ffd5a6ee000 	C:\WINDOWS\System32\shlwapi.dll
0x00007ffd59480000 - 0x00007ffd594a1000 	C:\WINDOWS\SYSTEM32\profapi.dll
0x00007ffd20880000 - 0x00007ffd20957000 	C:\Users\koenl\.jdks\openjdk-21.0.2\bin\jsvml.dll
0x00007ffd50d60000 - 0x00007ffd50d6c000 	C:\Users\koenl\.jdks\openjdk-21.0.2\bin\dt_socket.dll
0x00007ffd58060000 - 0x00007ffd5808d000 	C:\WINDOWS\SYSTEM32\IPHLPAPI.DLL
0x00007ffd58aa0000 - 0x00007ffd58b09000 	C:\WINDOWS\system32\mswsock.dll
0x00007ffd49320000 - 0x00007ffd49330000 	C:\Users\koenl\.jdks\openjdk-21.0.2\bin\net.dll
0x00007ffd517e0000 - 0x00007ffd51916000 	C:\WINDOWS\SYSTEM32\WINHTTP.dll
0x00007ffd48d40000 - 0x00007ffd48d56000 	C:\Users\koenl\.jdks\openjdk-21.0.2\bin\nio.dll
0x00007ffd49280000 - 0x00007ffd49290000 	C:\Users\koenl\.jdks\openjdk-21.0.2\bin\verify.dll
0x00007ffd426f0000 - 0x00007ffd4270a000 	D:\DeltaProto\mohican\InspectorCamera.dll
0x00007ffce7c30000 - 0x00007ffce7d8b000 	D:\DeltaProto\mohican\EDSDK.dll
0x00007ffd5ad40000 - 0x00007ffd5b1b4000 	C:\WINDOWS\System32\SETUPAPI.dll
0x00007ffd5a880000 - 0x00007ffd5aa25000 	C:\WINDOWS\System32\ole32.dll
0x00007ffd55f60000 - 0x00007ffd5600b000 	C:\WINDOWS\system32\uxtheme.dll
0x00007ffd5b440000 - 0x00007ffd5b593000 	C:\WINDOWS\System32\MSCTF.dll
0x00007ffd59230000 - 0x00007ffd5927e000 	C:\WINDOWS\SYSTEM32\cfgmgr32.dll
0x00007ffd59f60000 - 0x00007ffd5a010000 	C:\WINDOWS\System32\clbcatq.dll
0x00007ffd56a70000 - 0x00007ffd56b0e000 	C:\Windows\System32\PortableDeviceApi.dll
0x00007ffd59200000 - 0x00007ffd5922c000 	C:\WINDOWS\SYSTEM32\DEVOBJ.dll
0x00007ffd596b0000 - 0x00007ffd5971b000 	C:\WINDOWS\System32\WINTRUST.dll
0x00007ffd59cd0000 - 0x00007ffd59e38000 	C:\WINDOWS\System32\CRYPT32.dll
0x00007ffd58d90000 - 0x00007ffd58da2000 	C:\WINDOWS\SYSTEM32\MSASN1.dll
0x00007ffd56b40000 - 0x00007ffd56b71000 	C:\Windows\System32\PortableDeviceTypes.dll
0x00007ffd56c30000 - 0x00007ffd56d31000 	C:\Windows\System32\PROPSYS.dll

dbghelp: loaded successfully - version: 4.0.5 - missing functions: none
symbol engine: initialized successfully - sym options: 0x614 - pdb path: .;C:\Users\koenl\.jdks\openjdk-21.0.2\bin;C:\WINDOWS\SYSTEM32;C:\WINDOWS\WinSxS\amd64_microsoft.windows.common-controls_6595b64144ccf1df_6.0.22621.3527_none_270e469b73872a76;C:\Users\koenl\.jdks\openjdk-21.0.2\bin\server;D:\DeltaProto\mohican

VM Arguments:
jvm_args: -agentlib:jdwp=transport=dt_socket,address=127.0.0.1:50876,suspend=y,server=n -javaagent:C:\Users\koenl\AppData\Local\JetBrains\IntelliJIdea2024.1\captureAgent\debugger-agent.jar -Dfile.encoding=UTF-8 -Dsun.stdout.encoding=UTF-8 -Dsun.stderr.encoding=UTF-8 
java_command: nl.bytesoflife.Inspector.CanonDriver
java_class_path (initial): D:\DeltaProto\mohican\target\classes;C:\Users\koenl\.m2\repository\org\springframework\boot\spring-boot-starter\2.7.11\spring-boot-starter-2.7.11.jar;C:\Users\koenl\.m2\repository\org\springframework\boot\spring-boot\2.7.11\spring-boot-2.7.11.jar;C:\Users\koenl\.m2\repository\org\springframework\spring-context\5.3.27\spring-context-5.3.27.jar;C:\Users\koenl\.m2\repository\org\springframework\spring-aop\5.3.27\spring-aop-5.3.27.jar;C:\Users\koenl\.m2\repository\org\springframework\spring-expression\5.3.27\spring-expression-5.3.27.jar;C:\Users\koenl\.m2\repository\org\springframework\boot\spring-boot-autoconfigure\2.7.11\spring-boot-autoconfigure-2.7.11.jar;C:\Users\koenl\.m2\repository\org\springframework\boot\spring-boot-starter-logging\2.7.11\spring-boot-starter-logging-2.7.11.jar;C:\Users\koenl\.m2\repository\ch\qos\logback\logback-classic\1.2.12\logback-classic-1.2.12.jar;C:\Users\koenl\.m2\repository\ch\qos\logback\logback-core\1.2.12\logback-core-1.2.12.jar;C:\Users\koenl\.m2\repository\org\apache\logging\log4j\log4j-to-slf4j\2.17.2\log4j-to-slf4j-2.17.2.jar;C:\Users\koenl\.m2\repository\org\apache\logging\log4j\log4j-api\2.17.2\log4j-api-2.17.2.jar;C:\Users\koenl\.m2\repository\org\slf4j\jul-to-slf4j\1.7.36\jul-to-slf4j-1.7.36.jar;C:\Users\koenl\.m2\repository\jakarta\annotation\jakarta.annotation-api\1.3.5\jakarta.annotation-api-1.3.5.jar;C:\Users\koenl\.m2\repository\org\springframework\spring-core\5.3.27\spring-core-5.3.27.jar;C:\Users\koenl\.m2\repository\org\springframework\spring-jcl\5.3.27\spring-jcl-5.3.27.jar;C:\Users\koenl\.m2\repository\org\yaml\snakeyaml\1.30\snakeyaml-1.30.jar;C:\Users\koenl\.m2\repository\org\springframework\boot\spring-boot-starter-websocket\2.7.11\spring-boot-starter-websocket-2.7.11.jar;C:\Users\koenl\.m2\repository\org\springframework\boot\spring-boot-starter-web\2.7.11\spring-boot-starter-web-2.7.11.jar;C:\Users\koenl\.m2\repository\org\springframework\boot\spring-boot-starter-json\2.7.11\spring-boot-starter-json-2.7.11.jar;C:\Users\koenl\.m2\repository\com\fasterxml\jackson\core\jackson-databind\2.13.5\jackson-databind-2.13.5.jar;C:\Users\koenl\.m2\repository\com\fasterxml\jackson\core\jackson-annotations\2.13.5\jackson-annotations-2.13.5.jar;C:\Users\koenl\.m2\repository\com\fasterxml\jackson\core\jackson-core\2.13.5\jackson-core-2.13.5.jar;C:\Users\koenl\.m2\repository\com\fasterxml\jackson\datatype\jackson-datatype-jdk8\2.13.5\jackson-datatype-jdk8-2.13.5.jar;C:\Users\koenl\.m2\repository\com\fasterxml\jackson\datatype\jackson-datatype-jsr310\2.13.5\jackson-datatype-jsr310-2.13.5.jar;C:\Users\koenl\.m2\repository\com\fasterxml\jackson\module\jackson-module-parameter-names\2.13.5\jackson-module-parameter-names-2.13.5.jar;C:\Users\koenl\.m2\repository\org\springframework\boot\spring-boot-starter-tomcat\2.7.11\spring-boot-starter-tomcat-2.7.11.jar;C:\Users\koenl\.m2\repository\org\apache\tomcat\embed\tomcat-embed-core\9.0.74\tomcat-embed-core-9.0.74.jar;C:\Users\koenl\.m2\repository\org\apache\tomcat\embed\tomcat-embed-el\9.0.74\tomcat-embed-el-9.0.74.jar;C:\Users\koenl\.m2\repository\org\apache\tomcat\embed\tomcat-embed-websocket\9.0.74\tomcat-embed-websocket-9.0.74.jar;C:\Users\koenl\.m2\repository\org\springframework\spring-web\5.3.27\spring-web-5.3.27.jar;C:\Users\koenl\.m2\repository\org\springframework\spring-webmvc\5.3.27\spring-webmvc-5.3.27.jar;C:\Users\koenl\.m2\repository\org\springframework\spring-messaging\5.3.27\spring-messaging-5.3.27.jar;C:\Users\koenl\.m2\repository\org\springframework\spring-beans\5.3.27\spring-beans-5.3.27.jar;C:\Users\koenl\.m2\repository\org\springframework\spring-websocket\5.3.27\spring-websocket-5.3.27.jar;C:\Users\koenl\.m2\repository\org\projectlombok\lombok\1.18.22\lombok-1.18.22.jar;C:\Users\koenl\.m2\repository\com\yuvimasory\orange-extensions\1.3.0\orange-extensions-1.3.0.jar;C:\Users\koenl\.m2\repository\io\github\java-native\jssc\2.9.4\jssc-2.9.4.jar;C:\Users\koenl\.m2\repository\org\scijava\native-lib-loader\2.3.6\native-lib-loader-2.3.6.jar;C:\Users\koenl\.m2\repository\org\slf4j\slf4j-api\1.7.36\slf4j-api-1.7.36.jar;C:\Users\koenl\.m2\repository\org\apache\poi\poi\3.15\poi-3.15.jar;C:\Users\koenl\.m2\repository\commons-codec\commons-codec\1.15\commons-codec-1.15.jar;C:\Users\koenl\.m2\repository\org\apache\commons\commons-collections4\4.1\commons-collections4-4.1.jar;C:\Users\koenl\.m2\repository\com\fazecast\jSerialComm\2.9.3\jSerialComm-2.9.3.jar;C:\Program Files\JetBrains\IntelliJ IDEA 2022.2.1\lib\idea_rt.jar
Launcher Type: SUN_STANDARD

[Global flags]
     intx CICompilerCount                          = 12                                        {product} {ergonomic}
     uint ConcGCThreads                            = 3                                         {product} {ergonomic}
     uint G1ConcRefinementThreads                  = 13                                        {product} {ergonomic}
   size_t G1HeapRegionSize                         = 2097152                                   {product} {ergonomic}
    uintx GCDrainStackTargetSize                   = 64                                        {product} {ergonomic}
   size_t InitialHeapSize                          = 232783872                                 {product} {ergonomic}
   size_t MarkStackSize                            = 4194304                                   {product} {ergonomic}
   size_t MaxHeapSize                              = 3718250496                                {product} {ergonomic}
   size_t MaxNewSize                               = 2229272576                                {product} {ergonomic}
   size_t MinHeapDeltaBytes                        = 2097152                                   {product} {ergonomic}
   size_t MinHeapSize                              = 8388608                                   {product} {ergonomic}
    uintx NonNMethodCodeHeapSize                   = 7602480                                {pd product} {ergonomic}
    uintx NonProfiledCodeHeapSize                  = 122027880                              {pd product} {ergonomic}
    uintx ProfiledCodeHeapSize                     = 122027880                              {pd product} {ergonomic}
    uintx ReservedCodeCacheSize                    = 251658240                              {pd product} {ergonomic}
     bool SegmentedCodeCache                       = true                                      {product} {ergonomic}
   size_t SoftMaxHeapSize                          = 3718250496                             {manageable} {ergonomic}
     bool UseCompressedOops                        = true                           {product lp64_product} {ergonomic}
     bool UseG1GC                                  = true                                      {product} {ergonomic}
     bool UseLargePagesIndividualAllocation        = false                                  {pd product} {ergonomic}

Logging:
Log output configuration:
 #0: stdout all=warning uptime,level,tags foldmultilines=false
 #1: stderr all=off uptime,level,tags foldmultilines=false

Environment Variables:
PATH=C:\Program Files\Common Files\Oracle\Java\javapath;C:\Python312\Scripts\;C:\Python312\;C:\Program Files\Zulu\zulu-22\bin\;C:\Program Files (x86)\Common Files\Oracle\Java\javapath;C:\WINDOWS\system32;C:\WINDOWS;C:\WINDOWS\System32\Wbem;C:\WINDOWS\System32\WindowsPowerShell\v1.0\;C:\WINDOWS\System32\OpenSSH\;C:\bin;C:\Program Files\PuTTY\;C:\Program Files\dotnet\;C:\Program Files (x86)\Windows Kits\10\Windows Performance Toolkit\;C:\Program Files\Git\cmd;C:\Program Files\nodejs\;C:\ProgramData\chocolatey\bin;;C:\Program Files\Microchip\xc8\v2.36\bin;C:\Program Files\Microchip\xc8\v2.46\bin;C:\Program Files\Microchip\xc-dsc\v3.10\bin;C:\Program Files\Microchip\xc32\v4.40\bin;C:\Users\koenl\AppData\Local\Microsoft\WindowsApps;C:\Users\koenl\AppData\Local\Programs\Microsoft VS Code\bin;C:\Users\koenl\AppData\Local\JetBrains\Toolbox\scripts;C:\Users\koenl\.dotnet\tools;C:\Users\koenl\AppData\Local\Google\Cloud SDK\google-cloud-sdk\bin;C:\Users\koenl\AppData\Roaming\npm;C:\MinGW\bin;C:\MinGW\mingw32\bin;D:\Stage\Instasllation\Lib\EDSDKv131800W\EDSDKv131800W\Windows\EDSDK_64\Dll;D:\Stage\InspectorCamera\Lib;
USERNAME=koenl
OS=Windows_NT
PROCESSOR_IDENTIFIER=AMD64 Family 25 Model 80 Stepping 0, AuthenticAMD
TMP=C:\Users\koenl\AppData\Local\Temp
TEMP=C:\Users\koenl\AppData\Local\Temp




Periodic native trim disabled

---------------  S Y S T E M  ---------------

OS:
 Windows 11 , 64 bit Build 22621 (10.0.22621.3527)
OS uptime: 0 days 1:36 hours
Hyper-V role detected

CPU: total 16 (initial active 16) (16 cores per cpu, 2 threads per core) family 25 model 80 stepping 0 microcode 0x0, cx8, cmov, fxsr, ht, mmx, 3dnowpref, sse, sse2, sse3, ssse3, sse4a, sse4.1, sse4.2, popcnt, lzcnt, tsc, tscinvbit, avx, avx2, aes, erms, clmul, bmi1, bmi2, adx, sha, fma, vzeroupper, clflush, clflushopt, hv, rdtscp, rdpid, fsrm, f16c, cet_ss
Processor Information for processor 0
  Max Mhz: 3201, Current Mhz: 1990, Mhz Limit: 3201
Processor Information for processor 1
  Max Mhz: 3201, Current Mhz: 1990, Mhz Limit: 3201
Processor Information for processor 2
  Max Mhz: 3201, Current Mhz: 1990, Mhz Limit: 3201
Processor Information for processor 3
  Max Mhz: 3201, Current Mhz: 1990, Mhz Limit: 3201
Processor Information for processor 4
  Max Mhz: 3201, Current Mhz: 1990, Mhz Limit: 3201
Processor Information for processor 5
  Max Mhz: 3201, Current Mhz: 1990, Mhz Limit: 3201
Processor Information for processor 6
  Max Mhz: 3201, Current Mhz: 1990, Mhz Limit: 3201
Processor Information for processor 7
  Max Mhz: 3201, Current Mhz: 1990, Mhz Limit: 3201
Processor Information for processor 8
  Max Mhz: 3201, Current Mhz: 1990, Mhz Limit: 3201
Processor Information for processor 9
  Max Mhz: 3201, Current Mhz: 1990, Mhz Limit: 3201
Processor Information for processor 10
  Max Mhz: 3201, Current Mhz: 1990, Mhz Limit: 3201
Processor Information for processor 11
  Max Mhz: 3201, Current Mhz: 1990, Mhz Limit: 3201
Processor Information for processor 12
  Max Mhz: 3201, Current Mhz: 1990, Mhz Limit: 3201
Processor Information for processor 13
  Max Mhz: 3201, Current Mhz: 3201, Mhz Limit: 3201
Processor Information for processor 14
  Max Mhz: 3201, Current Mhz: 3201, Mhz Limit: 3201
Processor Information for processor 15
  Max Mhz: 3201, Current Mhz: 1990, Mhz Limit: 3201

Memory: 4k page, system-wide physical 14182M (2778M free)
TotalPageFile size 23398M (AvailPageFile size 6969M)
current process WorkingSet (physical memory assigned to process): 59M, peak: 61M
current process commit charge ("private bytes"): 328M, peak: 330M

vm_info: OpenJDK 64-Bit Server VM (21.0.2+13-58) for windows-amd64 JRE (21.0.2+13-58), built on 2024-01-05T18:32:24Z by "mach5one" with MS VC++ 17.1 (VS2022)

END.
