#
# A fatal error has been detected by the Java Runtime Environment:
#
#  EXCEPTION_ACCESS_VIOLATION (0xc0000005) at pc=0x00007ffd4f16a348, pid=23600, tid=21972
#
# JRE version: OpenJDK Runtime Environment (19.0.2+7) (build 19.0.2+7-44)
# Java VM: OpenJDK 64-Bit Server VM (19.0.2+7-44, mixed mode, sharing, tiered, compressed oops, compressed class ptrs, g1 gc, windows-amd64)
# Problematic frame:
# C  [PortableDeviceApi.dll+0x2a348]
#
# No core dump will be written. Minidumps are not enabled by default on client versions of Windows
#
# If you would like to submit a bug report, please visit:
#   https://bugreport.java.com/bugreport/crash.jsp
# The crash happened outside the Java Virtual Machine in native code.
# See problematic frame for where to report the bug.
#

---------------  S U M M A R Y ------------

Command Line: -javaagent:C:\Program Files\JetBrains\IntelliJ IDEA 2022.2.1\lib\idea_rt.jar=53154:C:\Program Files\JetBrains\IntelliJ IDEA 2022.2.1\bin -Dfile.encoding=UTF-8 -Dsun.stdout.encoding=UTF-8 -Dsun.stderr.encoding=UTF-8 nl.bytesoflife.Inspector.CanonDriver

Host: AMD Ryzen 7 5800H with Radeon Graphics         , 16 cores, 13G,  Windows 11 , 64 bit Build 22621 (10.0.22621.3527)
Time: Fri May 24 12:01:54 2024 W. Europe Daylight Time elapsed time: 62.447647 seconds (0d 0h 1m 2s)

---------------  T H R E A D  ---------------

Current thread (0x00000247ff156fa0):  JavaThread "main" [_thread_in_native, id=21972, stack(0x00000081f5f00000,0x00000081f6000000)]

Stack: [0x00000081f5f00000,0x00000081f6000000],  sp=0x00000081f5ffecc0,  free space=1019k
Native frames: (J=compiled Java code, j=interpreted, Vv=VM code, C=native code)
C  [PortableDeviceApi.dll+0x2a348]

Java frames: (J=compiled Java code, j=interpreted, Vv=VM code)
j  nl.bytesoflife.Inspector.CanonDriver.DoAll()V+0
j  nl.bytesoflife.Inspector.CanonDriver.main([Ljava/lang/String;)V+65
v  ~StubRoutines::call_stub 0x000002478f2e100e

siginfo: EXCEPTION_ACCESS_VIOLATION (0xc0000005), reading address 0x0000000000000050


Registers:
RAX=0x0000000000000001, RBX=0x00000247a66397a0, RCX=0x0000000000000000, RDX=0x00000247fcf3fce0
RSP=0x00000081f5ffecc0, RBP=0x00000081f5ffed89, RSI=0x00000247a6655cc0, RDI=0x00000247a66398f8
R8 =0x00000247fce03fc0, R9 =0x0000000000000001, R10=0x0000000000000003, R11=0x00000081f5ffeb40
R12=0x0000000000000000, R13=0x0000000000000000, R14=0x00007ffd4f1c46b8, R15=0x00000247a6639850
RIP=0x00007ffd4f16a348, EFLAGS=0x0000000000010206


Register to memory mapping:

RIP=0x00007ffd4f16a348 PortableDeviceApi.dll
RAX=0x0000000000000001 is an unknown value
RBX=0x00000247a66397a0 points into unknown readable memory: 0x00007ffd4f1a1098 | 98 10 1a 4f fd 7f 00 00
RCX=0x0 is NULL
RDX=0x00000247fcf3fce0 points into unknown readable memory: 0x0000000000000000 | 00 00 00 00 00 00 00 00
RSP=0x00000081f5ffecc0 is pointing into the stack for thread: 0x00000247ff156fa0
RBP=0x00000081f5ffed89 is pointing into the stack for thread: 0x00000247ff156fa0
RSI=0x00000247a6655cc0 points into unknown readable memory: 0x00007ffd26d34e30 | 30 4e d3 26 fd 7f 00 00
RDI=0x00000247a66398f8 points into unknown readable memory: 0x0000000000000000 | 00 00 00 00 00 00 00 00
R8 =0x00000247fce03fc0 points into unknown readable memory: 0x00000247fce00d80 | 80 0d e0 fc 47 02 00 00
R9 =0x0000000000000001 is an unknown value
R10=0x0000000000000003 is an unknown value
R11=0x00000081f5ffeb40 is pointing into the stack for thread: 0x00000247ff156fa0
R12=0x0 is NULL
R13=0x0 is NULL
R14=0x00007ffd4f1c46b8 PortableDeviceApi.dll
R15=0x00000247a6639850 points into unknown readable memory: 0xffffffffffffffff | ff ff ff ff ff ff ff ff


Top of Stack: (sp=0x00000081f5ffecc0)
0x00000081f5ffecc0:   0000000000000000 0000000000000000
0x00000081f5ffecd0:   00000247a66398f8 00000247a6655cc0
0x00000081f5ffece0:   00000247a66397a0 00007ffd4f144556
0x00000081f5ffecf0:   0000024700000000 0000000000000001
0x00000081f5ffed00:   00000000000003e8 00000247a65ecd50
0x00000081f5ffed10:   00000000800401fd 00007ffd537f447e
0x00000081f5ffed20:   0000000000000200 00000247a6662fa0
0x00000081f5ffed30:   00007ffd53a93c10 0000000000000000
0x00000081f5ffed40:   0000000000000000 0000000000000000
0x00000081f5ffed50:   0000e9f200000000 00007ffd52dda3cb
0x00000081f5ffed60:   0000000000000000 00007ffd558e51a3
0x00000081f5ffed70:   0000000000000002 00000247a65e1480
0x00000081f5ffed80:   00000247a6631d30 00007ffd26ca6363
0x00000081f5ffed90:   00000000000000c8 00007ffd52db4e1d
0x00000081f5ffeda0:   0000000000000000 0000000000000002
0x00000081f5ffedb0:   0000a98f590bd824 0000000000000001 

Instructions: (pc=0x00007ffd4f16a348)
0x00007ffd4f16a248:   00 0f 1f 44 00 00 33 c0 48 8b 5c 24 40 48 83 c4
0x00007ffd4f16a258:   30 5f c3 cc cc cc cc cc cc cc cc cc 48 89 5c 24
0x00007ffd4f16a268:   08 48 89 74 24 10 57 48 83 ec 20 48 8b fa 48 8b
0x00007ffd4f16a278:   d9 48 8b 51 10 48 3b fa 0f 86 a5 00 00 00 48 83
0x00007ffd4f16a288:   3b 00 48 63 49 18 75 25 48 3b cf ba 08 00 00 00
0x00007ffd4f16a298:   48 0f 47 f9 48 8b cf 48 ff 15 8a 00 04 00 0f 1f
0x00007ffd4f16a2a8:   44 00 00 48 89 03 48 85 c0 74 41 eb 72 48 85 c9
0x00007ffd4f16a2b8:   75 13 48 8b ca 48 8b c7 48 d1 e9 48 2b c2 48 3b
0x00007ffd4f16a2c8:   c1 48 0f 47 c8 48 8d 04 0a ba 08 00 00 00 48 3b
0x00007ffd4f16a2d8:   f8 48 0f 42 f8 48 8b cf 48 ff 15 49 00 04 00 0f
0x00007ffd4f16a2e8:   1f 44 00 00 48 8b f0 48 85 c0 75 04 32 c0 eb 35
0x00007ffd4f16a2f8:   48 8b 53 08 48 8b ce 4c 8b 03 48 c1 e2 03 4c 8b
0x00007ffd4f16a308:   ca e8 82 ca fd ff 8b c8 e8 e7 1f fe ff 48 8b 0b
0x00007ffd4f16a318:   48 ff 15 19 00 04 00 0f 1f 44 00 00 48 89 33 48
0x00007ffd4f16a328:   89 7b 10 b0 01 48 8b 5c 24 30 48 8b 74 24 38 48
0x00007ffd4f16a338:   83 c4 20 5f c3 cc cc cc cc cc cc cc 48 83 ec 28
0x00007ffd4f16a348:   44 8b 41 50 ba 01 00 00 00 44 2b c2 83 c8 ff f0
0x00007ffd4f16a358:   0f c1 41 50 3b c2 75 1f 48 85 c9 74 16 48 8b 01
0x00007ffd4f16a368:   49 ba 70 da 50 34 9a 2e 6c a2 48 8b 00 ff 15 8d
0x00007ffd4f16a378:   01 04 00 33 c0 eb 03 41 8b c0 48 83 c4 28 c3 cc
0x00007ffd4f16a388:   cc cc cc cc cc cc cc cc 48 8b c4 48 89 58 08 48
0x00007ffd4f16a398:   89 68 10 48 89 70 18 57 48 83 ec 30 48 8b ea 48
0x00007ffd4f16a3a8:   8b f1 48 8d 51 28 48 8d 48 e8 e8 c9 82 fd ff 90
0x00007ffd4f16a3b8:   33 ff 48 39 7e 10 76 1e 48 8b d7 48 8d 4e 08 e8
0x00007ffd4f16a3c8:   08 fb ff ff 48 8d 4f 01 48 39 28 74 39 48 8b f9
0x00007ffd4f16a3d8:   48 3b 4e 10 72 e2 80 7c 24 28 00 74 11 48 8b 4c
0x00007ffd4f16a3e8:   24 20 48 ff 15 47 fe 03 00 0f 1f 44 00 00 33 c0
0x00007ffd4f16a3f8:   48 8b 5c 24 40 48 8b 6c 24 48 48 8b 74 24 50 48
0x00007ffd4f16a408:   83 c4 30 5f c3 cc 48 3b cf 72 39 48 83 f9 01 72
0x00007ffd4f16a418:   33 48 8b 56 10 48 3b ca 77 2a 48 2b d1 74 1f 48
0x00007ffd4f16a428:   8b 46 08 4c 8d 04 c8 48 8d 0c f8 48 c1 e2 03 4c
0x00007ffd4f16a438:   8b ca e8 51 c9 fd ff 8b c8 e8 b6 1e fe ff 48 ff 


Stack slot to memory mapping:
stack at sp + 0 slots: 0x0 is NULL
stack at sp + 1 slots: 0x0 is NULL
stack at sp + 2 slots: 0x00000247a66398f8 points into unknown readable memory: 0x0000000000000000 | 00 00 00 00 00 00 00 00
stack at sp + 3 slots: 0x00000247a6655cc0 points into unknown readable memory: 0x00007ffd26d34e30 | 30 4e d3 26 fd 7f 00 00
stack at sp + 4 slots: 0x00000247a66397a0 points into unknown readable memory: 0x00007ffd4f1a1098 | 98 10 1a 4f fd 7f 00 00
stack at sp + 5 slots: 0x00007ffd4f144556 PortableDeviceApi.dll
stack at sp + 6 slots: 0x0000024700000000 is an unknown value
stack at sp + 7 slots: 0x0000000000000001 is an unknown value


---------------  P R O C E S S  ---------------

Threads class SMR info:
_java_thread_list=0x00000247a6598d00, length=13, elements={
0x00000247ff156fa0, 0x00000247a1c99190, 0x00000247a1c9a120, 0x00000247a1c9f430,
0x00000247a1ca3120, 0x00000247a1ca5d00, 0x00000247a1cae7e0, 0x00000247a1cb3950,
0x00000247a1cb42c0, 0x00000247a1ccb860, 0x00000247a60e3000, 0x00000247a630e8b0,
0x00000247a630edf0
}

Java Threads: ( => current thread )
=>0x00000247ff156fa0 JavaThread "main" [_thread_in_native, id=21972, stack(0x00000081f5f00000,0x00000081f6000000)]
  0x00000247a1c99190 JavaThread "Reference Handler" daemon [_thread_blocked, id=24164, stack(0x00000081f6600000,0x00000081f6700000)]
  0x00000247a1c9a120 JavaThread "Finalizer" daemon [_thread_blocked, id=21840, stack(0x00000081f6700000,0x00000081f6800000)]
  0x00000247a1c9f430 JavaThread "Signal Dispatcher" daemon [_thread_blocked, id=22960, stack(0x00000081f6800000,0x00000081f6900000)]
  0x00000247a1ca3120 JavaThread "Attach Listener" daemon [_thread_blocked, id=23468, stack(0x00000081f6900000,0x00000081f6a00000)]
  0x00000247a1ca5d00 JavaThread "Service Thread" daemon [_thread_blocked, id=22680, stack(0x00000081f6a00000,0x00000081f6b00000)]
  0x00000247a1cae7e0 JavaThread "Monitor Deflation Thread" daemon [_thread_blocked, id=1936, stack(0x00000081f6b00000,0x00000081f6c00000)]
  0x00000247a1cb3950 JavaThread "C2 CompilerThread0" daemon [_thread_blocked, id=22800, stack(0x00000081f6c00000,0x00000081f6d00000)]
  0x00000247a1cb42c0 JavaThread "C1 CompilerThread0" daemon [_thread_blocked, id=19712, stack(0x00000081f6d00000,0x00000081f6e00000)]
  0x00000247a1ccb860 JavaThread "Sweeper thread" daemon [_thread_blocked, id=22824, stack(0x00000081f6e00000,0x00000081f6f00000)]
  0x00000247a60e3000 JavaThread "Common-Cleaner" daemon [_thread_blocked, id=8168, stack(0x00000081f7000000,0x00000081f7100000)]
  0x00000247a630e8b0 JavaThread "Monitor Ctrl-Break" daemon [_thread_in_native, id=22880, stack(0x00000081f7200000,0x00000081f7300000)]
  0x00000247a630edf0 JavaThread "Notification Thread" daemon [_thread_blocked, id=9896, stack(0x00000081f7300000,0x00000081f7400000)]

Other Threads:
  0x00000247a1c7d9b0 VMThread "VM Thread" [stack: 0x00000081f6500000,0x00000081f6600000] [id=9716]
  0x00000247a61e6ca0 WatcherThread "VM Periodic Task Thread" [stack: 0x00000081f7400000,0x00000081f7500000] [id=5140]
  0x00000247ff1bda30 WorkerThread "GC Thread#0" [stack: 0x00000081f6000000,0x00000081f6100000] [id=22052]
  0x00000247ff1ce8d0 ConcurrentGCThread "G1 Main Marker" [stack: 0x00000081f6100000,0x00000081f6200000] [id=7172]
  0x00000247ff1cf300 WorkerThread "G1 Conc#0" [stack: 0x00000081f6200000,0x00000081f6300000] [id=19208]
  0x00000247a1b37720 ConcurrentGCThread "G1 Refine#0" [stack: 0x00000081f6300000,0x00000081f6400000] [id=17152]
  0x00000247a1b3a190 ConcurrentGCThread "G1 Service" [stack: 0x00000081f6400000,0x00000081f6500000] [id=14036]

Threads with active compile tasks:

VM state: not at safepoint (normal execution)

VM Mutex/Monitor currently owned by a thread: None

Heap address: 0x0000000722600000, size: 3546 MB, Compressed Oops mode: Zero based, Oop shift amount: 3

CDS archive(s) mapped at: [0x0000000800000000-0x0000000800c40000-0x0000000800c40000), size 12845056, SharedBaseAddress: 0x0000000800000000, ArchiveRelocationMode: 0.
Compressed class space mapped at: 0x0000000801000000-0x0000000841000000, reserved size: 1073741824
Narrow klass base: 0x0000000800000000, Narrow klass shift: 0, Narrow klass range: 0x100000000

GC Precious Log:
 CardTable entry size: 512
 Card Set container configuration: InlinePtr #cards 4 size 8 Array Of Cards #cards 16 size 48 Howl #buckets 8 coarsen threshold 3686 Howl Bitmap #cards 512 size 80 coarsen threshold 460 Card regions per heap region 1 cards per card region 4096
 CPUs: 16 total, 16 available
 Memory: 14182M
 Large Page Support: Disabled
 NUMA Support: Disabled
 Compressed Oops: Enabled (Zero based)
 Heap Region Size: 2M
 Heap Min Capacity: 8M
 Heap Initial Capacity: 222M
 Heap Max Capacity: 3546M
 Pre-touch: Disabled
 Parallel Workers: 13
 Concurrent Workers: 3
 Concurrent Refinement Workers: 13
 Periodic GC: Disabled

Heap:
 garbage-first heap   total 227328K, used 10240K [0x0000000722600000, 0x0000000800000000)
  region size 2048K, 6 young (12288K), 0 survivors (0K)
 Metaspace       used 2579K, committed 2816K, reserved 1114112K
  class space    used 222K, committed 320K, reserved 1048576K

Heap Regions: E=young(eden), S=young(survivor), O=old, HS=humongous(starts), HC=humongous(continues), CS=collection set, F=free, OA=open archive, CA=closed archive, TAMS=top-at-mark-start (previous, next)
|   0|0x0000000722600000, 0x0000000722600000, 0x0000000722800000|  0%| F|  |TAMS 0x0000000722600000, 0x0000000722600000| Untracked 
|   1|0x0000000722800000, 0x0000000722800000, 0x0000000722a00000|  0%| F|  |TAMS 0x0000000722800000, 0x0000000722800000| Untracked 
|   2|0x0000000722a00000, 0x0000000722a00000, 0x0000000722c00000|  0%| F|  |TAMS 0x0000000722a00000, 0x0000000722a00000| Untracked 
|   3|0x0000000722c00000, 0x0000000722c00000, 0x0000000722e00000|  0%| F|  |TAMS 0x0000000722c00000, 0x0000000722c00000| Untracked 
|   4|0x0000000722e00000, 0x0000000722e00000, 0x0000000723000000|  0%| F|  |TAMS 0x0000000722e00000, 0x0000000722e00000| Untracked 
|   5|0x0000000723000000, 0x0000000723000000, 0x0000000723200000|  0%| F|  |TAMS 0x0000000723000000, 0x0000000723000000| Untracked 
|   6|0x0000000723200000, 0x0000000723200000, 0x0000000723400000|  0%| F|  |TAMS 0x0000000723200000, 0x0000000723200000| Untracked 
|   7|0x0000000723400000, 0x0000000723400000, 0x0000000723600000|  0%| F|  |TAMS 0x0000000723400000, 0x0000000723400000| Untracked 
|   8|0x0000000723600000, 0x0000000723600000, 0x0000000723800000|  0%| F|  |TAMS 0x0000000723600000, 0x0000000723600000| Untracked 
|   9|0x0000000723800000, 0x0000000723800000, 0x0000000723a00000|  0%| F|  |TAMS 0x0000000723800000, 0x0000000723800000| Untracked 
|  10|0x0000000723a00000, 0x0000000723a00000, 0x0000000723c00000|  0%| F|  |TAMS 0x0000000723a00000, 0x0000000723a00000| Untracked 
|  11|0x0000000723c00000, 0x0000000723c00000, 0x0000000723e00000|  0%| F|  |TAMS 0x0000000723c00000, 0x0000000723c00000| Untracked 
|  12|0x0000000723e00000, 0x0000000723e00000, 0x0000000724000000|  0%| F|  |TAMS 0x0000000723e00000, 0x0000000723e00000| Untracked 
|  13|0x0000000724000000, 0x0000000724000000, 0x0000000724200000|  0%| F|  |TAMS 0x0000000724000000, 0x0000000724000000| Untracked 
|  14|0x0000000724200000, 0x0000000724200000, 0x0000000724400000|  0%| F|  |TAMS 0x0000000724200000, 0x0000000724200000| Untracked 
|  15|0x0000000724400000, 0x0000000724400000, 0x0000000724600000|  0%| F|  |TAMS 0x0000000724400000, 0x0000000724400000| Untracked 
|  16|0x0000000724600000, 0x0000000724600000, 0x0000000724800000|  0%| F|  |TAMS 0x0000000724600000, 0x0000000724600000| Untracked 
|  17|0x0000000724800000, 0x0000000724800000, 0x0000000724a00000|  0%| F|  |TAMS 0x0000000724800000, 0x0000000724800000| Untracked 
|  18|0x0000000724a00000, 0x0000000724a00000, 0x0000000724c00000|  0%| F|  |TAMS 0x0000000724a00000, 0x0000000724a00000| Untracked 
|  19|0x0000000724c00000, 0x0000000724c00000, 0x0000000724e00000|  0%| F|  |TAMS 0x0000000724c00000, 0x0000000724c00000| Untracked 
|  20|0x0000000724e00000, 0x0000000724e00000, 0x0000000725000000|  0%| F|  |TAMS 0x0000000724e00000, 0x0000000724e00000| Untracked 
|  21|0x0000000725000000, 0x0000000725000000, 0x0000000725200000|  0%| F|  |TAMS 0x0000000725000000, 0x0000000725000000| Untracked 
|  22|0x0000000725200000, 0x0000000725200000, 0x0000000725400000|  0%| F|  |TAMS 0x0000000725200000, 0x0000000725200000| Untracked 
|  23|0x0000000725400000, 0x0000000725400000, 0x0000000725600000|  0%| F|  |TAMS 0x0000000725400000, 0x0000000725400000| Untracked 
|  24|0x0000000725600000, 0x0000000725600000, 0x0000000725800000|  0%| F|  |TAMS 0x0000000725600000, 0x0000000725600000| Untracked 
|  25|0x0000000725800000, 0x0000000725800000, 0x0000000725a00000|  0%| F|  |TAMS 0x0000000725800000, 0x0000000725800000| Untracked 
|  26|0x0000000725a00000, 0x0000000725a00000, 0x0000000725c00000|  0%| F|  |TAMS 0x0000000725a00000, 0x0000000725a00000| Untracked 
|  27|0x0000000725c00000, 0x0000000725c00000, 0x0000000725e00000|  0%| F|  |TAMS 0x0000000725c00000, 0x0000000725c00000| Untracked 
|  28|0x0000000725e00000, 0x0000000725e00000, 0x0000000726000000|  0%| F|  |TAMS 0x0000000725e00000, 0x0000000725e00000| Untracked 
|  29|0x0000000726000000, 0x0000000726000000, 0x0000000726200000|  0%| F|  |TAMS 0x0000000726000000, 0x0000000726000000| Untracked 
|  30|0x0000000726200000, 0x0000000726200000, 0x0000000726400000|  0%| F|  |TAMS 0x0000000726200000, 0x0000000726200000| Untracked 
|  31|0x0000000726400000, 0x0000000726400000, 0x0000000726600000|  0%| F|  |TAMS 0x0000000726400000, 0x0000000726400000| Untracked 
|  32|0x0000000726600000, 0x0000000726600000, 0x0000000726800000|  0%| F|  |TAMS 0x0000000726600000, 0x0000000726600000| Untracked 
|  33|0x0000000726800000, 0x0000000726800000, 0x0000000726a00000|  0%| F|  |TAMS 0x0000000726800000, 0x0000000726800000| Untracked 
|  34|0x0000000726a00000, 0x0000000726a00000, 0x0000000726c00000|  0%| F|  |TAMS 0x0000000726a00000, 0x0000000726a00000| Untracked 
|  35|0x0000000726c00000, 0x0000000726c00000, 0x0000000726e00000|  0%| F|  |TAMS 0x0000000726c00000, 0x0000000726c00000| Untracked 
|  36|0x0000000726e00000, 0x0000000726e00000, 0x0000000727000000|  0%| F|  |TAMS 0x0000000726e00000, 0x0000000726e00000| Untracked 
|  37|0x0000000727000000, 0x0000000727000000, 0x0000000727200000|  0%| F|  |TAMS 0x0000000727000000, 0x0000000727000000| Untracked 
|  38|0x0000000727200000, 0x0000000727200000, 0x0000000727400000|  0%| F|  |TAMS 0x0000000727200000, 0x0000000727200000| Untracked 
|  39|0x0000000727400000, 0x0000000727400000, 0x0000000727600000|  0%| F|  |TAMS 0x0000000727400000, 0x0000000727400000| Untracked 
|  40|0x0000000727600000, 0x0000000727600000, 0x0000000727800000|  0%| F|  |TAMS 0x0000000727600000, 0x0000000727600000| Untracked 
|  41|0x0000000727800000, 0x0000000727800000, 0x0000000727a00000|  0%| F|  |TAMS 0x0000000727800000, 0x0000000727800000| Untracked 
|  42|0x0000000727a00000, 0x0000000727a00000, 0x0000000727c00000|  0%| F|  |TAMS 0x0000000727a00000, 0x0000000727a00000| Untracked 
|  43|0x0000000727c00000, 0x0000000727c00000, 0x0000000727e00000|  0%| F|  |TAMS 0x0000000727c00000, 0x0000000727c00000| Untracked 
|  44|0x0000000727e00000, 0x0000000727e00000, 0x0000000728000000|  0%| F|  |TAMS 0x0000000727e00000, 0x0000000727e00000| Untracked 
|  45|0x0000000728000000, 0x0000000728000000, 0x0000000728200000|  0%| F|  |TAMS 0x0000000728000000, 0x0000000728000000| Untracked 
|  46|0x0000000728200000, 0x0000000728200000, 0x0000000728400000|  0%| F|  |TAMS 0x0000000728200000, 0x0000000728200000| Untracked 
|  47|0x0000000728400000, 0x0000000728400000, 0x0000000728600000|  0%| F|  |TAMS 0x0000000728400000, 0x0000000728400000| Untracked 
|  48|0x0000000728600000, 0x0000000728600000, 0x0000000728800000|  0%| F|  |TAMS 0x0000000728600000, 0x0000000728600000| Untracked 
|  49|0x0000000728800000, 0x0000000728800000, 0x0000000728a00000|  0%| F|  |TAMS 0x0000000728800000, 0x0000000728800000| Untracked 
|  50|0x0000000728a00000, 0x0000000728a00000, 0x0000000728c00000|  0%| F|  |TAMS 0x0000000728a00000, 0x0000000728a00000| Untracked 
|  51|0x0000000728c00000, 0x0000000728c00000, 0x0000000728e00000|  0%| F|  |TAMS 0x0000000728c00000, 0x0000000728c00000| Untracked 
|  52|0x0000000728e00000, 0x0000000728e00000, 0x0000000729000000|  0%| F|  |TAMS 0x0000000728e00000, 0x0000000728e00000| Untracked 
|  53|0x0000000729000000, 0x0000000729000000, 0x0000000729200000|  0%| F|  |TAMS 0x0000000729000000, 0x0000000729000000| Untracked 
|  54|0x0000000729200000, 0x0000000729200000, 0x0000000729400000|  0%| F|  |TAMS 0x0000000729200000, 0x0000000729200000| Untracked 
|  55|0x0000000729400000, 0x0000000729400000, 0x0000000729600000|  0%| F|  |TAMS 0x0000000729400000, 0x0000000729400000| Untracked 
|  56|0x0000000729600000, 0x0000000729600000, 0x0000000729800000|  0%| F|  |TAMS 0x0000000729600000, 0x0000000729600000| Untracked 
|  57|0x0000000729800000, 0x0000000729800000, 0x0000000729a00000|  0%| F|  |TAMS 0x0000000729800000, 0x0000000729800000| Untracked 
|  58|0x0000000729a00000, 0x0000000729a00000, 0x0000000729c00000|  0%| F|  |TAMS 0x0000000729a00000, 0x0000000729a00000| Untracked 
|  59|0x0000000729c00000, 0x0000000729c00000, 0x0000000729e00000|  0%| F|  |TAMS 0x0000000729c00000, 0x0000000729c00000| Untracked 
|  60|0x0000000729e00000, 0x0000000729e00000, 0x000000072a000000|  0%| F|  |TAMS 0x0000000729e00000, 0x0000000729e00000| Untracked 
|  61|0x000000072a000000, 0x000000072a000000, 0x000000072a200000|  0%| F|  |TAMS 0x000000072a000000, 0x000000072a000000| Untracked 
|  62|0x000000072a200000, 0x000000072a200000, 0x000000072a400000|  0%| F|  |TAMS 0x000000072a200000, 0x000000072a200000| Untracked 
|  63|0x000000072a400000, 0x000000072a400000, 0x000000072a600000|  0%| F|  |TAMS 0x000000072a400000, 0x000000072a400000| Untracked 
|  64|0x000000072a600000, 0x000000072a600000, 0x000000072a800000|  0%| F|  |TAMS 0x000000072a600000, 0x000000072a600000| Untracked 
|  65|0x000000072a800000, 0x000000072a800000, 0x000000072aa00000|  0%| F|  |TAMS 0x000000072a800000, 0x000000072a800000| Untracked 
|  66|0x000000072aa00000, 0x000000072aa00000, 0x000000072ac00000|  0%| F|  |TAMS 0x000000072aa00000, 0x000000072aa00000| Untracked 
|  67|0x000000072ac00000, 0x000000072ac00000, 0x000000072ae00000|  0%| F|  |TAMS 0x000000072ac00000, 0x000000072ac00000| Untracked 
|  68|0x000000072ae00000, 0x000000072ae00000, 0x000000072b000000|  0%| F|  |TAMS 0x000000072ae00000, 0x000000072ae00000| Untracked 
|  69|0x000000072b000000, 0x000000072b000000, 0x000000072b200000|  0%| F|  |TAMS 0x000000072b000000, 0x000000072b000000| Untracked 
|  70|0x000000072b200000, 0x000000072b200000, 0x000000072b400000|  0%| F|  |TAMS 0x000000072b200000, 0x000000072b200000| Untracked 
|  71|0x000000072b400000, 0x000000072b400000, 0x000000072b600000|  0%| F|  |TAMS 0x000000072b400000, 0x000000072b400000| Untracked 
|  72|0x000000072b600000, 0x000000072b600000, 0x000000072b800000|  0%| F|  |TAMS 0x000000072b600000, 0x000000072b600000| Untracked 
|  73|0x000000072b800000, 0x000000072b800000, 0x000000072ba00000|  0%| F|  |TAMS 0x000000072b800000, 0x000000072b800000| Untracked 
|  74|0x000000072ba00000, 0x000000072ba00000, 0x000000072bc00000|  0%| F|  |TAMS 0x000000072ba00000, 0x000000072ba00000| Untracked 
|  75|0x000000072bc00000, 0x000000072bc00000, 0x000000072be00000|  0%| F|  |TAMS 0x000000072bc00000, 0x000000072bc00000| Untracked 
|  76|0x000000072be00000, 0x000000072be00000, 0x000000072c000000|  0%| F|  |TAMS 0x000000072be00000, 0x000000072be00000| Untracked 
|  77|0x000000072c000000, 0x000000072c000000, 0x000000072c200000|  0%| F|  |TAMS 0x000000072c000000, 0x000000072c000000| Untracked 
|  78|0x000000072c200000, 0x000000072c200000, 0x000000072c400000|  0%| F|  |TAMS 0x000000072c200000, 0x000000072c200000| Untracked 
|  79|0x000000072c400000, 0x000000072c400000, 0x000000072c600000|  0%| F|  |TAMS 0x000000072c400000, 0x000000072c400000| Untracked 
|  80|0x000000072c600000, 0x000000072c600000, 0x000000072c800000|  0%| F|  |TAMS 0x000000072c600000, 0x000000072c600000| Untracked 
|  81|0x000000072c800000, 0x000000072c800000, 0x000000072ca00000|  0%| F|  |TAMS 0x000000072c800000, 0x000000072c800000| Untracked 
|  82|0x000000072ca00000, 0x000000072ca00000, 0x000000072cc00000|  0%| F|  |TAMS 0x000000072ca00000, 0x000000072ca00000| Untracked 
|  83|0x000000072cc00000, 0x000000072cc00000, 0x000000072ce00000|  0%| F|  |TAMS 0x000000072cc00000, 0x000000072cc00000| Untracked 
|  84|0x000000072ce00000, 0x000000072ce00000, 0x000000072d000000|  0%| F|  |TAMS 0x000000072ce00000, 0x000000072ce00000| Untracked 
|  85|0x000000072d000000, 0x000000072d000000, 0x000000072d200000|  0%| F|  |TAMS 0x000000072d000000, 0x000000072d000000| Untracked 
|  86|0x000000072d200000, 0x000000072d200000, 0x000000072d400000|  0%| F|  |TAMS 0x000000072d200000, 0x000000072d200000| Untracked 
|  87|0x000000072d400000, 0x000000072d400000, 0x000000072d600000|  0%| F|  |TAMS 0x000000072d400000, 0x000000072d400000| Untracked 
|  88|0x000000072d600000, 0x000000072d600000, 0x000000072d800000|  0%| F|  |TAMS 0x000000072d600000, 0x000000072d600000| Untracked 
|  89|0x000000072d800000, 0x000000072d800000, 0x000000072da00000|  0%| F|  |TAMS 0x000000072d800000, 0x000000072d800000| Untracked 
|  90|0x000000072da00000, 0x000000072da00000, 0x000000072dc00000|  0%| F|  |TAMS 0x000000072da00000, 0x000000072da00000| Untracked 
|  91|0x000000072dc00000, 0x000000072dc00000, 0x000000072de00000|  0%| F|  |TAMS 0x000000072dc00000, 0x000000072dc00000| Untracked 
|  92|0x000000072de00000, 0x000000072de00000, 0x000000072e000000|  0%| F|  |TAMS 0x000000072de00000, 0x000000072de00000| Untracked 
|  93|0x000000072e000000, 0x000000072e000000, 0x000000072e200000|  0%| F|  |TAMS 0x000000072e000000, 0x000000072e000000| Untracked 
|  94|0x000000072e200000, 0x000000072e200000, 0x000000072e400000|  0%| F|  |TAMS 0x000000072e200000, 0x000000072e200000| Untracked 
|  95|0x000000072e400000, 0x000000072e400000, 0x000000072e600000|  0%| F|  |TAMS 0x000000072e400000, 0x000000072e400000| Untracked 
|  96|0x000000072e600000, 0x000000072e600000, 0x000000072e800000|  0%| F|  |TAMS 0x000000072e600000, 0x000000072e600000| Untracked 
|  97|0x000000072e800000, 0x000000072e800000, 0x000000072ea00000|  0%| F|  |TAMS 0x000000072e800000, 0x000000072e800000| Untracked 
|  98|0x000000072ea00000, 0x000000072ea00000, 0x000000072ec00000|  0%| F|  |TAMS 0x000000072ea00000, 0x000000072ea00000| Untracked 
|  99|0x000000072ec00000, 0x000000072ec00000, 0x000000072ee00000|  0%| F|  |TAMS 0x000000072ec00000, 0x000000072ec00000| Untracked 
| 100|0x000000072ee00000, 0x000000072ee00000, 0x000000072f000000|  0%| F|  |TAMS 0x000000072ee00000, 0x000000072ee00000| Untracked 
| 101|0x000000072f000000, 0x000000072f000000, 0x000000072f200000|  0%| F|  |TAMS 0x000000072f000000, 0x000000072f000000| Untracked 
| 102|0x000000072f200000, 0x000000072f200000, 0x000000072f400000|  0%| F|  |TAMS 0x000000072f200000, 0x000000072f200000| Untracked 
| 103|0x000000072f400000, 0x000000072f400000, 0x000000072f600000|  0%| F|  |TAMS 0x000000072f400000, 0x000000072f400000| Untracked 
| 104|0x000000072f600000, 0x000000072f600000, 0x000000072f800000|  0%| F|  |TAMS 0x000000072f600000, 0x000000072f600000| Untracked 
| 105|0x000000072f800000, 0x000000072f871260, 0x000000072fa00000| 22%| E|  |TAMS 0x000000072f800000, 0x000000072f800000| Complete 
| 106|0x000000072fa00000, 0x000000072fc00000, 0x000000072fc00000|100%| E|CS|TAMS 0x000000072fa00000, 0x000000072fa00000| Complete 
| 107|0x000000072fc00000, 0x000000072fe00000, 0x000000072fe00000|100%| E|CS|TAMS 0x000000072fc00000, 0x000000072fc00000| Complete 
| 108|0x000000072fe00000, 0x0000000730000000, 0x0000000730000000|100%| E|CS|TAMS 0x000000072fe00000, 0x000000072fe00000| Complete 
| 109|0x0000000730000000, 0x0000000730200000, 0x0000000730200000|100%| E|CS|TAMS 0x0000000730000000, 0x0000000730000000| Complete 
| 110|0x0000000730200000, 0x0000000730400000, 0x0000000730400000|100%| E|CS|TAMS 0x0000000730200000, 0x0000000730200000| Complete 

Card table byte_map: [0x0000024797580000,0x0000024797c70000] _byte_map_base: 0x0000024793c6d000

Marking Bits (Prev, Next): (CMBitMap*) 0x00000247ff1be060, (CMBitMap*) 0x00000247ff1be0a0
 Prev Bits: [0x0000024798360000, 0x000002479bac8000)
 Next Bits: [0x000002479bad0000, 0x000002479f238000)

Polling page: 0x00000247fcef0000

Metaspace:

Usage:
  Non-class:      2.30 MB used.
      Class:    222.63 KB used.
       Both:      2.52 MB used.

Virtual space:
  Non-class space:       64.00 MB reserved,       2.44 MB (  4%) committed,  1 nodes.
      Class space:        1.00 GB reserved,     320.00 KB ( <1%) committed,  1 nodes.
             Both:        1.06 GB reserved,       2.75 MB ( <1%) committed. 

Chunk freelists:
   Non-Class:  3.56 MB
       Class:  3.67 MB
        Both:  7.23 MB

MaxMetaspaceSize: unlimited
CompressedClassSpaceSize: 1.00 GB
Initial GC threshold: 21.00 MB
Current GC threshold: 21.00 MB
CDS: on
MetaspaceReclaimPolicy: balanced
 - commit_granule_bytes: 65536.
 - commit_granule_words: 8192.
 - virtual_space_node_default_size: 8388608.
 - enlarge_chunks_in_place: 1.
 - new_chunks_are_fully_committed: 0.
 - uncommit_free_chunks: 1.
 - use_allocation_guard: 0.


Internal statistics:

num_allocs_failed_limit: 0.
num_arena_births: 30.
num_arena_deaths: 0.
num_vsnodes_births: 2.
num_vsnodes_deaths: 0.
num_space_committed: 44.
num_space_uncommitted: 0.
num_chunks_returned_to_freelist: 0.
num_chunks_taken_from_freelist: 66.
num_chunk_merges: 0.
num_chunk_splits: 38.
num_chunks_enlarged: 24.
num_inconsistent_stats: 0.

CodeHeap 'non-profiled nmethods': size=119168Kb used=235Kb max_used=235Kb free=118932Kb
 bounds [0x000002478fa30000, 0x000002478fca0000, 0x0000024796e90000]
CodeHeap 'profiled nmethods': size=119104Kb used=1231Kb max_used=1231Kb free=117872Kb
 bounds [0x0000024787e90000, 0x0000024788100000, 0x000002478f2e0000]
CodeHeap 'non-nmethods': size=7488Kb used=1241Kb max_used=2939Kb free=6246Kb
 bounds [0x000002478f2e0000, 0x000002478f5d0000, 0x000002478fa30000]
 total_blobs=1222 nmethods=773 adapters=360
 compilation: enabled
              stopped_count=0, restarted_count=0
 full_count=0

Compilation events (20 events):
Event: 1.100 Thread 0x00000247a60baff0  765       3       java.lang.String::compareTo (63 bytes)
Event: 1.100 Thread 0x00000247a653f8e0  766       3       java.lang.StringLatin1::compareTo (14 bytes)
Event: 1.100 Thread 0x00000247a1cb42c0 nmethod 764 0x0000024787fc1390 code [0x0000024787fc1540, 0x0000024787fc1768]
Event: 1.100 Thread 0x00000247a653f8e0 nmethod 766 0x0000024787fc1810 code [0x0000024787fc19c0, 0x0000024787fc1ae8]
Event: 1.100 Thread 0x00000247a653f8e0  768       3       java.util.Map$Entry$$Lambda$41/0x00000008010660a0::compare (12 bytes)
Event: 1.100 Thread 0x00000247a1cb42c0  769       3       java.util.Map$Entry::lambda$comparingByKey$bbdbfea9$1 (21 bytes)
Event: 1.101 Thread 0x00000247a1cb42c0 nmethod 769 0x0000024787fc1c10 code [0x0000024787fc1de0, 0x0000024787fc2248]
Event: 1.101 Thread 0x00000247a653f8e0 nmethod 768 0x0000024787fc2390 code [0x0000024787fc2580, 0x0000024787fc2c88]
Event: 1.101 Thread 0x00000247a60baff0 nmethod 765 0x0000024787fc2e10 code [0x0000024787fc3020, 0x0000024787fc34b8]
Event: 1.101 Thread 0x00000247a1cb42c0  770       3       java.lang.StringBuilder::<init> (6 bytes)
Event: 1.101 Thread 0x00000247a1cb42c0 nmethod 770 0x0000024787fc3690 code [0x0000024787fc3840, 0x0000024787fc3988]
Event: 1.102 Thread 0x00000247a1cb42c0  773       3       java.util.ArrayList$Itr::hasNext (20 bytes)
Event: 1.102 Thread 0x00000247a1cb42c0 nmethod 773 0x0000024787fc3a10 code [0x0000024787fc3ba0, 0x0000024787fc3d18]
Event: 1.112 Thread 0x00000247a1cb3950 nmethod 741 0x000002478fa68310 code [0x000002478fa68520, 0x000002478fa690f0]
Event: 1.112 Thread 0x00000247a1cb3950  771       4       java.lang.AbstractStringBuilder::append (77 bytes)
Event: 1.116 Thread 0x00000247a1cb3950 nmethod 771 0x000002478fa69890 code [0x000002478fa69a60, 0x000002478fa69fb0]
Event: 1.116 Thread 0x00000247a1cb3950  772       4       java.lang.StringBuilder::append (8 bytes)
Event: 1.121 Thread 0x00000247a1cb3950 nmethod 772 0x000002478fa6a210 code [0x000002478fa6a3e0, 0x000002478fa6a930]
Event: 1.121 Thread 0x00000247a1cb3950  763       4       java.lang.Math::min (11 bytes)
Event: 1.121 Thread 0x00000247a1cb3950 nmethod 763 0x000002478fa6ac10 code [0x000002478fa6ad80, 0x000002478fa6add8]

GC Heap History (0 events):
No events

Dll operation events (13 events):
Event: 0.011 Loaded shared library C:\Users\koenl\.jdks\openjdk-19.0.2\bin\java.dll
Event: 0.024 Loaded shared library C:\Users\koenl\.jdks\openjdk-19.0.2\bin\jsvml.dll
Event: 0.142 Loaded shared library C:\Users\koenl\.jdks\openjdk-19.0.2\bin\zip.dll
Event: 0.146 Loaded shared library C:\Users\koenl\.jdks\openjdk-19.0.2\bin\instrument.dll
Event: 0.156 Loaded shared library C:\Users\koenl\.jdks\openjdk-19.0.2\bin\net.dll
Event: 0.159 Loaded shared library C:\Users\koenl\.jdks\openjdk-19.0.2\bin\nio.dll
Event: 0.164 Loaded shared library C:\Users\koenl\.jdks\openjdk-19.0.2\bin\zip.dll
Event: 0.230 Loaded shared library C:\Program Files\JetBrains\IntelliJ IDEA 2022.2.1\bin\breakgen64.dll
Event: 0.236 Loaded shared library C:\Users\koenl\.jdks\openjdk-19.0.2\bin\verify.dll
Event: 0.243 Loaded shared library C:\Users\koenl\.jdks\openjdk-19.0.2\bin\extnet.dll
Event: 0.245 Loaded shared library C:\Users\koenl\.jdks\openjdk-19.0.2\bin\jimage.dll
Event: 0.390 Loaded shared library D:\DeltaProto\mohican\InspectorCamera.dll
Event: 0.392 Loaded shared library D:\Stage\Instasllation\Lib\EDSDKv131800W\EDSDKv131800W\Windows\EDSDK_64\Dll\EDSDK.dll

Deoptimization events (20 events):
Event: 0.393 Thread 0x00000247ff156fa0 Uncommon trap: trap_request=0xffffff45 fr.pc=0x000002478fa56bf0 relative=0x0000000000000150
Event: 0.393 Thread 0x00000247ff156fa0 Uncommon trap: reason=unstable_if action=reinterpret pc=0x000002478fa56bf0 method=java.util.concurrent.locks.ReentrantLock$NonfairSync.initialTryLock()Z @ 10 c2
Event: 0.393 Thread 0x00000247ff156fa0 DEOPT PACKING pc=0x000002478fa56bf0 sp=0x00000081f5fff030
Event: 0.393 Thread 0x00000247ff156fa0 DEOPT UNPACKING pc=0x000002478f346da3 sp=0x00000081f5ffeec0 mode 2
Event: 0.393 Thread 0x00000247ff156fa0 Uncommon trap: trap_request=0xffffff45 fr.pc=0x000002478fa56ffc relative=0x00000000000000dc
Event: 0.393 Thread 0x00000247ff156fa0 Uncommon trap: reason=unstable_if action=reinterpret pc=0x000002478fa56ffc method=java.util.concurrent.locks.ReentrantLock$Sync.tryRelease(I)Z @ 26 c2
Event: 0.393 Thread 0x00000247ff156fa0 DEOPT PACKING pc=0x000002478fa56ffc sp=0x00000081f5fff020
Event: 0.393 Thread 0x00000247ff156fa0 DEOPT UNPACKING pc=0x000002478f346da3 sp=0x00000081f5ffeeb0 mode 2
Event: 0.393 Thread 0x00000247ff156fa0 Uncommon trap: trap_request=0xffffff45 fr.pc=0x000002478fa52b64 relative=0x0000000000000144
Event: 0.393 Thread 0x00000247ff156fa0 Uncommon trap: reason=unstable_if action=reinterpret pc=0x000002478fa52b64 method=java.util.concurrent.locks.ReentrantLock$NonfairSync.initialTryLock()Z @ 10 c2
Event: 0.393 Thread 0x00000247ff156fa0 DEOPT PACKING pc=0x000002478fa52b64 sp=0x00000081f5ffef80
Event: 0.393 Thread 0x00000247ff156fa0 DEOPT UNPACKING pc=0x000002478f346da3 sp=0x00000081f5ffef28 mode 2
Event: 0.393 Thread 0x00000247ff156fa0 Uncommon trap: trap_request=0xffffff45 fr.pc=0x000002478fa52468 relative=0x00000000000000c8
Event: 0.393 Thread 0x00000247ff156fa0 Uncommon trap: reason=unstable_if action=reinterpret pc=0x000002478fa52468 method=java.util.concurrent.locks.ReentrantLock$Sync.tryRelease(I)Z @ 26 c2
Event: 0.393 Thread 0x00000247ff156fa0 DEOPT PACKING pc=0x000002478fa52468 sp=0x00000081f5ffef80
Event: 0.393 Thread 0x00000247ff156fa0 DEOPT UNPACKING pc=0x000002478f346da3 sp=0x00000081f5ffef20 mode 2
Event: 1.081 Thread 0x00000247a1ca3120 Uncommon trap: trap_request=0xffffff45 fr.pc=0x000002478fa6005c relative=0x000000000000075c
Event: 1.081 Thread 0x00000247a1ca3120 Uncommon trap: reason=unstable_if action=reinterpret pc=0x000002478fa6005c method=java.util.regex.Pattern$BmpCharPropertyGreedy.match(Ljava/util/regex/Matcher;ILjava/lang/CharSequence;)Z @ 12 c2
Event: 1.081 Thread 0x00000247a1ca3120 DEOPT PACKING pc=0x000002478fa6005c sp=0x00000081f69fe340
Event: 1.081 Thread 0x00000247a1ca3120 DEOPT UNPACKING pc=0x000002478f346da3 sp=0x00000081f69fe218 mode 2

Classes loaded (20 events):
Event: 1.089 Loading class java/time/zone/Ser
Event: 1.089 Loading class java/io/Externalizable
Event: 1.089 Loading class java/io/Externalizable done
Event: 1.089 Loading class java/time/zone/Ser done
Event: 1.090 Loading class java/time/Month
Event: 1.090 Loading class java/time/Month done
Event: 1.090 Loading class java/time/DayOfWeek
Event: 1.090 Loading class java/time/DayOfWeek done
Event: 1.091 Loading class java/time/zone/ZoneOffsetTransitionRule$TimeDefinition
Event: 1.091 Loading class java/time/zone/ZoneOffsetTransitionRule$TimeDefinition done
Event: 1.092 Loading class java/time/zone/ZoneOffsetTransition
Event: 1.092 Loading class java/time/zone/ZoneOffsetTransition done
Event: 1.093 Loading class sun/util/cldr/CLDRBaseLocaleDataMetaInfo$TZCanonicalIDMapHolder
Event: 1.094 Loading class sun/util/cldr/CLDRBaseLocaleDataMetaInfo$TZCanonicalIDMapHolder done
Event: 1.095 Loading class sun/util/resources/TimeZoneNames
Event: 1.095 Loading class sun/util/resources/TimeZoneNames done
Event: 1.096 Loading class sun/util/resources/TimeZoneNames_en
Event: 1.096 Loading class sun/util/resources/TimeZoneNames_en done
Event: 2.682 Loading class java/util/regex/Pattern$1
Event: 2.683 Loading class java/util/regex/Pattern$1 done

Classes unloaded (0 events):
No events

Classes redefined (0 events):
No events

Internal exceptions (7 events):
Event: 0.219 Thread 0x00000247ff156fa0 Exception <a 'java/lang/NoSuchMethodError'{0x000000072ff43a68}: 'void java.lang.invoke.DirectMethodHandle$Holder.invokeStatic(java.lang.Object, java.lang.Object, java.lang.Object)'> (0x000000072ff43a68) 
thrown [s\open\src\hotspot\share\interpreter\linkResolver.cpp, line 774]
Event: 0.225 Thread 0x00000247ff156fa0 Exception <a 'java/lang/NoSuchMethodError'{0x000000072ff5c060}: 'java.lang.Object java.lang.invoke.Invokers$Holder.invokeExact_MT(java.lang.Object, java.lang.Object, java.lang.Object, java.lang.Object, java.lang.Object)'> (0x000000072ff5c060) 
thrown [s\open\src\hotspot\share\interpreter\linkResolver.cpp, line 774]
Event: 0.245 Thread 0x00000247a630e8b0 Exception <a 'java/lang/NoSuchMethodError'{0x000000072ffb1b98}: 'void java.lang.invoke.DirectMethodHandle$Holder.invokeStatic(java.lang.Object, java.lang.Object)'> (0x000000072ffb1b98) 
thrown [s\open\src\hotspot\share\interpreter\linkResolver.cpp, line 774]
Event: 0.294 Thread 0x00000247ff156fa0 Exception <a 'java/lang/ClassNotFoundException'{0x000000072fc7cae8}: javax/smartcardio/CardPermission> (0x000000072fc7cae8) 
thrown [s\open\src\hotspot\share\classfile\systemDictionary.cpp, line 255]
Event: 0.298 Thread 0x00000247ff156fa0 Exception <a 'java/io/FileNotFoundException'{0x000000072fc8a940}> (0x000000072fc8a940) 
thrown [s\open\src\hotspot\share\prims\jni.cpp, line 517]
Event: 0.382 Thread 0x00000247ff156fa0 Exception <a 'java/lang/NoSuchMethodError'{0x000000072fabe3d0}: 'org.slf4j.impl.StaticMDCBinder org.slf4j.impl.StaticMDCBinder.getSingleton()'> (0x000000072fabe3d0) 
thrown [s\open\src\hotspot\share\interpreter\linkResolver.cpp, line 774]
Event: 1.097 Thread 0x00000247a1ca3120 Exception <a 'java/lang/NoSuchMethodError'{0x000000072f806ee0}: 'java.lang.Object java.lang.invoke.Invokers$Holder.invokeExact_MT(java.lang.Object, java.lang.Object, java.lang.Object, java.lang.Object, java.lang.Object, java.lang.Object)'> (0x000000072f806ee0) 
thrown [s\open\src\hotspot\share\interpreter\linkResolver.cpp, line 774]

VM Operations (12 events):
Event: 0.124 Executing VM operation: HandshakeAllThreads
Event: 0.124 Executing VM operation: HandshakeAllThreads done
Event: 0.235 Executing VM operation: HandshakeAllThreads
Event: 0.235 Executing VM operation: HandshakeAllThreads done
Event: 0.356 Executing VM operation: HandshakeAllThreads
Event: 0.356 Executing VM operation: HandshakeAllThreads done
Event: 0.383 Executing VM operation: HandshakeAllThreads
Event: 0.383 Executing VM operation: HandshakeAllThreads done
Event: 1.382 Executing VM operation: Cleanup
Event: 1.382 Executing VM operation: Cleanup done
Event: 60.889 Executing VM operation: Cleanup
Event: 60.889 Executing VM operation: Cleanup done

Events (20 events):
Event: 0.040 Thread 0x00000247a1c99190 Thread added: 0x00000247a1c99190
Event: 0.040 Thread 0x00000247a1c9a120 Thread added: 0x00000247a1c9a120
Event: 0.040 Thread 0x00000247a1c9f430 Thread added: 0x00000247a1c9f430
Event: 0.040 Thread 0x00000247a1ca3120 Thread added: 0x00000247a1ca3120
Event: 0.041 Thread 0x00000247a1ca5d00 Thread added: 0x00000247a1ca5d00
Event: 0.041 Thread 0x00000247a1cae7e0 Thread added: 0x00000247a1cae7e0
Event: 0.041 Thread 0x00000247a1cb3950 Thread added: 0x00000247a1cb3950
Event: 0.041 Thread 0x00000247a1cb42c0 Thread added: 0x00000247a1cb42c0
Event: 0.041 Thread 0x00000247a1ccb860 Thread added: 0x00000247a1ccb860
Event: 0.052 Thread 0x00000247a60baff0 Thread added: 0x00000247a60baff0
Event: 0.113 Thread 0x00000247a60e3000 Thread added: 0x00000247a60e3000
Event: 0.194 Thread 0x00000247a616c1d0 Thread added: 0x00000247a616c1d0
Event: 0.231 Thread 0x00000247a630e8b0 Thread added: 0x00000247a630e8b0
Event: 0.231 Thread 0x00000247a630edf0 Thread added: 0x00000247a630edf0
Event: 0.343 Thread 0x00000247a653f8e0 Thread added: 0x00000247a653f8e0
Event: 0.346 Thread 0x00000247a65a2d30 Thread added: 0x00000247a65a2d30
Event: 1.075 Thread 0x00000247a616c1d0 Thread exited: 0x00000247a616c1d0
Event: 1.075 Thread 0x00000247a65a2d30 Thread exited: 0x00000247a65a2d30
Event: 6.112 Thread 0x00000247a653f8e0 Thread exited: 0x00000247a653f8e0
Event: 11.117 Thread 0x00000247a60baff0 Thread exited: 0x00000247a60baff0


Dynamic libraries:
0x00007ff695140000 - 0x00007ff69514e000 	C:\Users\koenl\.jdks\openjdk-19.0.2\bin\java.exe
0x00007ffd55890000 - 0x00007ffd55aa7000 	C:\WINDOWS\SYSTEM32\ntdll.dll
0x00007ffd54a40000 - 0x00007ffd54b04000 	C:\WINDOWS\System32\KERNEL32.DLL
0x00007ffd52d70000 - 0x00007ffd53117000 	C:\WINDOWS\System32\KERNELBASE.dll
0x00007ffd52bb0000 - 0x00007ffd52cc1000 	C:\WINDOWS\System32\ucrtbase.dll
0x00007ffd3d710000 - 0x00007ffd3d72b000 	C:\Users\koenl\.jdks\openjdk-19.0.2\bin\VCRUNTIME140.dll
0x00007ffd3da30000 - 0x00007ffd3da47000 	C:\Users\koenl\.jdks\openjdk-19.0.2\bin\jli.dll
0x00007ffd54890000 - 0x00007ffd54a3e000 	C:\WINDOWS\System32\USER32.dll
0x00007ffd53120000 - 0x00007ffd53146000 	C:\WINDOWS\System32\win32u.dll
0x00007ffd51f10000 - 0x00007ffd521a3000 	C:\WINDOWS\WinSxS\amd64_microsoft.windows.common-controls_6595b64144ccf1df_6.0.22621.3527_none_270e469b73872a76\COMCTL32.dll
0x00007ffd555b0000 - 0x00007ffd555d9000 	C:\WINDOWS\System32\GDI32.dll
0x00007ffd54c30000 - 0x00007ffd54cd7000 	C:\WINDOWS\System32\msvcrt.dll
0x00007ffd532b0000 - 0x00007ffd533c9000 	C:\WINDOWS\System32\gdi32full.dll
0x00007ffd53210000 - 0x00007ffd532aa000 	C:\WINDOWS\System32\msvcp_win.dll
0x00007ffd55660000 - 0x00007ffd55691000 	C:\WINDOWS\System32\IMM32.DLL
0x00007ffd3ff30000 - 0x00007ffd3ff3c000 	C:\Users\koenl\.jdks\openjdk-19.0.2\bin\vcruntime140_1.dll
0x00007ffd2a8a0000 - 0x00007ffd2a92e000 	C:\Users\koenl\.jdks\openjdk-19.0.2\bin\msvcp140.dll
0x00007ffc77ce0000 - 0x00007ffc789a0000 	C:\Users\koenl\.jdks\openjdk-19.0.2\bin\server\jvm.dll
0x00007ffd53e20000 - 0x00007ffd53ed2000 	C:\WINDOWS\System32\ADVAPI32.dll
0x00007ffd547e0000 - 0x00007ffd54888000 	C:\WINDOWS\System32\sechost.dll
0x00007ffd52d40000 - 0x00007ffd52d68000 	C:\WINDOWS\System32\bcrypt.dll
0x00007ffd53c50000 - 0x00007ffd53d65000 	C:\WINDOWS\System32\RPCRT4.dll
0x00007ffd49390000 - 0x00007ffd493c4000 	C:\WINDOWS\SYSTEM32\WINMM.dll
0x00007ffd1f5d0000 - 0x00007ffd1f5d9000 	C:\WINDOWS\SYSTEM32\WSOCK32.dll
0x00007ffd555e0000 - 0x00007ffd55651000 	C:\WINDOWS\System32\WS2_32.dll
0x00007ffd48340000 - 0x00007ffd4834a000 	C:\WINDOWS\SYSTEM32\VERSION.dll
0x00007ffd51360000 - 0x00007ffd51378000 	C:\WINDOWS\SYSTEM32\kernel.appcore.dll
0x00007ffd3f680000 - 0x00007ffd3f68a000 	C:\Users\koenl\.jdks\openjdk-19.0.2\bin\jimage.dll
0x00007ffd52510000 - 0x00007ffd52742000 	C:\WINDOWS\SYSTEM32\DBGHELP.DLL
0x00007ffd53760000 - 0x00007ffd53ae8000 	C:\WINDOWS\System32\combase.dll
0x00007ffd556a0000 - 0x00007ffd55777000 	C:\WINDOWS\System32\OLEAUT32.dll
0x00007ffd523b0000 - 0x00007ffd523e2000 	C:\WINDOWS\SYSTEM32\dbgcore.DLL
0x00007ffd53540000 - 0x00007ffd535b9000 	C:\WINDOWS\System32\bcryptPrimitives.dll
0x00007ffd3da80000 - 0x00007ffd3da8e000 	C:\Users\koenl\.jdks\openjdk-19.0.2\bin\instrument.dll
0x00007ffd2e820000 - 0x00007ffd2e846000 	C:\Users\koenl\.jdks\openjdk-19.0.2\bin\java.dll
0x00007ffd26d90000 - 0x00007ffd26e67000 	C:\Users\koenl\.jdks\openjdk-19.0.2\bin\jsvml.dll
0x00007ffd54ce0000 - 0x00007ffd5553c000 	C:\WINDOWS\System32\SHELL32.dll
0x00007ffd500d0000 - 0x00007ffd509c6000 	C:\WINDOWS\SYSTEM32\windows.storage.dll
0x00007ffd4ff90000 - 0x00007ffd500ce000 	C:\WINDOWS\SYSTEM32\wintypes.dll
0x00007ffd54520000 - 0x00007ffd54615000 	C:\WINDOWS\System32\SHCORE.dll
0x00007ffd55780000 - 0x00007ffd557de000 	C:\WINDOWS\System32\shlwapi.dll
0x00007ffd52ae0000 - 0x00007ffd52b01000 	C:\WINDOWS\SYSTEM32\profapi.dll
0x00007ffd3c140000 - 0x00007ffd3c158000 	C:\Users\koenl\.jdks\openjdk-19.0.2\bin\zip.dll
0x00007ffd3b5e0000 - 0x00007ffd3b5f3000 	C:\Users\koenl\.jdks\openjdk-19.0.2\bin\net.dll
0x00007ffd4ac10000 - 0x00007ffd4ad46000 	C:\WINDOWS\SYSTEM32\WINHTTP.dll
0x00007ffd517a0000 - 0x00007ffd51809000 	C:\WINDOWS\system32\mswsock.dll
0x00007ffd325b0000 - 0x00007ffd325c6000 	C:\Users\koenl\.jdks\openjdk-19.0.2\bin\nio.dll
0x00007ffd31a60000 - 0x00007ffd31a7a000 	C:\Program Files\JetBrains\IntelliJ IDEA 2022.2.1\bin\breakgen64.dll
0x00007ffd3d8e0000 - 0x00007ffd3d8f0000 	C:\Users\koenl\.jdks\openjdk-19.0.2\bin\verify.dll
0x00007ffd3d3f0000 - 0x00007ffd3d3f8000 	C:\Users\koenl\.jdks\openjdk-19.0.2\bin\extnet.dll
0x00007ffd2e700000 - 0x00007ffd2e71a000 	D:\DeltaProto\mohican\InspectorCamera.dll
0x00007ffd26c30000 - 0x00007ffd26d8b000 	D:\Stage\Instasllation\Lib\EDSDKv131800W\EDSDKv131800W\Windows\EDSDK_64\Dll\EDSDK.dll
0x00007ffd53ef0000 - 0x00007ffd54364000 	C:\WINDOWS\System32\SETUPAPI.dll
0x00007ffd54370000 - 0x00007ffd54515000 	C:\WINDOWS\System32\ole32.dll
0x00007ffd4eb50000 - 0x00007ffd4ebfb000 	C:\WINDOWS\system32\uxtheme.dll
0x00007ffd53af0000 - 0x00007ffd53c43000 	C:\WINDOWS\System32\MSCTF.dll
0x00007ffd528b0000 - 0x00007ffd528fe000 	C:\WINDOWS\SYSTEM32\cfgmgr32.dll
0x00007ffd53d70000 - 0x00007ffd53e20000 	C:\WINDOWS\System32\clbcatq.dll
0x00007ffd4f140000 - 0x00007ffd4f1de000 	C:\Windows\System32\PortableDeviceApi.dll
0x00007ffd52860000 - 0x00007ffd5288c000 	C:\WINDOWS\SYSTEM32\DEVOBJ.dll
0x00007ffd52cd0000 - 0x00007ffd52d3b000 	C:\WINDOWS\System32\WINTRUST.dll
0x00007ffd533d0000 - 0x00007ffd53538000 	C:\WINDOWS\System32\CRYPT32.dll
0x00007ffd51aa0000 - 0x00007ffd51ab2000 	C:\WINDOWS\SYSTEM32\MSASN1.dll
0x00007ffd4f210000 - 0x00007ffd4f241000 	C:\Windows\System32\PortableDeviceTypes.dll
0x00007ffd4f300000 - 0x00007ffd4f401000 	C:\Windows\System32\PROPSYS.dll

dbghelp: loaded successfully - version: 4.0.5 - missing functions: none
symbol engine: initialized successfully - sym options: 0x614 - pdb path: .;C:\Users\koenl\.jdks\openjdk-19.0.2\bin;C:\WINDOWS\SYSTEM32;C:\WINDOWS\WinSxS\amd64_microsoft.windows.common-controls_6595b64144ccf1df_6.0.22621.3527_none_270e469b73872a76;C:\Users\koenl\.jdks\openjdk-19.0.2\bin\server;C:\Program Files\JetBrains\IntelliJ IDEA 2022.2.1\bin;D:\DeltaProto\mohican;D:\Stage\Instasllation\Lib\EDSDKv131800W\EDSDKv131800W\Windows\EDSDK_64\Dll

VM Arguments:
jvm_args: -javaagent:C:\Program Files\JetBrains\IntelliJ IDEA 2022.2.1\lib\idea_rt.jar=53154:C:\Program Files\JetBrains\IntelliJ IDEA 2022.2.1\bin -Dfile.encoding=UTF-8 -Dsun.stdout.encoding=UTF-8 -Dsun.stderr.encoding=UTF-8 
java_command: nl.bytesoflife.Inspector.CanonDriver
java_class_path (initial): D:\DeltaProto\mohican\target\classes;C:\Users\koenl\.m2\repository\org\springframework\boot\spring-boot-starter\2.7.11\spring-boot-starter-2.7.11.jar;C:\Users\koenl\.m2\repository\org\springframework\boot\spring-boot\2.7.11\spring-boot-2.7.11.jar;C:\Users\koenl\.m2\repository\org\springframework\spring-context\5.3.27\spring-context-5.3.27.jar;C:\Users\koenl\.m2\repository\org\springframework\spring-aop\5.3.27\spring-aop-5.3.27.jar;C:\Users\koenl\.m2\repository\org\springframework\spring-expression\5.3.27\spring-expression-5.3.27.jar;C:\Users\koenl\.m2\repository\org\springframework\boot\spring-boot-autoconfigure\2.7.11\spring-boot-autoconfigure-2.7.11.jar;C:\Users\koenl\.m2\repository\org\springframework\boot\spring-boot-starter-logging\2.7.11\spring-boot-starter-logging-2.7.11.jar;C:\Users\koenl\.m2\repository\ch\qos\logback\logback-classic\1.2.12\logback-classic-1.2.12.jar;C:\Users\koenl\.m2\repository\ch\qos\logback\logback-core\1.2.12\logback-core-1.2.12.jar;C:\Users\koenl\.m2\repository\org\apache\logging\log4j\log4j-to-slf4j\2.17.2\log4j-to-slf4j-2.17.2.jar;C:\Users\koenl\.m2\repository\org\apache\logging\log4j\log4j-api\2.17.2\log4j-api-2.17.2.jar;C:\Users\koenl\.m2\repository\org\slf4j\jul-to-slf4j\1.7.36\jul-to-slf4j-1.7.36.jar;C:\Users\koenl\.m2\repository\jakarta\annotation\jakarta.annotation-api\1.3.5\jakarta.annotation-api-1.3.5.jar;C:\Users\koenl\.m2\repository\org\springframework\spring-core\5.3.27\spring-core-5.3.27.jar;C:\Users\koenl\.m2\repository\org\springframework\spring-jcl\5.3.27\spring-jcl-5.3.27.jar;C:\Users\koenl\.m2\repository\org\yaml\snakeyaml\1.30\snakeyaml-1.30.jar;C:\Users\koenl\.m2\repository\org\springframework\boot\spring-boot-starter-websocket\2.7.11\spring-boot-starter-websocket-2.7.11.jar;C:\Users\koenl\.m2\repository\org\springframework\boot\spring-boot-starter-web\2.7.11\spring-boot-starter-web-2.7.11.jar;C:\Users\koenl\.m2\repository\org\springframework\boot\spring-boot-starter-json\2.7.11\spring-boot-starter-json-2.7.11.jar;C:\Users\koenl\.m2\repository\com\fasterxml\jackson\core\jackson-databind\2.13.5\jackson-databind-2.13.5.jar;C:\Users\koenl\.m2\repository\com\fasterxml\jackson\core\jackson-annotations\2.13.5\jackson-annotations-2.13.5.jar;C:\Users\koenl\.m2\repository\com\fasterxml\jackson\core\jackson-core\2.13.5\jackson-core-2.13.5.jar;C:\Users\koenl\.m2\repository\com\fasterxml\jackson\datatype\jackson-datatype-jdk8\2.13.5\jackson-datatype-jdk8-2.13.5.jar;C:\Users\koenl\.m2\repository\com\fasterxml\jackson\datatype\jackson-datatype-jsr310\2.13.5\jackson-datatype-jsr310-2.13.5.jar;C:\Users\koenl\.m2\repository\com\fasterxml\jackson\module\jackson-module-parameter-names\2.13.5\jackson-module-parameter-names-2.13.5.jar;C:\Users\koenl\.m2\repository\org\springframework\boot\spring-boot-starter-tomcat\2.7.11\spring-boot-starter-tomcat-2.7.11.jar;C:\Users\koenl\.m2\repository\org\apache\tomcat\embed\tomcat-embed-core\9.0.74\tomcat-embed-core-9.0.74.jar;C:\Users\koenl\.m2\repository\org\apache\tomcat\embed\tomcat-embed-el\9.0.74\tomcat-embed-el-9.0.74.jar;C:\Users\koenl\.m2\repository\org\apache\tomcat\embed\tomcat-embed-websocket\9.0.74\tomcat-embed-websocket-9.0.74.jar;C:\Users\koenl\.m2\repository\org\springframework\spring-web\5.3.27\spring-web-5.3.27.jar;C:\Users\koenl\.m2\repository\org\springframework\spring-webmvc\5.3.27\spring-webmvc-5.3.27.jar;C:\Users\koenl\.m2\repository\org\springframework\spring-messaging\5.3.27\spring-messaging-5.3.27.jar;C:\Users\koenl\.m2\repository\org\springframework\spring-beans\5.3.27\spring-beans-5.3.27.jar;C:\Users\koenl\.m2\repository\org\springframework\spring-websocket\5.3.27\spring-websocket-5.3.27.jar;C:\Users\koenl\.m2\repository\org\projectlombok\lombok\1.18.22\lombok-1.18.22.jar;C:\Users\koenl\.m2\repository\com\yuvimasory\orange-extensions\1.3.0\orange-extensions-1.3.0.jar;C:\Users\koenl\.m2\repository\io\github\java-native\jssc\2.9.4\jssc-2.9.4.jar;C:\Users\koenl\.m2\repository\org\scijava\native-lib-loader\2.3.6\native-lib-loader-2.3.6.jar;C:\Users\koenl\.m2\repository\org\slf4j\slf4j-api\1.7.36\slf4j-api-1.7.36.jar;C:\Users\koenl\.m2\repository\org\apache\poi\poi\3.15\poi-3.15.jar;C:\Users\koenl\.m2\repository\commons-codec\commons-codec\1.15\commons-codec-1.15.jar;C:\Users\koenl\.m2\repository\org\apache\commons\commons-collections4\4.1\commons-collections4-4.1.jar;C:\Users\koenl\.m2\repository\com\fazecast\jSerialComm\2.9.3\jSerialComm-2.9.3.jar
Launcher Type: SUN_STANDARD

[Global flags]
     intx CICompilerCount                          = 12                                        {product} {ergonomic}
     uint ConcGCThreads                            = 3                                         {product} {ergonomic}
     uint G1ConcRefinementThreads                  = 13                                        {product} {ergonomic}
   size_t G1HeapRegionSize                         = 2097152                                   {product} {ergonomic}
    uintx GCDrainStackTargetSize                   = 64                                        {product} {ergonomic}
   size_t InitialHeapSize                          = 232783872                                 {product} {ergonomic}
   size_t MarkStackSize                            = 4194304                                   {product} {ergonomic}
   size_t MaxHeapSize                              = 3718250496                                {product} {ergonomic}
   size_t MaxNewSize                               = 2229272576                                {product} {ergonomic}
   size_t MinHeapDeltaBytes                        = 2097152                                   {product} {ergonomic}
   size_t MinHeapSize                              = 8388608                                   {product} {ergonomic}
    uintx NonNMethodCodeHeapSize                   = 7602480                                {pd product} {ergonomic}
    uintx NonProfiledCodeHeapSize                  = 122027880                              {pd product} {ergonomic}
    uintx ProfiledCodeHeapSize                     = 122027880                              {pd product} {ergonomic}
    uintx ReservedCodeCacheSize                    = 251658240                              {pd product} {ergonomic}
     bool SegmentedCodeCache                       = true                                      {product} {ergonomic}
   size_t SoftMaxHeapSize                          = 3718250496                             {manageable} {ergonomic}
     bool UseCompressedClassPointers               = true                           {product lp64_product} {ergonomic}
     bool UseCompressedOops                        = true                           {product lp64_product} {ergonomic}
     bool UseG1GC                                  = true                                      {product} {ergonomic}
     bool UseLargePagesIndividualAllocation        = false                                  {pd product} {ergonomic}

Logging:
Log output configuration:
 #0: stdout all=warning uptime,level,tags foldmultilines=false
 #1: stderr all=off uptime,level,tags foldmultilines=false

Environment Variables:
PATH=C:\Program Files\Common Files\Oracle\Java\javapath;C:\Python312\Scripts\;C:\Python312\;C:\Program Files\Zulu\zulu-22\bin\;C:\Program Files (x86)\Common Files\Oracle\Java\javapath;C:\WINDOWS\system32;C:\WINDOWS;C:\WINDOWS\System32\Wbem;C:\WINDOWS\System32\WindowsPowerShell\v1.0\;C:\WINDOWS\System32\OpenSSH\;C:\bin;C:\Program Files\PuTTY\;C:\Program Files\dotnet\;C:\Program Files (x86)\Windows Kits\10\Windows Performance Toolkit\;C:\Program Files\nodejs\;C:\ProgramData\chocolatey\bin;C:\Program Files\Microchip\xc8\v2.36\bin;C:\Program Files\Microchip\xc8\v2.46\bin;C:\Program Files\Microchip\xc-dsc\v3.10\bin;C:\Program Files\Microchip\xc32\v4.40\bin;C:\Program Files\Git\cmd;C:\Users\koenl\AppData\Local\Microsoft\WindowsApps;C:\Users\koenl\AppData\Local\Programs\Microsoft VS Code\bin;C:\Users\koenl\AppData\Local\JetBrains\Toolbox\scripts;C:\Users\koenl\.dotnet\tools;C:\Users\koenl\AppData\Local\Google\Cloud SDK\google-cloud-sdk\bin;C:\Users\koenl\AppData\Roaming\npm;C:\MinGW\bin;C:\MinGW\mingw32\bin;D:\Stage\Instasllation\Lib\EDSDKv131800W\EDSDKv131800W\Windows\EDSDK_64\Dll;D:\Stage\InspectorCamera\Lib;
USERNAME=koenl
OS=Windows_NT
PROCESSOR_IDENTIFIER=AMD64 Family 25 Model 80 Stepping 0, AuthenticAMD
TMP=C:\Users\koenl\AppData\Local\Temp
TEMP=C:\Users\koenl\AppData\Local\Temp



---------------  S Y S T E M  ---------------

OS:
 Windows 11 , 64 bit Build 22621 (10.0.22621.3527)
OS uptime: 0 days 2:02 hours
Hyper-V role detected

CPU: total 16 (initial active 16) (16 cores per cpu, 2 threads per core) family 25 model 80 stepping 0 microcode 0x0, cx8, cmov, fxsr, ht, mmx, 3dnowpref, sse, sse2, sse3, ssse3, sse4a, sse4.1, sse4.2, popcnt, lzcnt, tsc, tscinvbit, avx, avx2, aes, erms, clmul, bmi1, bmi2, adx, sha, fma, vzeroupper, clflush, clflushopt, hv, rdtscp, rdpid, fsrm

Memory: 4k page, system-wide physical 14182M (1862M free)
TotalPageFile size 25472M (AvailPageFile size 4400M)
current process WorkingSet (physical memory assigned to process): 54M, peak: 57M
current process commit charge ("private bytes"): 329M, peak: 333M

vm_info: OpenJDK 64-Bit Server VM (19.0.2+7-44) for windows-amd64 JRE (19.0.2+7-44), built on 2022-11-30T18:02:09Z by "mach5one" with MS VC++ 17.1 (VS2022)

END.
