#
# A fatal error has been detected by the Java Runtime Environment:
#
#  EXCEPTION_ACCESS_VIOLATION (0xc0000005) at pc=0x00007ffd4f16a348, pid=13992, tid=6664
#
# JRE version: OpenJDK Runtime Environment (19.0.2+7) (build 19.0.2+7-44)
# Java VM: OpenJDK 64-Bit Server VM (19.0.2+7-44, mixed mode, sharing, tiered, compressed oops, compressed class ptrs, g1 gc, windows-amd64)
# Problematic frame:
# C  [PortableDeviceApi.dll+0x2a348]
#
# No core dump will be written. Minidumps are not enabled by default on client versions of Windows
#
# If you would like to submit a bug report, please visit:
#   https://bugreport.java.com/bugreport/crash.jsp
# The crash happened outside the Java Virtual Machine in native code.
# See problematic frame for where to report the bug.
#

---------------  S U M M A R Y ------------

Command Line: -javaagent:C:\Program Files\JetBrains\IntelliJ IDEA 2022.2.1\lib\idea_rt.jar=51707:C:\Program Files\JetBrains\IntelliJ IDEA 2022.2.1\bin -Dfile.encoding=UTF-8 -Dsun.stdout.encoding=UTF-8 -Dsun.stderr.encoding=UTF-8 nl.bytesoflife.Inspector.CanonDriver

Host: AMD Ryzen 7 5800H with Radeon Graphics         , 16 cores, 13G,  Windows 11 , 64 bit Build 22621 (10.0.22621.3527)
Time: Fri May 24 11:14:39 2024 W. Europe Daylight Time elapsed time: 66.076725 seconds (0d 0h 1m 6s)

---------------  T H R E A D  ---------------

Current thread (0x00000202c7229830):  JavaThread "main" [_thread_in_native, id=6664, stack(0x0000008710b00000,0x0000008710c00000)]

Stack: [0x0000008710b00000,0x0000008710c00000],  sp=0x0000008710bff0b0,  free space=1020k
Native frames: (J=compiled Java code, j=interpreted, Vv=VM code, C=native code)
C  [PortableDeviceApi.dll+0x2a348]

Java frames: (J=compiled Java code, j=interpreted, Vv=VM code)
j  nl.bytesoflife.Inspector.CanonDriver.DoAll()V+0
j  nl.bytesoflife.Inspector.CanonDriver.main([Ljava/lang/String;)V+65
v  ~StubRoutines::call_stub 0x00000202d65c100e

siginfo: EXCEPTION_ACCESS_VIOLATION (0xc0000005), reading address 0x0000000000000050


Registers:
RAX=0x0000000000000001, RBX=0x00000202ee7066d0, RCX=0x0000000000000000, RDX=0x00000202c504d5d0
RSP=0x0000008710bff0b0, RBP=0x0000008710bff179, RSI=0x00000202ee6f9e90, RDI=0x00000202ee706828
R8 =0x00000202c4f139c0, R9 =0x0000000000000001, R10=0x0000000000000003, R11=0x0000008710bfef30
R12=0x0000000000000000, R13=0x0000000000000000, R14=0x00007ffd4f1c46b8, R15=0x00000202ee706780
RIP=0x00007ffd4f16a348, EFLAGS=0x0000000000010202


Register to memory mapping:

RIP=0x00007ffd4f16a348 PortableDeviceApi.dll
RAX=0x0000000000000001 is an unknown value
RBX=0x00000202ee7066d0 points into unknown readable memory: 0x00007ffd4f1a1098 | 98 10 1a 4f fd 7f 00 00
RCX=0x0 is NULL
RDX=0x00000202c504d5d0 points into unknown readable memory: 0x0000000000000000 | 00 00 00 00 00 00 00 00
RSP=0x0000008710bff0b0 is pointing into the stack for thread: 0x00000202c7229830
RBP=0x0000008710bff179 is pointing into the stack for thread: 0x00000202c7229830
RSI=0x00000202ee6f9e90 points into unknown readable memory: 0x00007ffcab324e30 | 30 4e 32 ab fc 7f 00 00
RDI=0x00000202ee706828 points into unknown readable memory: 0x0000000000000000 | 00 00 00 00 00 00 00 00
R8 =0x00000202c4f139c0 points into unknown readable memory: 0x00000202c4f10ea0 | a0 0e f1 c4 02 02 00 00
R9 =0x0000000000000001 is an unknown value
R10=0x0000000000000003 is an unknown value
R11=0x0000008710bfef30 is pointing into the stack for thread: 0x00000202c7229830
R12=0x0 is NULL
R13=0x0 is NULL
R14=0x00007ffd4f1c46b8 PortableDeviceApi.dll
R15=0x00000202ee706780 points into unknown readable memory: 0xffffffffffffffff | ff ff ff ff ff ff ff ff


Top of Stack: (sp=0x0000008710bff0b0)
0x0000008710bff0b0:   0000000000000000 0000000000000000
0x0000008710bff0c0:   00000202ee706828 00000202ee6f9e90
0x0000008710bff0d0:   00000202ee7066d0 00007ffd4f144556
0x0000008710bff0e0:   0000020200000000 0000000000000001
0x0000008710bff0f0:   00000000000006a0 00000202ee6fbca0
0x0000008710bff100:   00000000800401fd 00007ffd537f447e
0x0000008710bff110:   0000000000000200 00000202ee729870
0x0000008710bff120:   00007ffd53a93c10 0000000000000000
0x0000008710bff130:   0000000000000000 0000000000000000
0x0000008710bff140:   0000d66500000000 00007ffd52dda3cb
0x0000008710bff150:   0000000000000000 00007ffd558e51a3
0x0000008710bff160:   0000000000000002 00000202ee67f060
0x0000008710bff170:   00000202ee6b3fb0 00007ffcab296363
0x0000008710bff180:   00000000000000c8 00007ffd52db4e1d
0x0000008710bff190:   0000000000000000 0000000000000002
0x0000008710bff1a0:   0000affe775923b0 0000000000000001 

Instructions: (pc=0x00007ffd4f16a348)
0x00007ffd4f16a248:   00 0f 1f 44 00 00 33 c0 48 8b 5c 24 40 48 83 c4
0x00007ffd4f16a258:   30 5f c3 cc cc cc cc cc cc cc cc cc 48 89 5c 24
0x00007ffd4f16a268:   08 48 89 74 24 10 57 48 83 ec 20 48 8b fa 48 8b
0x00007ffd4f16a278:   d9 48 8b 51 10 48 3b fa 0f 86 a5 00 00 00 48 83
0x00007ffd4f16a288:   3b 00 48 63 49 18 75 25 48 3b cf ba 08 00 00 00
0x00007ffd4f16a298:   48 0f 47 f9 48 8b cf 48 ff 15 8a 00 04 00 0f 1f
0x00007ffd4f16a2a8:   44 00 00 48 89 03 48 85 c0 74 41 eb 72 48 85 c9
0x00007ffd4f16a2b8:   75 13 48 8b ca 48 8b c7 48 d1 e9 48 2b c2 48 3b
0x00007ffd4f16a2c8:   c1 48 0f 47 c8 48 8d 04 0a ba 08 00 00 00 48 3b
0x00007ffd4f16a2d8:   f8 48 0f 42 f8 48 8b cf 48 ff 15 49 00 04 00 0f
0x00007ffd4f16a2e8:   1f 44 00 00 48 8b f0 48 85 c0 75 04 32 c0 eb 35
0x00007ffd4f16a2f8:   48 8b 53 08 48 8b ce 4c 8b 03 48 c1 e2 03 4c 8b
0x00007ffd4f16a308:   ca e8 82 ca fd ff 8b c8 e8 e7 1f fe ff 48 8b 0b
0x00007ffd4f16a318:   48 ff 15 19 00 04 00 0f 1f 44 00 00 48 89 33 48
0x00007ffd4f16a328:   89 7b 10 b0 01 48 8b 5c 24 30 48 8b 74 24 38 48
0x00007ffd4f16a338:   83 c4 20 5f c3 cc cc cc cc cc cc cc 48 83 ec 28
0x00007ffd4f16a348:   44 8b 41 50 ba 01 00 00 00 44 2b c2 83 c8 ff f0
0x00007ffd4f16a358:   0f c1 41 50 3b c2 75 1f 48 85 c9 74 16 48 8b 01
0x00007ffd4f16a368:   49 ba 70 da 50 34 9a 2e 6c a2 48 8b 00 ff 15 8d
0x00007ffd4f16a378:   01 04 00 33 c0 eb 03 41 8b c0 48 83 c4 28 c3 cc
0x00007ffd4f16a388:   cc cc cc cc cc cc cc cc 48 8b c4 48 89 58 08 48
0x00007ffd4f16a398:   89 68 10 48 89 70 18 57 48 83 ec 30 48 8b ea 48
0x00007ffd4f16a3a8:   8b f1 48 8d 51 28 48 8d 48 e8 e8 c9 82 fd ff 90
0x00007ffd4f16a3b8:   33 ff 48 39 7e 10 76 1e 48 8b d7 48 8d 4e 08 e8
0x00007ffd4f16a3c8:   08 fb ff ff 48 8d 4f 01 48 39 28 74 39 48 8b f9
0x00007ffd4f16a3d8:   48 3b 4e 10 72 e2 80 7c 24 28 00 74 11 48 8b 4c
0x00007ffd4f16a3e8:   24 20 48 ff 15 47 fe 03 00 0f 1f 44 00 00 33 c0
0x00007ffd4f16a3f8:   48 8b 5c 24 40 48 8b 6c 24 48 48 8b 74 24 50 48
0x00007ffd4f16a408:   83 c4 30 5f c3 cc 48 3b cf 72 39 48 83 f9 01 72
0x00007ffd4f16a418:   33 48 8b 56 10 48 3b ca 77 2a 48 2b d1 74 1f 48
0x00007ffd4f16a428:   8b 46 08 4c 8d 04 c8 48 8d 0c f8 48 c1 e2 03 4c
0x00007ffd4f16a438:   8b ca e8 51 c9 fd ff 8b c8 e8 b6 1e fe ff 48 ff 


Stack slot to memory mapping:
stack at sp + 0 slots: 0x0 is NULL
stack at sp + 1 slots: 0x0 is NULL
stack at sp + 2 slots: 0x00000202ee706828 points into unknown readable memory: 0x0000000000000000 | 00 00 00 00 00 00 00 00
stack at sp + 3 slots: 0x00000202ee6f9e90 points into unknown readable memory: 0x00007ffcab324e30 | 30 4e 32 ab fc 7f 00 00
stack at sp + 4 slots: 0x00000202ee7066d0 points into unknown readable memory: 0x00007ffd4f1a1098 | 98 10 1a 4f fd 7f 00 00
stack at sp + 5 slots: 0x00007ffd4f144556 PortableDeviceApi.dll
stack at sp + 6 slots: 0x0000020200000000 is an unknown value
stack at sp + 7 slots: 0x0000000000000001 is an unknown value


---------------  P R O C E S S  ---------------

Threads class SMR info:
_java_thread_list=0x00000202ee719740, length=13, elements={
0x00000202c7229830, 0x00000202e96bec30, 0x00000202e96bf630, 0x00000202e96c23a0,
0x00000202e96c5b00, 0x00000202e96c8260, 0x00000202e96ccbe0, 0x00000202ee0079a0,
0x00000202ee00ff30, 0x00000202e96cbbf0, 0x00000202e96cc140, 0x00000202e96cdbd0,
0x00000202e96cb150
}

Java Threads: ( => current thread )
=>0x00000202c7229830 JavaThread "main" [_thread_in_native, id=6664, stack(0x0000008710b00000,0x0000008710c00000)]
  0x00000202e96bec30 JavaThread "Reference Handler" daemon [_thread_blocked, id=11216, stack(0x0000008711200000,0x0000008711300000)]
  0x00000202e96bf630 JavaThread "Finalizer" daemon [_thread_blocked, id=5884, stack(0x0000008711300000,0x0000008711400000)]
  0x00000202e96c23a0 JavaThread "Signal Dispatcher" daemon [_thread_blocked, id=7216, stack(0x0000008711400000,0x0000008711500000)]
  0x00000202e96c5b00 JavaThread "Attach Listener" daemon [_thread_blocked, id=10840, stack(0x0000008711500000,0x0000008711600000)]
  0x00000202e96c8260 JavaThread "Service Thread" daemon [_thread_blocked, id=6608, stack(0x0000008711600000,0x0000008711700000)]
  0x00000202e96ccbe0 JavaThread "Monitor Deflation Thread" daemon [_thread_blocked, id=2236, stack(0x0000008711700000,0x0000008711800000)]
  0x00000202ee0079a0 JavaThread "C2 CompilerThread0" daemon [_thread_blocked, id=22160, stack(0x0000008711800000,0x0000008711900000)]
  0x00000202ee00ff30 JavaThread "C1 CompilerThread0" daemon [_thread_blocked, id=12548, stack(0x0000008711900000,0x0000008711a00000)]
  0x00000202e96cbbf0 JavaThread "Sweeper thread" daemon [_thread_blocked, id=21864, stack(0x0000008711a00000,0x0000008711b00000)]
  0x00000202e96cc140 JavaThread "Common-Cleaner" daemon [_thread_blocked, id=5356, stack(0x0000008711b00000,0x0000008711c00000)]
  0x00000202e96cdbd0 JavaThread "Monitor Ctrl-Break" daemon [_thread_in_native, id=21356, stack(0x0000008711f00000,0x0000008712000000)]
  0x00000202e96cb150 JavaThread "Notification Thread" daemon [_thread_blocked, id=16608, stack(0x0000008712000000,0x0000008712100000)]

Other Threads:
  0x00000202e96a45c0 VMThread "VM Thread" [stack: 0x0000008711100000,0x0000008711200000] [id=3260]
  0x00000202ee527ca0 WatcherThread "VM Periodic Task Thread" [stack: 0x0000008712100000,0x0000008712200000] [id=13304]
  0x00000202c7290220 WorkerThread "GC Thread#0" [stack: 0x0000008710c00000,0x0000008710d00000] [id=2208]
  0x00000202c72a10c0 ConcurrentGCThread "G1 Main Marker" [stack: 0x0000008710d00000,0x0000008710e00000] [id=5152]
  0x00000202c72a1af0 WorkerThread "G1 Conc#0" [stack: 0x0000008710e00000,0x0000008710f00000] [id=7676]
  0x00000202e955a030 ConcurrentGCThread "G1 Refine#0" [stack: 0x0000008710f00000,0x0000008711000000] [id=15440]
  0x00000202e955e5c0 ConcurrentGCThread "G1 Service" [stack: 0x0000008711000000,0x0000008711100000] [id=15980]

Threads with active compile tasks:

VM state: not at safepoint (normal execution)

VM Mutex/Monitor currently owned by a thread: None

Heap address: 0x0000000722600000, size: 3546 MB, Compressed Oops mode: Zero based, Oop shift amount: 3

CDS archive(s) mapped at: [0x0000000800000000-0x0000000800c40000-0x0000000800c40000), size 12845056, SharedBaseAddress: 0x0000000800000000, ArchiveRelocationMode: 0.
Compressed class space mapped at: 0x0000000801000000-0x0000000841000000, reserved size: 1073741824
Narrow klass base: 0x0000000800000000, Narrow klass shift: 0, Narrow klass range: 0x100000000

GC Precious Log:
 CardTable entry size: 512
 Card Set container configuration: InlinePtr #cards 4 size 8 Array Of Cards #cards 16 size 48 Howl #buckets 8 coarsen threshold 3686 Howl Bitmap #cards 512 size 80 coarsen threshold 460 Card regions per heap region 1 cards per card region 4096
 CPUs: 16 total, 16 available
 Memory: 14182M
 Large Page Support: Disabled
 NUMA Support: Disabled
 Compressed Oops: Enabled (Zero based)
 Heap Region Size: 2M
 Heap Min Capacity: 8M
 Heap Initial Capacity: 222M
 Heap Max Capacity: 3546M
 Pre-touch: Disabled
 Parallel Workers: 13
 Concurrent Workers: 3
 Concurrent Refinement Workers: 13
 Periodic GC: Disabled

Heap:
 garbage-first heap   total 227328K, used 8192K [0x0000000722600000, 0x0000000800000000)
  region size 2048K, 6 young (12288K), 0 survivors (0K)
 Metaspace       used 2578K, committed 2816K, reserved 1114112K
  class space    used 222K, committed 320K, reserved 1048576K

Heap Regions: E=young(eden), S=young(survivor), O=old, HS=humongous(starts), HC=humongous(continues), CS=collection set, F=free, OA=open archive, CA=closed archive, TAMS=top-at-mark-start (previous, next)
|   0|0x0000000722600000, 0x0000000722600000, 0x0000000722800000|  0%| F|  |TAMS 0x0000000722600000, 0x0000000722600000| Untracked 
|   1|0x0000000722800000, 0x0000000722800000, 0x0000000722a00000|  0%| F|  |TAMS 0x0000000722800000, 0x0000000722800000| Untracked 
|   2|0x0000000722a00000, 0x0000000722a00000, 0x0000000722c00000|  0%| F|  |TAMS 0x0000000722a00000, 0x0000000722a00000| Untracked 
|   3|0x0000000722c00000, 0x0000000722c00000, 0x0000000722e00000|  0%| F|  |TAMS 0x0000000722c00000, 0x0000000722c00000| Untracked 
|   4|0x0000000722e00000, 0x0000000722e00000, 0x0000000723000000|  0%| F|  |TAMS 0x0000000722e00000, 0x0000000722e00000| Untracked 
|   5|0x0000000723000000, 0x0000000723000000, 0x0000000723200000|  0%| F|  |TAMS 0x0000000723000000, 0x0000000723000000| Untracked 
|   6|0x0000000723200000, 0x0000000723200000, 0x0000000723400000|  0%| F|  |TAMS 0x0000000723200000, 0x0000000723200000| Untracked 
|   7|0x0000000723400000, 0x0000000723400000, 0x0000000723600000|  0%| F|  |TAMS 0x0000000723400000, 0x0000000723400000| Untracked 
|   8|0x0000000723600000, 0x0000000723600000, 0x0000000723800000|  0%| F|  |TAMS 0x0000000723600000, 0x0000000723600000| Untracked 
|   9|0x0000000723800000, 0x0000000723800000, 0x0000000723a00000|  0%| F|  |TAMS 0x0000000723800000, 0x0000000723800000| Untracked 
|  10|0x0000000723a00000, 0x0000000723a00000, 0x0000000723c00000|  0%| F|  |TAMS 0x0000000723a00000, 0x0000000723a00000| Untracked 
|  11|0x0000000723c00000, 0x0000000723c00000, 0x0000000723e00000|  0%| F|  |TAMS 0x0000000723c00000, 0x0000000723c00000| Untracked 
|  12|0x0000000723e00000, 0x0000000723e00000, 0x0000000724000000|  0%| F|  |TAMS 0x0000000723e00000, 0x0000000723e00000| Untracked 
|  13|0x0000000724000000, 0x0000000724000000, 0x0000000724200000|  0%| F|  |TAMS 0x0000000724000000, 0x0000000724000000| Untracked 
|  14|0x0000000724200000, 0x0000000724200000, 0x0000000724400000|  0%| F|  |TAMS 0x0000000724200000, 0x0000000724200000| Untracked 
|  15|0x0000000724400000, 0x0000000724400000, 0x0000000724600000|  0%| F|  |TAMS 0x0000000724400000, 0x0000000724400000| Untracked 
|  16|0x0000000724600000, 0x0000000724600000, 0x0000000724800000|  0%| F|  |TAMS 0x0000000724600000, 0x0000000724600000| Untracked 
|  17|0x0000000724800000, 0x0000000724800000, 0x0000000724a00000|  0%| F|  |TAMS 0x0000000724800000, 0x0000000724800000| Untracked 
|  18|0x0000000724a00000, 0x0000000724a00000, 0x0000000724c00000|  0%| F|  |TAMS 0x0000000724a00000, 0x0000000724a00000| Untracked 
|  19|0x0000000724c00000, 0x0000000724c00000, 0x0000000724e00000|  0%| F|  |TAMS 0x0000000724c00000, 0x0000000724c00000| Untracked 
|  20|0x0000000724e00000, 0x0000000724e00000, 0x0000000725000000|  0%| F|  |TAMS 0x0000000724e00000, 0x0000000724e00000| Untracked 
|  21|0x0000000725000000, 0x0000000725000000, 0x0000000725200000|  0%| F|  |TAMS 0x0000000725000000, 0x0000000725000000| Untracked 
|  22|0x0000000725200000, 0x0000000725200000, 0x0000000725400000|  0%| F|  |TAMS 0x0000000725200000, 0x0000000725200000| Untracked 
|  23|0x0000000725400000, 0x0000000725400000, 0x0000000725600000|  0%| F|  |TAMS 0x0000000725400000, 0x0000000725400000| Untracked 
|  24|0x0000000725600000, 0x0000000725600000, 0x0000000725800000|  0%| F|  |TAMS 0x0000000725600000, 0x0000000725600000| Untracked 
|  25|0x0000000725800000, 0x0000000725800000, 0x0000000725a00000|  0%| F|  |TAMS 0x0000000725800000, 0x0000000725800000| Untracked 
|  26|0x0000000725a00000, 0x0000000725a00000, 0x0000000725c00000|  0%| F|  |TAMS 0x0000000725a00000, 0x0000000725a00000| Untracked 
|  27|0x0000000725c00000, 0x0000000725c00000, 0x0000000725e00000|  0%| F|  |TAMS 0x0000000725c00000, 0x0000000725c00000| Untracked 
|  28|0x0000000725e00000, 0x0000000725e00000, 0x0000000726000000|  0%| F|  |TAMS 0x0000000725e00000, 0x0000000725e00000| Untracked 
|  29|0x0000000726000000, 0x0000000726000000, 0x0000000726200000|  0%| F|  |TAMS 0x0000000726000000, 0x0000000726000000| Untracked 
|  30|0x0000000726200000, 0x0000000726200000, 0x0000000726400000|  0%| F|  |TAMS 0x0000000726200000, 0x0000000726200000| Untracked 
|  31|0x0000000726400000, 0x0000000726400000, 0x0000000726600000|  0%| F|  |TAMS 0x0000000726400000, 0x0000000726400000| Untracked 
|  32|0x0000000726600000, 0x0000000726600000, 0x0000000726800000|  0%| F|  |TAMS 0x0000000726600000, 0x0000000726600000| Untracked 
|  33|0x0000000726800000, 0x0000000726800000, 0x0000000726a00000|  0%| F|  |TAMS 0x0000000726800000, 0x0000000726800000| Untracked 
|  34|0x0000000726a00000, 0x0000000726a00000, 0x0000000726c00000|  0%| F|  |TAMS 0x0000000726a00000, 0x0000000726a00000| Untracked 
|  35|0x0000000726c00000, 0x0000000726c00000, 0x0000000726e00000|  0%| F|  |TAMS 0x0000000726c00000, 0x0000000726c00000| Untracked 
|  36|0x0000000726e00000, 0x0000000726e00000, 0x0000000727000000|  0%| F|  |TAMS 0x0000000726e00000, 0x0000000726e00000| Untracked 
|  37|0x0000000727000000, 0x0000000727000000, 0x0000000727200000|  0%| F|  |TAMS 0x0000000727000000, 0x0000000727000000| Untracked 
|  38|0x0000000727200000, 0x0000000727200000, 0x0000000727400000|  0%| F|  |TAMS 0x0000000727200000, 0x0000000727200000| Untracked 
|  39|0x0000000727400000, 0x0000000727400000, 0x0000000727600000|  0%| F|  |TAMS 0x0000000727400000, 0x0000000727400000| Untracked 
|  40|0x0000000727600000, 0x0000000727600000, 0x0000000727800000|  0%| F|  |TAMS 0x0000000727600000, 0x0000000727600000| Untracked 
|  41|0x0000000727800000, 0x0000000727800000, 0x0000000727a00000|  0%| F|  |TAMS 0x0000000727800000, 0x0000000727800000| Untracked 
|  42|0x0000000727a00000, 0x0000000727a00000, 0x0000000727c00000|  0%| F|  |TAMS 0x0000000727a00000, 0x0000000727a00000| Untracked 
|  43|0x0000000727c00000, 0x0000000727c00000, 0x0000000727e00000|  0%| F|  |TAMS 0x0000000727c00000, 0x0000000727c00000| Untracked 
|  44|0x0000000727e00000, 0x0000000727e00000, 0x0000000728000000|  0%| F|  |TAMS 0x0000000727e00000, 0x0000000727e00000| Untracked 
|  45|0x0000000728000000, 0x0000000728000000, 0x0000000728200000|  0%| F|  |TAMS 0x0000000728000000, 0x0000000728000000| Untracked 
|  46|0x0000000728200000, 0x0000000728200000, 0x0000000728400000|  0%| F|  |TAMS 0x0000000728200000, 0x0000000728200000| Untracked 
|  47|0x0000000728400000, 0x0000000728400000, 0x0000000728600000|  0%| F|  |TAMS 0x0000000728400000, 0x0000000728400000| Untracked 
|  48|0x0000000728600000, 0x0000000728600000, 0x0000000728800000|  0%| F|  |TAMS 0x0000000728600000, 0x0000000728600000| Untracked 
|  49|0x0000000728800000, 0x0000000728800000, 0x0000000728a00000|  0%| F|  |TAMS 0x0000000728800000, 0x0000000728800000| Untracked 
|  50|0x0000000728a00000, 0x0000000728a00000, 0x0000000728c00000|  0%| F|  |TAMS 0x0000000728a00000, 0x0000000728a00000| Untracked 
|  51|0x0000000728c00000, 0x0000000728c00000, 0x0000000728e00000|  0%| F|  |TAMS 0x0000000728c00000, 0x0000000728c00000| Untracked 
|  52|0x0000000728e00000, 0x0000000728e00000, 0x0000000729000000|  0%| F|  |TAMS 0x0000000728e00000, 0x0000000728e00000| Untracked 
|  53|0x0000000729000000, 0x0000000729000000, 0x0000000729200000|  0%| F|  |TAMS 0x0000000729000000, 0x0000000729000000| Untracked 
|  54|0x0000000729200000, 0x0000000729200000, 0x0000000729400000|  0%| F|  |TAMS 0x0000000729200000, 0x0000000729200000| Untracked 
|  55|0x0000000729400000, 0x0000000729400000, 0x0000000729600000|  0%| F|  |TAMS 0x0000000729400000, 0x0000000729400000| Untracked 
|  56|0x0000000729600000, 0x0000000729600000, 0x0000000729800000|  0%| F|  |TAMS 0x0000000729600000, 0x0000000729600000| Untracked 
|  57|0x0000000729800000, 0x0000000729800000, 0x0000000729a00000|  0%| F|  |TAMS 0x0000000729800000, 0x0000000729800000| Untracked 
|  58|0x0000000729a00000, 0x0000000729a00000, 0x0000000729c00000|  0%| F|  |TAMS 0x0000000729a00000, 0x0000000729a00000| Untracked 
|  59|0x0000000729c00000, 0x0000000729c00000, 0x0000000729e00000|  0%| F|  |TAMS 0x0000000729c00000, 0x0000000729c00000| Untracked 
|  60|0x0000000729e00000, 0x0000000729e00000, 0x000000072a000000|  0%| F|  |TAMS 0x0000000729e00000, 0x0000000729e00000| Untracked 
|  61|0x000000072a000000, 0x000000072a000000, 0x000000072a200000|  0%| F|  |TAMS 0x000000072a000000, 0x000000072a000000| Untracked 
|  62|0x000000072a200000, 0x000000072a200000, 0x000000072a400000|  0%| F|  |TAMS 0x000000072a200000, 0x000000072a200000| Untracked 
|  63|0x000000072a400000, 0x000000072a400000, 0x000000072a600000|  0%| F|  |TAMS 0x000000072a400000, 0x000000072a400000| Untracked 
|  64|0x000000072a600000, 0x000000072a600000, 0x000000072a800000|  0%| F|  |TAMS 0x000000072a600000, 0x000000072a600000| Untracked 
|  65|0x000000072a800000, 0x000000072a800000, 0x000000072aa00000|  0%| F|  |TAMS 0x000000072a800000, 0x000000072a800000| Untracked 
|  66|0x000000072aa00000, 0x000000072aa00000, 0x000000072ac00000|  0%| F|  |TAMS 0x000000072aa00000, 0x000000072aa00000| Untracked 
|  67|0x000000072ac00000, 0x000000072ac00000, 0x000000072ae00000|  0%| F|  |TAMS 0x000000072ac00000, 0x000000072ac00000| Untracked 
|  68|0x000000072ae00000, 0x000000072ae00000, 0x000000072b000000|  0%| F|  |TAMS 0x000000072ae00000, 0x000000072ae00000| Untracked 
|  69|0x000000072b000000, 0x000000072b000000, 0x000000072b200000|  0%| F|  |TAMS 0x000000072b000000, 0x000000072b000000| Untracked 
|  70|0x000000072b200000, 0x000000072b200000, 0x000000072b400000|  0%| F|  |TAMS 0x000000072b200000, 0x000000072b200000| Untracked 
|  71|0x000000072b400000, 0x000000072b400000, 0x000000072b600000|  0%| F|  |TAMS 0x000000072b400000, 0x000000072b400000| Untracked 
|  72|0x000000072b600000, 0x000000072b600000, 0x000000072b800000|  0%| F|  |TAMS 0x000000072b600000, 0x000000072b600000| Untracked 
|  73|0x000000072b800000, 0x000000072b800000, 0x000000072ba00000|  0%| F|  |TAMS 0x000000072b800000, 0x000000072b800000| Untracked 
|  74|0x000000072ba00000, 0x000000072ba00000, 0x000000072bc00000|  0%| F|  |TAMS 0x000000072ba00000, 0x000000072ba00000| Untracked 
|  75|0x000000072bc00000, 0x000000072bc00000, 0x000000072be00000|  0%| F|  |TAMS 0x000000072bc00000, 0x000000072bc00000| Untracked 
|  76|0x000000072be00000, 0x000000072be00000, 0x000000072c000000|  0%| F|  |TAMS 0x000000072be00000, 0x000000072be00000| Untracked 
|  77|0x000000072c000000, 0x000000072c000000, 0x000000072c200000|  0%| F|  |TAMS 0x000000072c000000, 0x000000072c000000| Untracked 
|  78|0x000000072c200000, 0x000000072c200000, 0x000000072c400000|  0%| F|  |TAMS 0x000000072c200000, 0x000000072c200000| Untracked 
|  79|0x000000072c400000, 0x000000072c400000, 0x000000072c600000|  0%| F|  |TAMS 0x000000072c400000, 0x000000072c400000| Untracked 
|  80|0x000000072c600000, 0x000000072c600000, 0x000000072c800000|  0%| F|  |TAMS 0x000000072c600000, 0x000000072c600000| Untracked 
|  81|0x000000072c800000, 0x000000072c800000, 0x000000072ca00000|  0%| F|  |TAMS 0x000000072c800000, 0x000000072c800000| Untracked 
|  82|0x000000072ca00000, 0x000000072ca00000, 0x000000072cc00000|  0%| F|  |TAMS 0x000000072ca00000, 0x000000072ca00000| Untracked 
|  83|0x000000072cc00000, 0x000000072cc00000, 0x000000072ce00000|  0%| F|  |TAMS 0x000000072cc00000, 0x000000072cc00000| Untracked 
|  84|0x000000072ce00000, 0x000000072ce00000, 0x000000072d000000|  0%| F|  |TAMS 0x000000072ce00000, 0x000000072ce00000| Untracked 
|  85|0x000000072d000000, 0x000000072d000000, 0x000000072d200000|  0%| F|  |TAMS 0x000000072d000000, 0x000000072d000000| Untracked 
|  86|0x000000072d200000, 0x000000072d200000, 0x000000072d400000|  0%| F|  |TAMS 0x000000072d200000, 0x000000072d200000| Untracked 
|  87|0x000000072d400000, 0x000000072d400000, 0x000000072d600000|  0%| F|  |TAMS 0x000000072d400000, 0x000000072d400000| Untracked 
|  88|0x000000072d600000, 0x000000072d600000, 0x000000072d800000|  0%| F|  |TAMS 0x000000072d600000, 0x000000072d600000| Untracked 
|  89|0x000000072d800000, 0x000000072d800000, 0x000000072da00000|  0%| F|  |TAMS 0x000000072d800000, 0x000000072d800000| Untracked 
|  90|0x000000072da00000, 0x000000072da00000, 0x000000072dc00000|  0%| F|  |TAMS 0x000000072da00000, 0x000000072da00000| Untracked 
|  91|0x000000072dc00000, 0x000000072dc00000, 0x000000072de00000|  0%| F|  |TAMS 0x000000072dc00000, 0x000000072dc00000| Untracked 
|  92|0x000000072de00000, 0x000000072de00000, 0x000000072e000000|  0%| F|  |TAMS 0x000000072de00000, 0x000000072de00000| Untracked 
|  93|0x000000072e000000, 0x000000072e000000, 0x000000072e200000|  0%| F|  |TAMS 0x000000072e000000, 0x000000072e000000| Untracked 
|  94|0x000000072e200000, 0x000000072e200000, 0x000000072e400000|  0%| F|  |TAMS 0x000000072e200000, 0x000000072e200000| Untracked 
|  95|0x000000072e400000, 0x000000072e400000, 0x000000072e600000|  0%| F|  |TAMS 0x000000072e400000, 0x000000072e400000| Untracked 
|  96|0x000000072e600000, 0x000000072e600000, 0x000000072e800000|  0%| F|  |TAMS 0x000000072e600000, 0x000000072e600000| Untracked 
|  97|0x000000072e800000, 0x000000072e800000, 0x000000072ea00000|  0%| F|  |TAMS 0x000000072e800000, 0x000000072e800000| Untracked 
|  98|0x000000072ea00000, 0x000000072ea00000, 0x000000072ec00000|  0%| F|  |TAMS 0x000000072ea00000, 0x000000072ea00000| Untracked 
|  99|0x000000072ec00000, 0x000000072ec00000, 0x000000072ee00000|  0%| F|  |TAMS 0x000000072ec00000, 0x000000072ec00000| Untracked 
| 100|0x000000072ee00000, 0x000000072ee00000, 0x000000072f000000|  0%| F|  |TAMS 0x000000072ee00000, 0x000000072ee00000| Untracked 
| 101|0x000000072f000000, 0x000000072f000000, 0x000000072f200000|  0%| F|  |TAMS 0x000000072f000000, 0x000000072f000000| Untracked 
| 102|0x000000072f200000, 0x000000072f200000, 0x000000072f400000|  0%| F|  |TAMS 0x000000072f200000, 0x000000072f200000| Untracked 
| 103|0x000000072f400000, 0x000000072f400000, 0x000000072f600000|  0%| F|  |TAMS 0x000000072f400000, 0x000000072f400000| Untracked 
| 104|0x000000072f600000, 0x000000072f600000, 0x000000072f800000|  0%| F|  |TAMS 0x000000072f600000, 0x000000072f600000| Untracked 
| 105|0x000000072f800000, 0x000000072f8e1cc0, 0x000000072fa00000| 44%| E|  |TAMS 0x000000072f800000, 0x000000072f800000| Complete 
| 106|0x000000072fa00000, 0x000000072fc00000, 0x000000072fc00000|100%| E|CS|TAMS 0x000000072fa00000, 0x000000072fa00000| Complete 
| 107|0x000000072fc00000, 0x000000072fe00000, 0x000000072fe00000|100%| E|CS|TAMS 0x000000072fc00000, 0x000000072fc00000| Complete 
| 108|0x000000072fe00000, 0x0000000730000000, 0x0000000730000000|100%| E|CS|TAMS 0x000000072fe00000, 0x000000072fe00000| Complete 
| 109|0x0000000730000000, 0x0000000730200000, 0x0000000730200000|100%| E|  |TAMS 0x0000000730000000, 0x0000000730000000| Complete 
| 110|0x0000000730200000, 0x0000000730400000, 0x0000000730400000|100%| E|CS|TAMS 0x0000000730200000, 0x0000000730200000| Complete 

Card table byte_map: [0x00000202df100000,0x00000202df7f0000] _byte_map_base: 0x00000202db7ed000

Marking Bits (Prev, Next): (CMBitMap*) 0x00000202c7290850, (CMBitMap*) 0x00000202c7290890
 Prev Bits: [0x00000202dfee0000, 0x00000202e3648000)
 Next Bits: [0x00000202e3650000, 0x00000202e6db8000)

Polling page: 0x00000202c69e0000

Metaspace:

Usage:
  Non-class:      2.30 MB used.
      Class:    222.63 KB used.
       Both:      2.52 MB used.

Virtual space:
  Non-class space:       64.00 MB reserved,       2.44 MB (  4%) committed,  1 nodes.
      Class space:        1.00 GB reserved,     320.00 KB ( <1%) committed,  1 nodes.
             Both:        1.06 GB reserved,       2.75 MB ( <1%) committed. 

Chunk freelists:
   Non-Class:  3.56 MB
       Class:  3.67 MB
        Both:  7.23 MB

MaxMetaspaceSize: unlimited
CompressedClassSpaceSize: 1.00 GB
Initial GC threshold: 21.00 MB
Current GC threshold: 21.00 MB
CDS: on
MetaspaceReclaimPolicy: balanced
 - commit_granule_bytes: 65536.
 - commit_granule_words: 8192.
 - virtual_space_node_default_size: 8388608.
 - enlarge_chunks_in_place: 1.
 - new_chunks_are_fully_committed: 0.
 - uncommit_free_chunks: 1.
 - use_allocation_guard: 0.


Internal statistics:

num_allocs_failed_limit: 0.
num_arena_births: 30.
num_arena_deaths: 0.
num_vsnodes_births: 2.
num_vsnodes_deaths: 0.
num_space_committed: 44.
num_space_uncommitted: 0.
num_chunks_returned_to_freelist: 0.
num_chunks_taken_from_freelist: 66.
num_chunk_merges: 0.
num_chunk_splits: 38.
num_chunks_enlarged: 24.
num_inconsistent_stats: 0.

CodeHeap 'non-profiled nmethods': size=119168Kb used=237Kb max_used=237Kb free=118930Kb
 bounds [0x00000202d6d10000, 0x00000202d6f80000, 0x00000202de170000]
CodeHeap 'profiled nmethods': size=119104Kb used=1217Kb max_used=1217Kb free=117886Kb
 bounds [0x00000202cf170000, 0x00000202cf3e0000, 0x00000202d65c0000]
CodeHeap 'non-nmethods': size=7488Kb used=1241Kb max_used=2938Kb free=6246Kb
 bounds [0x00000202d65c0000, 0x00000202d68b0000, 0x00000202d6d10000]
 total_blobs=1220 nmethods=771 adapters=360
 compilation: enabled
              stopped_count=0, restarted_count=0
 full_count=0

Compilation events (20 events):
Event: 1.091 Thread 0x00000202ee00ff30  762       3       java.lang.StringLatin1::compareTo (14 bytes)
Event: 1.091 Thread 0x00000202ee10b590 nmethod 763 0x00000202cf29dd10 code [0x00000202cf29dee0, 0x00000202cf29e2b8]
Event: 1.091 Thread 0x00000202ee10b590  764       3       java.util.Map$Entry$$Lambda$41/0x00000008010660a0::compare (12 bytes)
Event: 1.091 Thread 0x00000202ee00ff30 nmethod 762 0x00000202cf29e490 code [0x00000202cf29e640, 0x00000202cf29e768]
Event: 1.091 Thread 0x00000202ee00ff30  765       3       java.util.Map$Entry::lambda$comparingByKey$bbdbfea9$1 (21 bytes)
Event: 1.091 Thread 0x00000202ee10b590 nmethod 764 0x00000202cf29e890 code [0x00000202cf29ea80, 0x00000202cf29f188]
Event: 1.091 Thread 0x00000202ee00ff30 nmethod 765 0x00000202cf29f310 code [0x00000202cf29f4e0, 0x00000202cf29f948]
Event: 1.091 Thread 0x00000202ee00ff30  766       3       java.lang.StringBuilder::<init> (6 bytes)
Event: 1.091 Thread 0x00000202ee00ff30 nmethod 766 0x00000202cf29fa90 code [0x00000202cf29fc40, 0x00000202cf29fd88]
Event: 1.091 Thread 0x00000202ee0079a0 nmethod 757 0x00000202d6d49a10 code [0x00000202d6d49ba0, 0x00000202d6d49db8]
Event: 1.091 Thread 0x00000202ee0079a0  767       4       java.lang.AbstractStringBuilder::append (77 bytes)
Event: 1.092 Thread 0x00000202ee10b590  770       2       jdk.internal.misc.InternalLock::unlock (8 bytes)
Event: 1.092 Thread 0x00000202ee10b590 nmethod 770 0x00000202cf29fe10 code [0x00000202cf29ffc0, 0x00000202cf2a0178]
Event: 1.092 Thread 0x00000202ee10b590  771       3       java.util.ArrayList$Itr::hasNext (20 bytes)
Event: 1.092 Thread 0x00000202ee10b590 nmethod 771 0x00000202cf2a0290 code [0x00000202cf2a0420, 0x00000202cf2a0598]
Event: 1.097 Thread 0x00000202ee0079a0 nmethod 767 0x00000202d6d49f10 code [0x00000202d6d4a0e0, 0x00000202d6d4a630]
Event: 1.097 Thread 0x00000202ee0079a0  769       4       jdk.internal.misc.InternalLock::lock (8 bytes)
Event: 1.098 Thread 0x00000202ee0079a0 nmethod 769 0x00000202d6d4a890 code [0x00000202d6d4aa20, 0x00000202d6d4abf8]
Event: 1.099 Thread 0x00000202ee0079a0  768       4       java.lang.StringBuilder::append (8 bytes)
Event: 1.103 Thread 0x00000202ee0079a0 nmethod 768 0x00000202d6d4ad10 code [0x00000202d6d4aee0, 0x00000202d6d4b430]

GC Heap History (0 events):
No events

Dll operation events (13 events):
Event: 0.012 Loaded shared library C:\Users\koenl\.jdks\openjdk-19.0.2\bin\java.dll
Event: 0.026 Loaded shared library C:\Users\koenl\.jdks\openjdk-19.0.2\bin\jsvml.dll
Event: 0.140 Loaded shared library C:\Users\koenl\.jdks\openjdk-19.0.2\bin\zip.dll
Event: 0.143 Loaded shared library C:\Users\koenl\.jdks\openjdk-19.0.2\bin\instrument.dll
Event: 0.152 Loaded shared library C:\Users\koenl\.jdks\openjdk-19.0.2\bin\net.dll
Event: 0.155 Loaded shared library C:\Users\koenl\.jdks\openjdk-19.0.2\bin\nio.dll
Event: 0.159 Loaded shared library C:\Users\koenl\.jdks\openjdk-19.0.2\bin\zip.dll
Event: 0.219 Loaded shared library C:\Program Files\JetBrains\IntelliJ IDEA 2022.2.1\bin\breakgen64.dll
Event: 0.224 Loaded shared library C:\Users\koenl\.jdks\openjdk-19.0.2\bin\verify.dll
Event: 0.230 Loaded shared library C:\Users\koenl\.jdks\openjdk-19.0.2\bin\extnet.dll
Event: 0.231 Loaded shared library C:\Users\koenl\.jdks\openjdk-19.0.2\bin\jimage.dll
Event: 0.376 Loaded shared library D:\DeltaProto\mohican\InspectorCamera.dll
Event: 0.378 Loaded shared library D:\Stage\Instasllation\Lib\EDSDKv131800W\EDSDKv131800W\Windows\EDSDK_64\Dll\EDSDK.dll

Deoptimization events (20 events):
Event: 0.378 Thread 0x00000202c7229830 Uncommon trap: trap_request=0xffffff45 fr.pc=0x00000202d6d37870 relative=0x0000000000000150
Event: 0.378 Thread 0x00000202c7229830 Uncommon trap: reason=unstable_if action=reinterpret pc=0x00000202d6d37870 method=java.util.concurrent.locks.ReentrantLock$NonfairSync.initialTryLock()Z @ 10 c2
Event: 0.378 Thread 0x00000202c7229830 DEOPT PACKING pc=0x00000202d6d37870 sp=0x0000008710bff420
Event: 0.378 Thread 0x00000202c7229830 DEOPT UNPACKING pc=0x00000202d6626da3 sp=0x0000008710bff2b0 mode 2
Event: 0.378 Thread 0x00000202c7229830 Uncommon trap: trap_request=0xffffff45 fr.pc=0x00000202d6d37c7c relative=0x00000000000000dc
Event: 0.378 Thread 0x00000202c7229830 Uncommon trap: reason=unstable_if action=reinterpret pc=0x00000202d6d37c7c method=java.util.concurrent.locks.ReentrantLock$Sync.tryRelease(I)Z @ 26 c2
Event: 0.378 Thread 0x00000202c7229830 DEOPT PACKING pc=0x00000202d6d37c7c sp=0x0000008710bff410
Event: 0.378 Thread 0x00000202c7229830 DEOPT UNPACKING pc=0x00000202d6626da3 sp=0x0000008710bff2a0 mode 2
Event: 0.378 Thread 0x00000202c7229830 Uncommon trap: trap_request=0xffffff45 fr.pc=0x00000202d6d33064 relative=0x0000000000000144
Event: 0.378 Thread 0x00000202c7229830 Uncommon trap: reason=unstable_if action=reinterpret pc=0x00000202d6d33064 method=java.util.concurrent.locks.ReentrantLock$NonfairSync.initialTryLock()Z @ 10 c2
Event: 0.378 Thread 0x00000202c7229830 DEOPT PACKING pc=0x00000202d6d33064 sp=0x0000008710bff370
Event: 0.378 Thread 0x00000202c7229830 DEOPT UNPACKING pc=0x00000202d6626da3 sp=0x0000008710bff318 mode 2
Event: 0.378 Thread 0x00000202c7229830 Uncommon trap: trap_request=0xffffff45 fr.pc=0x00000202d6d323e8 relative=0x00000000000000c8
Event: 0.378 Thread 0x00000202c7229830 Uncommon trap: reason=unstable_if action=reinterpret pc=0x00000202d6d323e8 method=java.util.concurrent.locks.ReentrantLock$Sync.tryRelease(I)Z @ 26 c2
Event: 0.378 Thread 0x00000202c7229830 DEOPT PACKING pc=0x00000202d6d323e8 sp=0x0000008710bff370
Event: 0.378 Thread 0x00000202c7229830 DEOPT UNPACKING pc=0x00000202d6626da3 sp=0x0000008710bff310 mode 2
Event: 1.074 Thread 0x00000202e96c5b00 Uncommon trap: trap_request=0xffffff45 fr.pc=0x00000202d6d409dc relative=0x000000000000075c
Event: 1.074 Thread 0x00000202e96c5b00 Uncommon trap: reason=unstable_if action=reinterpret pc=0x00000202d6d409dc method=java.util.regex.Pattern$BmpCharPropertyGreedy.match(Ljava/util/regex/Matcher;ILjava/lang/CharSequence;)Z @ 12 c2
Event: 1.074 Thread 0x00000202e96c5b00 DEOPT PACKING pc=0x00000202d6d409dc sp=0x00000087115fe890
Event: 1.074 Thread 0x00000202e96c5b00 DEOPT UNPACKING pc=0x00000202d6626da3 sp=0x00000087115fe768 mode 2

Classes loaded (20 events):
Event: 1.080 Loading class java/time/zone/Ser
Event: 1.080 Loading class java/io/Externalizable
Event: 1.080 Loading class java/io/Externalizable done
Event: 1.080 Loading class java/time/zone/Ser done
Event: 1.081 Loading class java/time/Month
Event: 1.081 Loading class java/time/Month done
Event: 1.081 Loading class java/time/DayOfWeek
Event: 1.081 Loading class java/time/DayOfWeek done
Event: 1.081 Loading class java/time/zone/ZoneOffsetTransitionRule$TimeDefinition
Event: 1.081 Loading class java/time/zone/ZoneOffsetTransitionRule$TimeDefinition done
Event: 1.082 Loading class java/time/zone/ZoneOffsetTransition
Event: 1.082 Loading class java/time/zone/ZoneOffsetTransition done
Event: 1.083 Loading class sun/util/cldr/CLDRBaseLocaleDataMetaInfo$TZCanonicalIDMapHolder
Event: 1.084 Loading class sun/util/cldr/CLDRBaseLocaleDataMetaInfo$TZCanonicalIDMapHolder done
Event: 1.085 Loading class sun/util/resources/TimeZoneNames
Event: 1.085 Loading class sun/util/resources/TimeZoneNames done
Event: 1.085 Loading class sun/util/resources/TimeZoneNames_en
Event: 1.086 Loading class sun/util/resources/TimeZoneNames_en done
Event: 3.866 Loading class java/util/regex/Pattern$1
Event: 3.866 Loading class java/util/regex/Pattern$1 done

Classes unloaded (0 events):
No events

Classes redefined (0 events):
No events

Internal exceptions (7 events):
Event: 0.209 Thread 0x00000202c7229830 Exception <a 'java/lang/NoSuchMethodError'{0x000000072ffb3cb8}: 'void java.lang.invoke.DirectMethodHandle$Holder.invokeStatic(java.lang.Object, java.lang.Object, java.lang.Object)'> (0x000000072ffb3cb8) 
thrown [s\open\src\hotspot\share\interpreter\linkResolver.cpp, line 774]
Event: 0.214 Thread 0x00000202c7229830 Exception <a 'java/lang/NoSuchMethodError'{0x000000072ffcc600}: 'java.lang.Object java.lang.invoke.Invokers$Holder.invokeExact_MT(java.lang.Object, java.lang.Object, java.lang.Object, java.lang.Object, java.lang.Object)'> (0x000000072ffcc600) 
thrown [s\open\src\hotspot\share\interpreter\linkResolver.cpp, line 774]
Event: 0.232 Thread 0x00000202e96cdbd0 Exception <a 'java/lang/NoSuchMethodError'{0x000000072fc07b00}: 'void java.lang.invoke.DirectMethodHandle$Holder.invokeStatic(java.lang.Object, java.lang.Object)'> (0x000000072fc07b00) 
thrown [s\open\src\hotspot\share\interpreter\linkResolver.cpp, line 774]
Event: 0.276 Thread 0x00000202c7229830 Exception <a 'java/lang/ClassNotFoundException'{0x000000072fd088e8}: javax/smartcardio/CardPermission> (0x000000072fd088e8) 
thrown [s\open\src\hotspot\share\classfile\systemDictionary.cpp, line 255]
Event: 0.280 Thread 0x00000202c7229830 Exception <a 'java/io/FileNotFoundException'{0x000000072fd16740}> (0x000000072fd16740) 
thrown [s\open\src\hotspot\share\prims\jni.cpp, line 517]
Event: 0.367 Thread 0x00000202c7229830 Exception <a 'java/lang/NoSuchMethodError'{0x000000072fb7e948}: 'org.slf4j.impl.StaticMDCBinder org.slf4j.impl.StaticMDCBinder.getSingleton()'> (0x000000072fb7e948) 
thrown [s\open\src\hotspot\share\interpreter\linkResolver.cpp, line 774]
Event: 1.087 Thread 0x00000202e96c5b00 Exception <a 'java/lang/NoSuchMethodError'{0x000000072f875fa0}: 'java.lang.Object java.lang.invoke.Invokers$Holder.invokeExact_MT(java.lang.Object, java.lang.Object, java.lang.Object, java.lang.Object, java.lang.Object, java.lang.Object)'> (0x000000072f875fa0) 
thrown [s\open\src\hotspot\share\interpreter\linkResolver.cpp, line 774]

VM Operations (10 events):
Event: 0.123 Executing VM operation: HandshakeAllThreads
Event: 0.124 Executing VM operation: HandshakeAllThreads done
Event: 0.223 Executing VM operation: HandshakeAllThreads
Event: 0.223 Executing VM operation: HandshakeAllThreads done
Event: 0.338 Executing VM operation: HandshakeAllThreads
Event: 0.338 Executing VM operation: HandshakeAllThreads done
Event: 0.368 Executing VM operation: HandshakeAllThreads
Event: 0.368 Executing VM operation: HandshakeAllThreads done
Event: 1.376 Executing VM operation: Cleanup
Event: 1.376 Executing VM operation: Cleanup done

Events (20 events):
Event: 0.043 Thread 0x00000202e96bec30 Thread added: 0x00000202e96bec30
Event: 0.043 Thread 0x00000202e96bf630 Thread added: 0x00000202e96bf630
Event: 0.043 Thread 0x00000202e96c23a0 Thread added: 0x00000202e96c23a0
Event: 0.043 Thread 0x00000202e96c5b00 Thread added: 0x00000202e96c5b00
Event: 0.044 Thread 0x00000202e96c8260 Thread added: 0x00000202e96c8260
Event: 0.044 Thread 0x00000202e96ccbe0 Thread added: 0x00000202e96ccbe0
Event: 0.044 Thread 0x00000202ee0079a0 Thread added: 0x00000202ee0079a0
Event: 0.044 Thread 0x00000202ee00ff30 Thread added: 0x00000202ee00ff30
Event: 0.044 Thread 0x00000202e96cbbf0 Thread added: 0x00000202e96cbbf0
Event: 0.113 Thread 0x00000202e96cc140 Thread added: 0x00000202e96cc140
Event: 0.123 Thread 0x00000202ee10b590 Thread added: 0x00000202ee10b590
Event: 0.125 Thread 0x00000202ee117b10 Thread added: 0x00000202ee117b10
Event: 0.188 Thread 0x00000202ee252140 Thread added: 0x00000202ee252140
Event: 0.220 Thread 0x00000202e96cdbd0 Thread added: 0x00000202e96cdbd0
Event: 0.220 Thread 0x00000202e96cb150 Thread added: 0x00000202e96cb150
Event: 0.329 Thread 0x00000202ee60a750 Thread added: 0x00000202ee60a750
Event: 1.070 Thread 0x00000202ee252140 Thread exited: 0x00000202ee252140
Event: 1.070 Thread 0x00000202ee60a750 Thread exited: 0x00000202ee60a750
Event: 1.071 Thread 0x00000202ee117b10 Thread exited: 0x00000202ee117b10
Event: 6.094 Thread 0x00000202ee10b590 Thread exited: 0x00000202ee10b590


Dynamic libraries:
0x00007ff6aff60000 - 0x00007ff6aff6e000 	C:\Users\koenl\.jdks\openjdk-19.0.2\bin\java.exe
0x00007ffd55890000 - 0x00007ffd55aa7000 	C:\WINDOWS\SYSTEM32\ntdll.dll
0x00007ffd54a40000 - 0x00007ffd54b04000 	C:\WINDOWS\System32\KERNEL32.DLL
0x00007ffd52d70000 - 0x00007ffd53117000 	C:\WINDOWS\System32\KERNELBASE.dll
0x00007ffd52bb0000 - 0x00007ffd52cc1000 	C:\WINDOWS\System32\ucrtbase.dll
0x00007ffd3f9c0000 - 0x00007ffd3f9d7000 	C:\Users\koenl\.jdks\openjdk-19.0.2\bin\jli.dll
0x00007ffd3f560000 - 0x00007ffd3f57b000 	C:\Users\koenl\.jdks\openjdk-19.0.2\bin\VCRUNTIME140.dll
0x00007ffd54890000 - 0x00007ffd54a3e000 	C:\WINDOWS\System32\USER32.dll
0x00007ffd51f10000 - 0x00007ffd521a3000 	C:\WINDOWS\WinSxS\amd64_microsoft.windows.common-controls_6595b64144ccf1df_6.0.22621.3527_none_270e469b73872a76\COMCTL32.dll
0x00007ffd53120000 - 0x00007ffd53146000 	C:\WINDOWS\System32\win32u.dll
0x00007ffd54c30000 - 0x00007ffd54cd7000 	C:\WINDOWS\System32\msvcrt.dll
0x00007ffd555b0000 - 0x00007ffd555d9000 	C:\WINDOWS\System32\GDI32.dll
0x00007ffd532b0000 - 0x00007ffd533c9000 	C:\WINDOWS\System32\gdi32full.dll
0x00007ffd53210000 - 0x00007ffd532aa000 	C:\WINDOWS\System32\msvcp_win.dll
0x00007ffd55660000 - 0x00007ffd55691000 	C:\WINDOWS\System32\IMM32.DLL
0x00007ffd423c0000 - 0x00007ffd423cc000 	C:\Users\koenl\.jdks\openjdk-19.0.2\bin\vcruntime140_1.dll
0x00007ffd26ae0000 - 0x00007ffd26b6e000 	C:\Users\koenl\.jdks\openjdk-19.0.2\bin\msvcp140.dll
0x00007ffc77ce0000 - 0x00007ffc789a0000 	C:\Users\koenl\.jdks\openjdk-19.0.2\bin\server\jvm.dll
0x00007ffd53e20000 - 0x00007ffd53ed2000 	C:\WINDOWS\System32\ADVAPI32.dll
0x00007ffd547e0000 - 0x00007ffd54888000 	C:\WINDOWS\System32\sechost.dll
0x00007ffd52d40000 - 0x00007ffd52d68000 	C:\WINDOWS\System32\bcrypt.dll
0x00007ffd53c50000 - 0x00007ffd53d65000 	C:\WINDOWS\System32\RPCRT4.dll
0x00007ffd49390000 - 0x00007ffd493c4000 	C:\WINDOWS\SYSTEM32\WINMM.dll
0x00007ffd1f5d0000 - 0x00007ffd1f5d9000 	C:\WINDOWS\SYSTEM32\WSOCK32.dll
0x00007ffd48340000 - 0x00007ffd4834a000 	C:\WINDOWS\SYSTEM32\VERSION.dll
0x00007ffd555e0000 - 0x00007ffd55651000 	C:\WINDOWS\System32\WS2_32.dll
0x00007ffd51360000 - 0x00007ffd51378000 	C:\WINDOWS\SYSTEM32\kernel.appcore.dll
0x00007ffd3f680000 - 0x00007ffd3f68a000 	C:\Users\koenl\.jdks\openjdk-19.0.2\bin\jimage.dll
0x00007ffd52510000 - 0x00007ffd52742000 	C:\WINDOWS\SYSTEM32\DBGHELP.DLL
0x00007ffd53760000 - 0x00007ffd53ae8000 	C:\WINDOWS\System32\combase.dll
0x00007ffd556a0000 - 0x00007ffd55777000 	C:\WINDOWS\System32\OLEAUT32.dll
0x00007ffd523b0000 - 0x00007ffd523e2000 	C:\WINDOWS\SYSTEM32\dbgcore.DLL
0x00007ffd53540000 - 0x00007ffd535b9000 	C:\WINDOWS\System32\bcryptPrimitives.dll
0x00007ffd3da80000 - 0x00007ffd3da8e000 	C:\Users\koenl\.jdks\openjdk-19.0.2\bin\instrument.dll
0x00007ffd325d0000 - 0x00007ffd325f6000 	C:\Users\koenl\.jdks\openjdk-19.0.2\bin\java.dll
0x00007ffd26a00000 - 0x00007ffd26ad7000 	C:\Users\koenl\.jdks\openjdk-19.0.2\bin\jsvml.dll
0x00007ffd54ce0000 - 0x00007ffd5553c000 	C:\WINDOWS\System32\SHELL32.dll
0x00007ffd500d0000 - 0x00007ffd509c6000 	C:\WINDOWS\SYSTEM32\windows.storage.dll
0x00007ffd4ff90000 - 0x00007ffd500ce000 	C:\WINDOWS\SYSTEM32\wintypes.dll
0x00007ffd54520000 - 0x00007ffd54615000 	C:\WINDOWS\System32\SHCORE.dll
0x00007ffd55780000 - 0x00007ffd557de000 	C:\WINDOWS\System32\shlwapi.dll
0x00007ffd52ae0000 - 0x00007ffd52b01000 	C:\WINDOWS\SYSTEM32\profapi.dll
0x00007ffd3d3f0000 - 0x00007ffd3d408000 	C:\Users\koenl\.jdks\openjdk-19.0.2\bin\zip.dll
0x00007ffd3d200000 - 0x00007ffd3d213000 	C:\Users\koenl\.jdks\openjdk-19.0.2\bin\net.dll
0x00007ffd4ac10000 - 0x00007ffd4ad46000 	C:\WINDOWS\SYSTEM32\WINHTTP.dll
0x00007ffd517a0000 - 0x00007ffd51809000 	C:\WINDOWS\system32\mswsock.dll
0x00007ffd3c140000 - 0x00007ffd3c156000 	C:\Users\koenl\.jdks\openjdk-19.0.2\bin\nio.dll
0x00007ffd3bfe0000 - 0x00007ffd3bffa000 	C:\Program Files\JetBrains\IntelliJ IDEA 2022.2.1\bin\breakgen64.dll
0x00007ffd3d100000 - 0x00007ffd3d110000 	C:\Users\koenl\.jdks\openjdk-19.0.2\bin\verify.dll
0x00007ffd3c9a0000 - 0x00007ffd3c9a8000 	C:\Users\koenl\.jdks\openjdk-19.0.2\bin\extnet.dll
0x00007ffd3b6e0000 - 0x00007ffd3b6fa000 	D:\DeltaProto\mohican\InspectorCamera.dll
0x00007ffcab220000 - 0x00007ffcab37b000 	D:\Stage\Instasllation\Lib\EDSDKv131800W\EDSDKv131800W\Windows\EDSDK_64\Dll\EDSDK.dll
0x00007ffd53ef0000 - 0x00007ffd54364000 	C:\WINDOWS\System32\SETUPAPI.dll
0x00007ffd54370000 - 0x00007ffd54515000 	C:\WINDOWS\System32\ole32.dll
0x00007ffd4eb50000 - 0x00007ffd4ebfb000 	C:\WINDOWS\system32\uxtheme.dll
0x00007ffd53af0000 - 0x00007ffd53c43000 	C:\WINDOWS\System32\MSCTF.dll
0x00007ffd528b0000 - 0x00007ffd528fe000 	C:\WINDOWS\SYSTEM32\cfgmgr32.dll
0x00007ffd53d70000 - 0x00007ffd53e20000 	C:\WINDOWS\System32\clbcatq.dll
0x00007ffd4f140000 - 0x00007ffd4f1de000 	C:\Windows\System32\PortableDeviceApi.dll
0x00007ffd52860000 - 0x00007ffd5288c000 	C:\WINDOWS\SYSTEM32\DEVOBJ.dll
0x00007ffd52cd0000 - 0x00007ffd52d3b000 	C:\WINDOWS\System32\WINTRUST.dll
0x00007ffd533d0000 - 0x00007ffd53538000 	C:\WINDOWS\System32\CRYPT32.dll
0x00007ffd51aa0000 - 0x00007ffd51ab2000 	C:\WINDOWS\SYSTEM32\MSASN1.dll
0x00007ffd4f210000 - 0x00007ffd4f241000 	C:\Windows\System32\PortableDeviceTypes.dll
0x00007ffd4f300000 - 0x00007ffd4f401000 	C:\Windows\System32\PROPSYS.dll

dbghelp: loaded successfully - version: 4.0.5 - missing functions: none
symbol engine: initialized successfully - sym options: 0x614 - pdb path: .;C:\Users\koenl\.jdks\openjdk-19.0.2\bin;C:\WINDOWS\SYSTEM32;C:\WINDOWS\WinSxS\amd64_microsoft.windows.common-controls_6595b64144ccf1df_6.0.22621.3527_none_270e469b73872a76;C:\Users\koenl\.jdks\openjdk-19.0.2\bin\server;C:\Program Files\JetBrains\IntelliJ IDEA 2022.2.1\bin;D:\DeltaProto\mohican;D:\Stage\Instasllation\Lib\EDSDKv131800W\EDSDKv131800W\Windows\EDSDK_64\Dll

VM Arguments:
jvm_args: -javaagent:C:\Program Files\JetBrains\IntelliJ IDEA 2022.2.1\lib\idea_rt.jar=51707:C:\Program Files\JetBrains\IntelliJ IDEA 2022.2.1\bin -Dfile.encoding=UTF-8 -Dsun.stdout.encoding=UTF-8 -Dsun.stderr.encoding=UTF-8 
java_command: nl.bytesoflife.Inspector.CanonDriver
java_class_path (initial): D:\DeltaProto\mohican\target\classes;C:\Users\koenl\.m2\repository\org\springframework\boot\spring-boot-starter\2.7.11\spring-boot-starter-2.7.11.jar;C:\Users\koenl\.m2\repository\org\springframework\boot\spring-boot\2.7.11\spring-boot-2.7.11.jar;C:\Users\koenl\.m2\repository\org\springframework\spring-context\5.3.27\spring-context-5.3.27.jar;C:\Users\koenl\.m2\repository\org\springframework\spring-aop\5.3.27\spring-aop-5.3.27.jar;C:\Users\koenl\.m2\repository\org\springframework\spring-expression\5.3.27\spring-expression-5.3.27.jar;C:\Users\koenl\.m2\repository\org\springframework\boot\spring-boot-autoconfigure\2.7.11\spring-boot-autoconfigure-2.7.11.jar;C:\Users\koenl\.m2\repository\org\springframework\boot\spring-boot-starter-logging\2.7.11\spring-boot-starter-logging-2.7.11.jar;C:\Users\koenl\.m2\repository\ch\qos\logback\logback-classic\1.2.12\logback-classic-1.2.12.jar;C:\Users\koenl\.m2\repository\ch\qos\logback\logback-core\1.2.12\logback-core-1.2.12.jar;C:\Users\koenl\.m2\repository\org\apache\logging\log4j\log4j-to-slf4j\2.17.2\log4j-to-slf4j-2.17.2.jar;C:\Users\koenl\.m2\repository\org\apache\logging\log4j\log4j-api\2.17.2\log4j-api-2.17.2.jar;C:\Users\koenl\.m2\repository\org\slf4j\jul-to-slf4j\1.7.36\jul-to-slf4j-1.7.36.jar;C:\Users\koenl\.m2\repository\jakarta\annotation\jakarta.annotation-api\1.3.5\jakarta.annotation-api-1.3.5.jar;C:\Users\koenl\.m2\repository\org\springframework\spring-core\5.3.27\spring-core-5.3.27.jar;C:\Users\koenl\.m2\repository\org\springframework\spring-jcl\5.3.27\spring-jcl-5.3.27.jar;C:\Users\koenl\.m2\repository\org\yaml\snakeyaml\1.30\snakeyaml-1.30.jar;C:\Users\koenl\.m2\repository\org\springframework\boot\spring-boot-starter-websocket\2.7.11\spring-boot-starter-websocket-2.7.11.jar;C:\Users\koenl\.m2\repository\org\springframework\boot\spring-boot-starter-web\2.7.11\spring-boot-starter-web-2.7.11.jar;C:\Users\koenl\.m2\repository\org\springframework\boot\spring-boot-starter-json\2.7.11\spring-boot-starter-json-2.7.11.jar;C:\Users\koenl\.m2\repository\com\fasterxml\jackson\core\jackson-databind\2.13.5\jackson-databind-2.13.5.jar;C:\Users\koenl\.m2\repository\com\fasterxml\jackson\core\jackson-annotations\2.13.5\jackson-annotations-2.13.5.jar;C:\Users\koenl\.m2\repository\com\fasterxml\jackson\core\jackson-core\2.13.5\jackson-core-2.13.5.jar;C:\Users\koenl\.m2\repository\com\fasterxml\jackson\datatype\jackson-datatype-jdk8\2.13.5\jackson-datatype-jdk8-2.13.5.jar;C:\Users\koenl\.m2\repository\com\fasterxml\jackson\datatype\jackson-datatype-jsr310\2.13.5\jackson-datatype-jsr310-2.13.5.jar;C:\Users\koenl\.m2\repository\com\fasterxml\jackson\module\jackson-module-parameter-names\2.13.5\jackson-module-parameter-names-2.13.5.jar;C:\Users\koenl\.m2\repository\org\springframework\boot\spring-boot-starter-tomcat\2.7.11\spring-boot-starter-tomcat-2.7.11.jar;C:\Users\koenl\.m2\repository\org\apache\tomcat\embed\tomcat-embed-core\9.0.74\tomcat-embed-core-9.0.74.jar;C:\Users\koenl\.m2\repository\org\apache\tomcat\embed\tomcat-embed-el\9.0.74\tomcat-embed-el-9.0.74.jar;C:\Users\koenl\.m2\repository\org\apache\tomcat\embed\tomcat-embed-websocket\9.0.74\tomcat-embed-websocket-9.0.74.jar;C:\Users\koenl\.m2\repository\org\springframework\spring-web\5.3.27\spring-web-5.3.27.jar;C:\Users\koenl\.m2\repository\org\springframework\spring-webmvc\5.3.27\spring-webmvc-5.3.27.jar;C:\Users\koenl\.m2\repository\org\springframework\spring-messaging\5.3.27\spring-messaging-5.3.27.jar;C:\Users\koenl\.m2\repository\org\springframework\spring-beans\5.3.27\spring-beans-5.3.27.jar;C:\Users\koenl\.m2\repository\org\springframework\spring-websocket\5.3.27\spring-websocket-5.3.27.jar;C:\Users\koenl\.m2\repository\org\projectlombok\lombok\1.18.22\lombok-1.18.22.jar;C:\Users\koenl\.m2\repository\com\yuvimasory\orange-extensions\1.3.0\orange-extensions-1.3.0.jar;C:\Users\koenl\.m2\repository\io\github\java-native\jssc\2.9.4\jssc-2.9.4.jar;C:\Users\koenl\.m2\repository\org\scijava\native-lib-loader\2.3.6\native-lib-loader-2.3.6.jar;C:\Users\koenl\.m2\repository\org\slf4j\slf4j-api\1.7.36\slf4j-api-1.7.36.jar;C:\Users\koenl\.m2\repository\org\apache\poi\poi\3.15\poi-3.15.jar;C:\Users\koenl\.m2\repository\commons-codec\commons-codec\1.15\commons-codec-1.15.jar;C:\Users\koenl\.m2\repository\org\apache\commons\commons-collections4\4.1\commons-collections4-4.1.jar;C:\Users\koenl\.m2\repository\com\fazecast\jSerialComm\2.9.3\jSerialComm-2.9.3.jar
Launcher Type: SUN_STANDARD

[Global flags]
     intx CICompilerCount                          = 12                                        {product} {ergonomic}
     uint ConcGCThreads                            = 3                                         {product} {ergonomic}
     uint G1ConcRefinementThreads                  = 13                                        {product} {ergonomic}
   size_t G1HeapRegionSize                         = 2097152                                   {product} {ergonomic}
    uintx GCDrainStackTargetSize                   = 64                                        {product} {ergonomic}
   size_t InitialHeapSize                          = 232783872                                 {product} {ergonomic}
   size_t MarkStackSize                            = 4194304                                   {product} {ergonomic}
   size_t MaxHeapSize                              = 3718250496                                {product} {ergonomic}
   size_t MaxNewSize                               = 2229272576                                {product} {ergonomic}
   size_t MinHeapDeltaBytes                        = 2097152                                   {product} {ergonomic}
   size_t MinHeapSize                              = 8388608                                   {product} {ergonomic}
    uintx NonNMethodCodeHeapSize                   = 7602480                                {pd product} {ergonomic}
    uintx NonProfiledCodeHeapSize                  = 122027880                              {pd product} {ergonomic}
    uintx ProfiledCodeHeapSize                     = 122027880                              {pd product} {ergonomic}
    uintx ReservedCodeCacheSize                    = 251658240                              {pd product} {ergonomic}
     bool SegmentedCodeCache                       = true                                      {product} {ergonomic}
   size_t SoftMaxHeapSize                          = 3718250496                             {manageable} {ergonomic}
     bool UseCompressedClassPointers               = true                           {product lp64_product} {ergonomic}
     bool UseCompressedOops                        = true                           {product lp64_product} {ergonomic}
     bool UseG1GC                                  = true                                      {product} {ergonomic}
     bool UseLargePagesIndividualAllocation        = false                                  {pd product} {ergonomic}

Logging:
Log output configuration:
 #0: stdout all=warning uptime,level,tags foldmultilines=false
 #1: stderr all=off uptime,level,tags foldmultilines=false

Environment Variables:
PATH=C:\Program Files\Common Files\Oracle\Java\javapath;C:\Python312\Scripts\;C:\Python312\;C:\Program Files\Zulu\zulu-22\bin\;C:\Program Files (x86)\Common Files\Oracle\Java\javapath;C:\WINDOWS\system32;C:\WINDOWS;C:\WINDOWS\System32\Wbem;C:\WINDOWS\System32\WindowsPowerShell\v1.0\;C:\WINDOWS\System32\OpenSSH\;C:\bin;C:\Program Files\PuTTY\;C:\Program Files\dotnet\;C:\Program Files (x86)\Windows Kits\10\Windows Performance Toolkit\;C:\Program Files\nodejs\;C:\ProgramData\chocolatey\bin;C:\Program Files\Microchip\xc8\v2.36\bin;C:\Program Files\Microchip\xc8\v2.46\bin;C:\Program Files\Microchip\xc-dsc\v3.10\bin;C:\Program Files\Microchip\xc32\v4.40\bin;C:\Program Files\Git\cmd;C:\Users\koenl\AppData\Local\Microsoft\WindowsApps;C:\Users\koenl\AppData\Local\Programs\Microsoft VS Code\bin;C:\Users\koenl\AppData\Local\JetBrains\Toolbox\scripts;C:\Users\koenl\.dotnet\tools;C:\Users\koenl\AppData\Local\Google\Cloud SDK\google-cloud-sdk\bin;C:\Users\koenl\AppData\Roaming\npm;C:\MinGW\bin;C:\MinGW\mingw32\bin;D:\Stage\Instasllation\Lib\EDSDKv131800W\EDSDKv131800W\Windows\EDSDK_64\Dll;D:\Stage\InspectorCamera\Lib;
USERNAME=koenl
OS=Windows_NT
PROCESSOR_IDENTIFIER=AMD64 Family 25 Model 80 Stepping 0, AuthenticAMD
TMP=C:\Users\koenl\AppData\Local\Temp
TEMP=C:\Users\koenl\AppData\Local\Temp



---------------  S Y S T E M  ---------------

OS:
 Windows 11 , 64 bit Build 22621 (10.0.22621.3527)
OS uptime: 0 days 1:14 hours
Hyper-V role detected

CPU: total 16 (initial active 16) (16 cores per cpu, 2 threads per core) family 25 model 80 stepping 0 microcode 0x0, cx8, cmov, fxsr, ht, mmx, 3dnowpref, sse, sse2, sse3, ssse3, sse4a, sse4.1, sse4.2, popcnt, lzcnt, tsc, tscinvbit, avx, avx2, aes, erms, clmul, bmi1, bmi2, adx, sha, fma, vzeroupper, clflush, clflushopt, hv, rdtscp, rdpid, fsrm

Memory: 4k page, system-wide physical 14182M (1700M free)
TotalPageFile size 23398M (AvailPageFile size 3774M)
current process WorkingSet (physical memory assigned to process): 55M, peak: 57M
current process commit charge ("private bytes"): 331M, peak: 333M

vm_info: OpenJDK 64-Bit Server VM (19.0.2+7-44) for windows-amd64 JRE (19.0.2+7-44), built on 2022-11-30T18:02:09Z by "mach5one" with MS VC++ 17.1 (VS2022)

END.
